OpenSTA 2.4.0 41a51eaf4c Copyright (c) 2021, Parallax Software, Inc.
License GPLv3: GNU GPL version 3 <http://gnu.org/licenses/gpl.html>

This is free software, and you are free to change and redistribute it
under certain conditions; type `show_copying' for details. 
This program comes with ABSOLUTELY NO WARRANTY; for details type `show_warranty'.
define_corners Slowest Typical Fastest
read_liberty -corner Slowest /home/chittesh/.ciel/sky130A/libs.ref/sky130_fd_sc_hd/lib/sky130_fd_sc_hd__ss_100C_1v60.lib
read_liberty -corner Typical /home/chittesh/.ciel/sky130A/libs.ref/sky130_fd_sc_hd/lib/sky130_fd_sc_hd__tt_025C_1v80.lib
read_liberty -corner Fastest /home/chittesh/.ciel/sky130A/libs.ref/sky130_fd_sc_hd/lib/sky130_fd_sc_hd__ff_n40C_1v95.lib
Using 1e-12 for capacitance...
Using 1e+03 for resistance...
Using 1e-09 for time...
Using 1e+00 for voltage...
Using 1e-03 for current...
Using 1e-09 for power...
Using 1e-06 for distance...
Reading netlist '/openlane/designs/4bit_alu/runs/RUN_2025.08.12_07.29.39/results/routing/alu.nl.v'…
Warning: /openlane/designs/4bit_alu/runs/RUN_2025.08.12_07.29.39/results/routing/alu.nl.v line 277, module sky130_fd_sc_hd__tapvpwrvgnd_1 not found. Creating black box for TAP_26.
Warning: /openlane/designs/4bit_alu/runs/RUN_2025.08.12_07.29.39/results/routing/alu.nl.v line 323, module sky130_fd_sc_hd__fill_2 not found. Creating black box for FILLER_0_0_15.
Warning: /openlane/designs/4bit_alu/runs/RUN_2025.08.12_07.29.39/results/routing/alu.nl.v line 325, module sky130_ef_sc_hd__decap_12 not found. Creating black box for FILLER_0_0_29.
Warning: /openlane/designs/4bit_alu/runs/RUN_2025.08.12_07.29.39/results/routing/alu.nl.v line 328, module sky130_fd_sc_hd__fill_1 not found. Creating black box for FILLER_0_0_55.
Reading design constraints file at '/openlane/designs/4bit_alu/runs/RUN_2025.08.12_07.29.39/tmp/17-alu.sdc'…
min_report

===========================================================================
report_checks -path_delay min (Hold)
============================================================================
======================= Fastest Corner ===================================

Startpoint: sel[1] (input port clocked by clk)
Endpoint: Y[3] (output port clocked by clk)
Path Group: clk
Path Type: min
Corner: Fastest

Fanout     Cap    Slew   Delay    Time   Description
-----------------------------------------------------------------------------
                          0.00    0.00   clock clk (rise edge)
                          0.00    0.00   clock network delay (propagated)
                          2.00    2.00 ^ input external delay
                  0.01    0.01    2.01 ^ sel[1] (in)
     1    0.00                           sel[1] (net)
                  0.01    0.00    2.01 ^ input10/A (sky130_fd_sc_hd__clkbuf_2)
                  0.10    0.11    2.11 ^ input10/X (sky130_fd_sc_hd__clkbuf_2)
     5    0.02                           net10 (net)
                  0.10    0.00    2.11 ^ _91_/A1 (sky130_fd_sc_hd__a31o_1)
                  0.03    0.08    2.20 ^ _91_/X (sky130_fd_sc_hd__a31o_1)
     1    0.00                           net15 (net)
                  0.03    0.00    2.20 ^ output15/A (sky130_fd_sc_hd__clkbuf_4)
                  0.08    0.12    2.31 ^ output15/X (sky130_fd_sc_hd__clkbuf_4)
     1    0.03                           Y[3] (net)
                  0.08    0.00    2.31 ^ Y[3] (out)
                                  2.31   data arrival time

                          0.00    0.00   clock clk (rise edge)
                          0.00    0.00   clock network delay (propagated)
                          0.25    0.25   clock uncertainty
                          0.00    0.25   clock reconvergence pessimism
                         -2.00   -1.75   output external delay
                                 -1.75   data required time
-----------------------------------------------------------------------------
                                 -1.75   data required time
                                 -2.31   data arrival time
-----------------------------------------------------------------------------
                                  4.06   slack (MET)


Startpoint: A[0] (input port clocked by clk)
Endpoint: Y[0] (output port clocked by clk)
Path Group: clk
Path Type: min
Corner: Fastest

Fanout     Cap    Slew   Delay    Time   Description
-----------------------------------------------------------------------------
                          0.00    0.00   clock clk (rise edge)
                          0.00    0.00   clock network delay (propagated)
                          2.00    2.00 ^ input external delay
                  0.01    0.01    2.01 ^ A[0] (in)
     1    0.00                           A[0] (net)
                  0.01    0.00    2.01 ^ input1/A (sky130_fd_sc_hd__clkbuf_2)
                  0.12    0.11    2.12 ^ input1/X (sky130_fd_sc_hd__clkbuf_2)
     7    0.03                           net1 (net)
                  0.12    0.00    2.13 ^ _70_/A2 (sky130_fd_sc_hd__o211a_1)
                  0.03    0.08    2.21 ^ _70_/X (sky130_fd_sc_hd__o211a_1)
     1    0.00                           net12 (net)
                  0.03    0.00    2.21 ^ output12/A (sky130_fd_sc_hd__clkbuf_4)
                  0.08    0.12    2.33 ^ output12/X (sky130_fd_sc_hd__clkbuf_4)
     1    0.03                           Y[0] (net)
                  0.08    0.00    2.33 ^ Y[0] (out)
                                  2.33   data arrival time

                          0.00    0.00   clock clk (rise edge)
                          0.00    0.00   clock network delay (propagated)
                          0.25    0.25   clock uncertainty
                          0.00    0.25   clock reconvergence pessimism
                         -2.00   -1.75   output external delay
                                 -1.75   data required time
-----------------------------------------------------------------------------
                                 -1.75   data required time
                                 -2.33   data arrival time
-----------------------------------------------------------------------------
                                  4.08   slack (MET)


Startpoint: sel[0] (input port clocked by clk)
Endpoint: Y[2] (output port clocked by clk)
Path Group: clk
Path Type: min
Corner: Fastest

Fanout     Cap    Slew   Delay    Time   Description
-----------------------------------------------------------------------------
                          0.00    0.00   clock clk (rise edge)
                          0.00    0.00   clock network delay (propagated)
                          2.00    2.00 v input external delay
                  0.01    0.00    2.00 v sel[0] (in)
     1    0.00                           sel[0] (net)
                  0.01    0.00    2.00 v input9/A (sky130_fd_sc_hd__clkbuf_2)
                  0.06    0.09    2.09 v input9/X (sky130_fd_sc_hd__clkbuf_2)
     6    0.02                           net9 (net)
                  0.06    0.00    2.10 v _48_/B (sky130_fd_sc_hd__nand2_1)
                  0.09    0.10    2.19 ^ _48_/Y (sky130_fd_sc_hd__nand2_1)
     3    0.01                           _05_ (net)
                  0.09    0.00    2.20 ^ _85_/A1 (sky130_fd_sc_hd__o21bai_1)
                  0.02    0.05    2.24 v _85_/Y (sky130_fd_sc_hd__o21bai_1)
     1    0.00                           net14 (net)
                  0.02    0.00    2.24 v output14/A (sky130_fd_sc_hd__clkbuf_4)
                  0.06    0.11    2.36 v output14/X (sky130_fd_sc_hd__clkbuf_4)
     1    0.03                           Y[2] (net)
                  0.06    0.00    2.36 v Y[2] (out)
                                  2.36   data arrival time

                          0.00    0.00   clock clk (rise edge)
                          0.00    0.00   clock network delay (propagated)
                          0.25    0.25   clock uncertainty
                          0.00    0.25   clock reconvergence pessimism
                         -2.00   -1.75   output external delay
                                 -1.75   data required time
-----------------------------------------------------------------------------
                                 -1.75   data required time
                                 -2.36   data arrival time
-----------------------------------------------------------------------------
                                  4.11   slack (MET)


Startpoint: sel[0] (input port clocked by clk)
Endpoint: Y[1] (output port clocked by clk)
Path Group: clk
Path Type: min
Corner: Fastest

Fanout     Cap    Slew   Delay    Time   Description
-----------------------------------------------------------------------------
                          0.00    0.00   clock clk (rise edge)
                          0.00    0.00   clock network delay (propagated)
                          2.00    2.00 v input external delay
                  0.01    0.00    2.00 v sel[0] (in)
     1    0.00                           sel[0] (net)
                  0.01    0.00    2.00 v input9/A (sky130_fd_sc_hd__clkbuf_2)
                  0.06    0.09    2.09 v input9/X (sky130_fd_sc_hd__clkbuf_2)
     6    0.02                           net9 (net)
                  0.06    0.00    2.10 v _75_/B1 (sky130_fd_sc_hd__o21ai_1)
                  0.04    0.06    2.15 ^ _75_/Y (sky130_fd_sc_hd__o21ai_1)
     1    0.00                           _30_ (net)
                  0.04    0.00    2.15 ^ _78_/A1 (sky130_fd_sc_hd__a221o_1)
                  0.03    0.07    2.23 ^ _78_/X (sky130_fd_sc_hd__a221o_1)
     1    0.00                           _33_ (net)
                  0.03    0.00    2.23 ^ _79_/B (sky130_fd_sc_hd__nand2_1)
                  0.02    0.03    2.25 v _79_/Y (sky130_fd_sc_hd__nand2_1)
     1    0.00                           net13 (net)
                  0.02    0.00    2.25 v output13/A (sky130_fd_sc_hd__clkbuf_4)
                  0.06    0.11    2.36 v output13/X (sky130_fd_sc_hd__clkbuf_4)
     1    0.03                           Y[1] (net)
                  0.06    0.00    2.37 v Y[1] (out)
                                  2.37   data arrival time

                          0.00    0.00   clock clk (rise edge)
                          0.00    0.00   clock network delay (propagated)
                          0.25    0.25   clock uncertainty
                          0.00    0.25   clock reconvergence pessimism
                         -2.00   -1.75   output external delay
                                 -1.75   data required time
-----------------------------------------------------------------------------
                                 -1.75   data required time
                                 -2.37   data arrival time
-----------------------------------------------------------------------------
                                  4.12   slack (MET)



======================= Slowest Corner ===================================

Startpoint: sel[1] (input port clocked by clk)
Endpoint: Y[3] (output port clocked by clk)
Path Group: clk
Path Type: min
Corner: Slowest

Fanout     Cap    Slew   Delay    Time   Description
-----------------------------------------------------------------------------
                          0.00    0.00   clock clk (rise edge)
                          0.00    0.00   clock network delay (propagated)
                          2.00    2.00 ^ input external delay
                  0.03    0.02    2.02 ^ sel[1] (in)
     1    0.00                           sel[1] (net)
                  0.03    0.00    2.02 ^ input10/A (sky130_fd_sc_hd__clkbuf_2)
                  0.21    0.26    2.28 ^ input10/X (sky130_fd_sc_hd__clkbuf_2)
     5    0.02                           net10 (net)
                  0.21    0.00    2.28 ^ _91_/A1 (sky130_fd_sc_hd__a31o_1)
                  0.07    0.30    2.58 ^ _91_/X (sky130_fd_sc_hd__a31o_1)
     1    0.00                           net15 (net)
                  0.07    0.00    2.58 ^ output15/A (sky130_fd_sc_hd__clkbuf_4)
                  0.18    0.31    2.89 ^ output15/X (sky130_fd_sc_hd__clkbuf_4)
     1    0.03                           Y[3] (net)
                  0.18    0.00    2.89 ^ Y[3] (out)
                                  2.89   data arrival time

                          0.00    0.00   clock clk (rise edge)
                          0.00    0.00   clock network delay (propagated)
                          0.25    0.25   clock uncertainty
                          0.00    0.25   clock reconvergence pessimism
                         -2.00   -1.75   output external delay
                                 -1.75   data required time
-----------------------------------------------------------------------------
                                 -1.75   data required time
                                 -2.89   data arrival time
-----------------------------------------------------------------------------
                                  4.64   slack (MET)


Startpoint: A[0] (input port clocked by clk)
Endpoint: Y[0] (output port clocked by clk)
Path Group: clk
Path Type: min
Corner: Slowest

Fanout     Cap    Slew   Delay    Time   Description
-----------------------------------------------------------------------------
                          0.00    0.00   clock clk (rise edge)
                          0.00    0.00   clock network delay (propagated)
                          2.00    2.00 ^ input external delay
                  0.03    0.02    2.02 ^ A[0] (in)
     1    0.00                           A[0] (net)
                  0.03    0.00    2.02 ^ input1/A (sky130_fd_sc_hd__clkbuf_2)
                  0.24    0.28    2.29 ^ input1/X (sky130_fd_sc_hd__clkbuf_2)
     7    0.03                           net1 (net)
                  0.24    0.00    2.30 ^ _70_/A2 (sky130_fd_sc_hd__o211a_1)
                  0.07    0.31    2.61 ^ _70_/X (sky130_fd_sc_hd__o211a_1)
     1    0.00                           net12 (net)
                  0.07    0.00    2.61 ^ output12/A (sky130_fd_sc_hd__clkbuf_4)
                  0.18    0.31    2.92 ^ output12/X (sky130_fd_sc_hd__clkbuf_4)
     1    0.03                           Y[0] (net)
                  0.18    0.00    2.92 ^ Y[0] (out)
                                  2.92   data arrival time

                          0.00    0.00   clock clk (rise edge)
                          0.00    0.00   clock network delay (propagated)
                          0.25    0.25   clock uncertainty
                          0.00    0.25   clock reconvergence pessimism
                         -2.00   -1.75   output external delay
                                 -1.75   data required time
-----------------------------------------------------------------------------
                                 -1.75   data required time
                                 -2.92   data arrival time
-----------------------------------------------------------------------------
                                  4.67   slack (MET)


Startpoint: sel[0] (input port clocked by clk)
Endpoint: Y[2] (output port clocked by clk)
Path Group: clk
Path Type: min
Corner: Slowest

Fanout     Cap    Slew   Delay    Time   Description
-----------------------------------------------------------------------------
                          0.00    0.00   clock clk (rise edge)
                          0.00    0.00   clock network delay (propagated)
                          2.00    2.00 v input external delay
                  0.02    0.01    2.01 v sel[0] (in)
     1    0.00                           sel[0] (net)
                  0.02    0.00    2.01 v input9/A (sky130_fd_sc_hd__clkbuf_2)
                  0.17    0.25    2.26 v input9/X (sky130_fd_sc_hd__clkbuf_2)
     6    0.02                           net9 (net)
                  0.17    0.00    2.26 v _48_/B (sky130_fd_sc_hd__nand2_1)
                  0.20    0.24    2.50 ^ _48_/Y (sky130_fd_sc_hd__nand2_1)
     3    0.01                           _05_ (net)
                  0.20    0.00    2.50 ^ _85_/A1 (sky130_fd_sc_hd__o21bai_1)
                  0.09    0.19    2.69 v _85_/Y (sky130_fd_sc_hd__o21bai_1)
     1    0.00                           net14 (net)
                  0.09    0.00    2.69 v output14/A (sky130_fd_sc_hd__clkbuf_4)
                  0.14    0.32    3.01 v output14/X (sky130_fd_sc_hd__clkbuf_4)
     1    0.03                           Y[2] (net)
                  0.14    0.00    3.01 v Y[2] (out)
                                  3.01   data arrival time

                          0.00    0.00   clock clk (rise edge)
                          0.00    0.00   clock network delay (propagated)
                          0.25    0.25   clock uncertainty
                          0.00    0.25   clock reconvergence pessimism
                         -2.00   -1.75   output external delay
                                 -1.75   data required time
-----------------------------------------------------------------------------
                                 -1.75   data required time
                                 -3.01   data arrival time
-----------------------------------------------------------------------------
                                  4.76   slack (MET)


Startpoint: B[0] (input port clocked by clk)
Endpoint: Y[1] (output port clocked by clk)
Path Group: clk
Path Type: min
Corner: Slowest

Fanout     Cap    Slew   Delay    Time   Description
-----------------------------------------------------------------------------
                          0.00    0.00   clock clk (rise edge)
                          0.00    0.00   clock network delay (propagated)
                          2.00    2.00 v input external delay
                  0.02    0.01    2.01 v B[0] (in)
     1    0.00                           B[0] (net)
                  0.02    0.00    2.01 v input5/A (sky130_fd_sc_hd__clkbuf_2)
                  0.17    0.24    2.25 v input5/X (sky130_fd_sc_hd__clkbuf_2)
     7    0.02                           net5 (net)
                  0.17    0.00    2.26 v _72_/A1 (sky130_fd_sc_hd__a21oi_1)
                  0.12    0.21    2.47 ^ _72_/Y (sky130_fd_sc_hd__a21oi_1)
     1    0.00                           _27_ (net)
                  0.12    0.00    2.47 ^ _74_/B (sky130_fd_sc_hd__or3b_1)
                  0.07    0.19    2.66 ^ _74_/X (sky130_fd_sc_hd__or3b_1)
     1    0.00                           _29_ (net)
                  0.07    0.00    2.66 ^ _79_/A (sky130_fd_sc_hd__nand2_1)
                  0.07    0.09    2.75 v _79_/Y (sky130_fd_sc_hd__nand2_1)
     1    0.00                           net13 (net)
                  0.07    0.00    2.75 v output13/A (sky130_fd_sc_hd__clkbuf_4)
                  0.14    0.31    3.05 v output13/X (sky130_fd_sc_hd__clkbuf_4)
     1    0.03                           Y[1] (net)
                  0.14    0.00    3.05 v Y[1] (out)
                                  3.05   data arrival time

                          0.00    0.00   clock clk (rise edge)
                          0.00    0.00   clock network delay (propagated)
                          0.25    0.25   clock uncertainty
                          0.00    0.25   clock reconvergence pessimism
                         -2.00   -1.75   output external delay
                                 -1.75   data required time
-----------------------------------------------------------------------------
                                 -1.75   data required time
                                 -3.05   data arrival time
-----------------------------------------------------------------------------
                                  4.80   slack (MET)



======================= Typical Corner ===================================

Startpoint: sel[1] (input port clocked by clk)
Endpoint: Y[3] (output port clocked by clk)
Path Group: clk
Path Type: min
Corner: Typical

Fanout     Cap    Slew   Delay    Time   Description
-----------------------------------------------------------------------------
                          0.00    0.00   clock clk (rise edge)
                          0.00    0.00   clock network delay (propagated)
                          2.00    2.00 ^ input external delay
                  0.02    0.01    2.01 ^ sel[1] (in)
     1    0.00                           sel[1] (net)
                  0.02    0.00    2.01 ^ input10/A (sky130_fd_sc_hd__clkbuf_2)
                  0.13    0.15    2.16 ^ input10/X (sky130_fd_sc_hd__clkbuf_2)
     5    0.02                           net10 (net)
                  0.13    0.00    2.16 ^ _91_/A1 (sky130_fd_sc_hd__a31o_1)
                  0.04    0.14    2.30 ^ _91_/X (sky130_fd_sc_hd__a31o_1)
     1    0.00                           net15 (net)
                  0.04    0.00    2.30 ^ output15/A (sky130_fd_sc_hd__clkbuf_4)
                  0.11    0.17    2.48 ^ output15/X (sky130_fd_sc_hd__clkbuf_4)
     1    0.03                           Y[3] (net)
                  0.11    0.00    2.48 ^ Y[3] (out)
                                  2.48   data arrival time

                          0.00    0.00   clock clk (rise edge)
                          0.00    0.00   clock network delay (propagated)
                          0.25    0.25   clock uncertainty
                          0.00    0.25   clock reconvergence pessimism
                         -2.00   -1.75   output external delay
                                 -1.75   data required time
-----------------------------------------------------------------------------
                                 -1.75   data required time
                                 -2.48   data arrival time
-----------------------------------------------------------------------------
                                  4.23   slack (MET)


Startpoint: A[0] (input port clocked by clk)
Endpoint: Y[0] (output port clocked by clk)
Path Group: clk
Path Type: min
Corner: Typical

Fanout     Cap    Slew   Delay    Time   Description
-----------------------------------------------------------------------------
                          0.00    0.00   clock clk (rise edge)
                          0.00    0.00   clock network delay (propagated)
                          2.00    2.00 ^ input external delay
                  0.02    0.01    2.01 ^ A[0] (in)
     1    0.00                           A[0] (net)
                  0.02    0.00    2.01 ^ input1/A (sky130_fd_sc_hd__clkbuf_2)
                  0.15    0.16    2.17 ^ input1/X (sky130_fd_sc_hd__clkbuf_2)
     7    0.03                           net1 (net)
                  0.15    0.00    2.18 ^ _70_/A2 (sky130_fd_sc_hd__o211a_1)
                  0.04    0.14    2.32 ^ _70_/X (sky130_fd_sc_hd__o211a_1)
     1    0.00                           net12 (net)
                  0.04    0.00    2.32 ^ output12/A (sky130_fd_sc_hd__clkbuf_4)
                  0.11    0.17    2.49 ^ output12/X (sky130_fd_sc_hd__clkbuf_4)
     1    0.03                           Y[0] (net)
                  0.11    0.00    2.49 ^ Y[0] (out)
                                  2.49   data arrival time

                          0.00    0.00   clock clk (rise edge)
                          0.00    0.00   clock network delay (propagated)
                          0.25    0.25   clock uncertainty
                          0.00    0.25   clock reconvergence pessimism
                         -2.00   -1.75   output external delay
                                 -1.75   data required time
-----------------------------------------------------------------------------
                                 -1.75   data required time
                                 -2.49   data arrival time
-----------------------------------------------------------------------------
                                  4.24   slack (MET)


Startpoint: sel[0] (input port clocked by clk)
Endpoint: Y[2] (output port clocked by clk)
Path Group: clk
Path Type: min
Corner: Typical

Fanout     Cap    Slew   Delay    Time   Description
-----------------------------------------------------------------------------
                          0.00    0.00   clock clk (rise edge)
                          0.00    0.00   clock network delay (propagated)
                          2.00    2.00 v input external delay
                  0.01    0.01    2.01 v sel[0] (in)
     1    0.00                           sel[0] (net)
                  0.01    0.00    2.01 v input9/A (sky130_fd_sc_hd__clkbuf_2)
                  0.09    0.13    2.14 v input9/X (sky130_fd_sc_hd__clkbuf_2)
     6    0.02                           net9 (net)
                  0.09    0.00    2.14 v _48_/B (sky130_fd_sc_hd__nand2_1)
                  0.13    0.14    2.28 ^ _48_/Y (sky130_fd_sc_hd__nand2_1)
     3    0.01                           _05_ (net)
                  0.13    0.00    2.28 ^ _85_/A1 (sky130_fd_sc_hd__o21bai_1)
                  0.04    0.09    2.37 v _85_/Y (sky130_fd_sc_hd__o21bai_1)
     1    0.00                           net14 (net)
                  0.04    0.00    2.37 v output14/A (sky130_fd_sc_hd__clkbuf_4)
                  0.08    0.17    2.54 v output14/X (sky130_fd_sc_hd__clkbuf_4)
     1    0.03                           Y[2] (net)
                  0.08    0.00    2.54 v Y[2] (out)
                                  2.54   data arrival time

                          0.00    0.00   clock clk (rise edge)
                          0.00    0.00   clock network delay (propagated)
                          0.25    0.25   clock uncertainty
                          0.00    0.25   clock reconvergence pessimism
                         -2.00   -1.75   output external delay
                                 -1.75   data required time
-----------------------------------------------------------------------------
                                 -1.75   data required time
                                 -2.54   data arrival time
-----------------------------------------------------------------------------
                                  4.29   slack (MET)


Startpoint: B[0] (input port clocked by clk)
Endpoint: Y[1] (output port clocked by clk)
Path Group: clk
Path Type: min
Corner: Typical

Fanout     Cap    Slew   Delay    Time   Description
-----------------------------------------------------------------------------
                          0.00    0.00   clock clk (rise edge)
                          0.00    0.00   clock network delay (propagated)
                          2.00    2.00 v input external delay
                  0.01    0.00    2.00 v B[0] (in)
     1    0.00                           B[0] (net)
                  0.01    0.00    2.00 v input5/A (sky130_fd_sc_hd__clkbuf_2)
                  0.09    0.13    2.14 v input5/X (sky130_fd_sc_hd__clkbuf_2)
     7    0.02                           net5 (net)
                  0.09    0.00    2.14 v _72_/A1 (sky130_fd_sc_hd__a21oi_1)
                  0.08    0.12    2.26 ^ _72_/Y (sky130_fd_sc_hd__a21oi_1)
     1    0.00                           _27_ (net)
                  0.08    0.00    2.26 ^ _74_/B (sky130_fd_sc_hd__or3b_1)
                  0.04    0.10    2.36 ^ _74_/X (sky130_fd_sc_hd__or3b_1)
     1    0.00                           _29_ (net)
                  0.04    0.00    2.36 ^ _79_/A (sky130_fd_sc_hd__nand2_1)
                  0.03    0.04    2.40 v _79_/Y (sky130_fd_sc_hd__nand2_1)
     1    0.00                           net13 (net)
                  0.03    0.00    2.40 v output13/A (sky130_fd_sc_hd__clkbuf_4)
                  0.08    0.17    2.57 v output13/X (sky130_fd_sc_hd__clkbuf_4)
     1    0.03                           Y[1] (net)
                  0.08    0.00    2.57 v Y[1] (out)
                                  2.57   data arrival time

                          0.00    0.00   clock clk (rise edge)
                          0.00    0.00   clock network delay (propagated)
                          0.25    0.25   clock uncertainty
                          0.00    0.25   clock reconvergence pessimism
                         -2.00   -1.75   output external delay
                                 -1.75   data required time
-----------------------------------------------------------------------------
                                 -1.75   data required time
                                 -2.57   data arrival time
-----------------------------------------------------------------------------
                                  4.32   slack (MET)



min_report_end
max_report

===========================================================================
report_checks -path_delay max (Setup)
============================================================================
======================= Fastest Corner ===================================

Startpoint: A[1] (input port clocked by clk)
Endpoint: Y[3] (output port clocked by clk)
Path Group: clk
Path Type: max
Corner: Fastest

Fanout     Cap    Slew   Delay    Time   Description
-----------------------------------------------------------------------------
                          0.00    0.00   clock clk (rise edge)
                          0.00    0.00   clock network delay (propagated)
                          2.00    2.00 ^ input external delay
                  0.02    0.01    2.01 ^ A[1] (in)
     1    0.00                           A[1] (net)
                  0.02    0.00    2.01 ^ input2/A (sky130_fd_sc_hd__dlymetal6s2s_1)
                  0.15    0.14    2.15 ^ input2/X (sky130_fd_sc_hd__dlymetal6s2s_1)
     4    0.02                           net2 (net)
                  0.15    0.00    2.15 ^ _51_/B (sky130_fd_sc_hd__xor2_2)
                  0.20    0.19    2.34 ^ _51_/X (sky130_fd_sc_hd__xor2_2)
     5    0.02                           _08_ (net)
                  0.20    0.00    2.34 ^ _53_/A3 (sky130_fd_sc_hd__a31o_1)
                  0.07    0.14    2.47 ^ _53_/X (sky130_fd_sc_hd__a31o_1)
     3    0.01                           _10_ (net)
                  0.07    0.00    2.47 ^ _55_/A2 (sky130_fd_sc_hd__a21oi_1)
                  0.06    0.07    2.55 v _55_/Y (sky130_fd_sc_hd__a21oi_1)
     3    0.01                           _12_ (net)
                  0.06    0.00    2.55 v _87_/B (sky130_fd_sc_hd__or2_1)
                  0.03    0.14    2.68 v _87_/X (sky130_fd_sc_hd__or2_1)
     1    0.00                           _40_ (net)
                  0.03    0.00    2.68 v _90_/A2 (sky130_fd_sc_hd__a32o_1)
                  0.03    0.13    2.82 v _90_/X (sky130_fd_sc_hd__a32o_1)
     1    0.00                           _43_ (net)
                  0.03    0.00    2.82 v _91_/B1 (sky130_fd_sc_hd__a31o_1)
                  0.03    0.07    2.89 v _91_/X (sky130_fd_sc_hd__a31o_1)
     1    0.00                           net15 (net)
                  0.03    0.00    2.89 v output15/A (sky130_fd_sc_hd__clkbuf_4)
                  0.06    0.13    3.01 v output15/X (sky130_fd_sc_hd__clkbuf_4)
     1    0.03                           Y[3] (net)
                  0.06    0.00    3.01 v Y[3] (out)
                                  3.01   data arrival time

                         10.00   10.00   clock clk (rise edge)
                          0.00   10.00   clock network delay (propagated)
                         -0.25    9.75   clock uncertainty
                          0.00    9.75   clock reconvergence pessimism
                         -2.00    7.75   output external delay
                                  7.75   data required time
-----------------------------------------------------------------------------
                                  7.75   data required time
                                 -3.01   data arrival time
-----------------------------------------------------------------------------
                                  4.74   slack (MET)


Startpoint: A[1] (input port clocked by clk)
Endpoint: Y[2] (output port clocked by clk)
Path Group: clk
Path Type: max
Corner: Fastest

Fanout     Cap    Slew   Delay    Time   Description
-----------------------------------------------------------------------------
                          0.00    0.00   clock clk (rise edge)
                          0.00    0.00   clock network delay (propagated)
                          2.00    2.00 v input external delay
                  0.01    0.00    2.00 v A[1] (in)
     1    0.00                           A[1] (net)
                  0.01    0.00    2.00 v input2/A (sky130_fd_sc_hd__dlymetal6s2s_1)
                  0.06    0.12    2.12 v input2/X (sky130_fd_sc_hd__dlymetal6s2s_1)
     4    0.02                           net2 (net)
                  0.06    0.00    2.12 v _51_/B (sky130_fd_sc_hd__xor2_2)
                  0.08    0.13    2.25 v _51_/X (sky130_fd_sc_hd__xor2_2)
     5    0.02                           _08_ (net)
                  0.08    0.00    2.25 v _53_/A3 (sky130_fd_sc_hd__a31o_1)
                  0.05    0.18    2.44 v _53_/X (sky130_fd_sc_hd__a31o_1)
     3    0.01                           _10_ (net)
                  0.05    0.00    2.44 v _82_/A (sky130_fd_sc_hd__or2b_1)
                  0.03    0.14    2.57 v _82_/X (sky130_fd_sc_hd__or2b_1)
     1    0.00                           _36_ (net)
                  0.03    0.00    2.57 v _84_/A3 (sky130_fd_sc_hd__a31o_1)
                  0.03    0.14    2.72 v _84_/X (sky130_fd_sc_hd__a31o_1)
     1    0.00                           _38_ (net)
                  0.03    0.00    2.72 v _85_/B1_N (sky130_fd_sc_hd__o21bai_1)
                  0.04    0.09    2.81 v _85_/Y (sky130_fd_sc_hd__o21bai_1)
     1    0.00                           net14 (net)
                  0.04    0.00    2.81 v output14/A (sky130_fd_sc_hd__clkbuf_4)
                  0.06    0.13    2.94 v output14/X (sky130_fd_sc_hd__clkbuf_4)
     1    0.03                           Y[2] (net)
                  0.06    0.00    2.94 v Y[2] (out)
                                  2.94   data arrival time

                         10.00   10.00   clock clk (rise edge)
                          0.00   10.00   clock network delay (propagated)
                         -0.25    9.75   clock uncertainty
                          0.00    9.75   clock reconvergence pessimism
                         -2.00    7.75   output external delay
                                  7.75   data required time
-----------------------------------------------------------------------------
                                  7.75   data required time
                                 -2.94   data arrival time
-----------------------------------------------------------------------------
                                  4.81   slack (MET)


Startpoint: A[1] (input port clocked by clk)
Endpoint: Y[1] (output port clocked by clk)
Path Group: clk
Path Type: max
Corner: Fastest

Fanout     Cap    Slew   Delay    Time   Description
-----------------------------------------------------------------------------
                          0.00    0.00   clock clk (rise edge)
                          0.00    0.00   clock network delay (propagated)
                          2.00    2.00 v input external delay
                  0.01    0.00    2.00 v A[1] (in)
     1    0.00                           A[1] (net)
                  0.01    0.00    2.00 v input2/A (sky130_fd_sc_hd__dlymetal6s2s_1)
                  0.06    0.12    2.12 v input2/X (sky130_fd_sc_hd__dlymetal6s2s_1)
     4    0.02                           net2 (net)
                  0.06    0.00    2.12 v _51_/B (sky130_fd_sc_hd__xor2_2)
                  0.08    0.13    2.25 v _51_/X (sky130_fd_sc_hd__xor2_2)
     5    0.02                           _08_ (net)
                  0.08    0.00    2.25 v _71_/C (sky130_fd_sc_hd__and3_1)
                  0.03    0.13    2.39 v _71_/X (sky130_fd_sc_hd__and3_1)
     1    0.00                           _26_ (net)
                  0.03    0.00    2.39 v _74_/A (sky130_fd_sc_hd__or3b_1)
                  0.04    0.22    2.61 v _74_/X (sky130_fd_sc_hd__or3b_1)
     1    0.00                           _29_ (net)
                  0.04    0.00    2.61 v _79_/A (sky130_fd_sc_hd__nand2_1)
                  0.03    0.05    2.65 ^ _79_/Y (sky130_fd_sc_hd__nand2_1)
     1    0.00                           net13 (net)
                  0.03    0.00    2.65 ^ output13/A (sky130_fd_sc_hd__clkbuf_4)
                  0.08    0.13    2.78 ^ output13/X (sky130_fd_sc_hd__clkbuf_4)
     1    0.03                           Y[1] (net)
                  0.08    0.00    2.79 ^ Y[1] (out)
                                  2.79   data arrival time

                         10.00   10.00   clock clk (rise edge)
                          0.00   10.00   clock network delay (propagated)
                         -0.25    9.75   clock uncertainty
                          0.00    9.75   clock reconvergence pessimism
                         -2.00    7.75   output external delay
                                  7.75   data required time
-----------------------------------------------------------------------------
                                  7.75   data required time
                                 -2.79   data arrival time
-----------------------------------------------------------------------------
                                  4.96   slack (MET)


Startpoint: A[0] (input port clocked by clk)
Endpoint: Y[0] (output port clocked by clk)
Path Group: clk
Path Type: max
Corner: Fastest

Fanout     Cap    Slew   Delay    Time   Description
-----------------------------------------------------------------------------
                          0.00    0.00   clock clk (rise edge)
                          0.00    0.00   clock network delay (propagated)
                          2.00    2.00 v input external delay
                  0.00    0.00    2.00 v A[0] (in)
     1    0.00                           A[0] (net)
                  0.00    0.00    2.00 v input1/A (sky130_fd_sc_hd__clkbuf_2)
                  0.07    0.10    2.11 v input1/X (sky130_fd_sc_hd__clkbuf_2)
     7    0.03                           net1 (net)
                  0.07    0.00    2.11 v _69_/A2 (sky130_fd_sc_hd__a211o_1)
                  0.03    0.20    2.31 v _69_/X (sky130_fd_sc_hd__a211o_1)
     1    0.00                           _25_ (net)
                  0.03    0.00    2.31 v _70_/C1 (sky130_fd_sc_hd__o211a_1)
                  0.03    0.07    2.37 v _70_/X (sky130_fd_sc_hd__o211a_1)
     1    0.00                           net12 (net)
                  0.03    0.00    2.37 v output12/A (sky130_fd_sc_hd__clkbuf_4)
                  0.06    0.13    2.50 v output12/X (sky130_fd_sc_hd__clkbuf_4)
     1    0.03                           Y[0] (net)
                  0.06    0.00    2.50 v Y[0] (out)
                                  2.50   data arrival time

                         10.00   10.00   clock clk (rise edge)
                          0.00   10.00   clock network delay (propagated)
                         -0.25    9.75   clock uncertainty
                          0.00    9.75   clock reconvergence pessimism
                         -2.00    7.75   output external delay
                                  7.75   data required time
-----------------------------------------------------------------------------
                                  7.75   data required time
                                 -2.50   data arrival time
-----------------------------------------------------------------------------
                                  5.25   slack (MET)



======================= Slowest Corner ===================================

Startpoint: A[1] (input port clocked by clk)
Endpoint: Y[3] (output port clocked by clk)
Path Group: clk
Path Type: max
Corner: Slowest

Fanout     Cap    Slew   Delay    Time   Description
-----------------------------------------------------------------------------
                          0.00    0.00   clock clk (rise edge)
                          0.00    0.00   clock network delay (propagated)
                          2.00    2.00 ^ input external delay
                  0.04    0.02    2.02 ^ A[1] (in)
     1    0.00                           A[1] (net)
                  0.04    0.00    2.02 ^ input2/A (sky130_fd_sc_hd__dlymetal6s2s_1)
                  0.29    0.32    2.34 ^ input2/X (sky130_fd_sc_hd__dlymetal6s2s_1)
     4    0.02                           net2 (net)
                  0.29    0.00    2.34 ^ _51_/B (sky130_fd_sc_hd__xor2_2)
                  0.41    0.51    2.85 ^ _51_/X (sky130_fd_sc_hd__xor2_2)
     5    0.02                           _08_ (net)
                  0.41    0.00    2.85 ^ _53_/A3 (sky130_fd_sc_hd__a31o_1)
                  0.17    0.50    3.35 ^ _53_/X (sky130_fd_sc_hd__a31o_1)
     3    0.01                           _10_ (net)
                  0.17    0.00    3.35 ^ _55_/A2 (sky130_fd_sc_hd__a21oi_1)
                  0.19    0.26    3.61 v _55_/Y (sky130_fd_sc_hd__a21oi_1)
     3    0.01                           _12_ (net)
                  0.19    0.00    3.61 v _87_/B (sky130_fd_sc_hd__or2_1)
                  0.10    0.53    4.14 v _87_/X (sky130_fd_sc_hd__or2_1)
     1    0.00                           _40_ (net)
                  0.10    0.00    4.14 v _90_/A2 (sky130_fd_sc_hd__a32o_1)
                  0.08    0.48    4.62 v _90_/X (sky130_fd_sc_hd__a32o_1)
     1    0.00                           _43_ (net)
                  0.08    0.00    4.62 v _91_/B1 (sky130_fd_sc_hd__a31o_1)
                  0.06    0.35    4.96 v _91_/X (sky130_fd_sc_hd__a31o_1)
     1    0.00                           net15 (net)
                  0.06    0.00    4.96 v output15/A (sky130_fd_sc_hd__clkbuf_4)
                  0.14    0.34    5.30 v output15/X (sky130_fd_sc_hd__clkbuf_4)
     1    0.03                           Y[3] (net)
                  0.14    0.00    5.30 v Y[3] (out)
                                  5.30   data arrival time

                         10.00   10.00   clock clk (rise edge)
                          0.00   10.00   clock network delay (propagated)
                         -0.25    9.75   clock uncertainty
                          0.00    9.75   clock reconvergence pessimism
                         -2.00    7.75   output external delay
                                  7.75   data required time
-----------------------------------------------------------------------------
                                  7.75   data required time
                                 -5.30   data arrival time
-----------------------------------------------------------------------------
                                  2.45   slack (MET)


Startpoint: A[1] (input port clocked by clk)
Endpoint: Y[2] (output port clocked by clk)
Path Group: clk
Path Type: max
Corner: Slowest

Fanout     Cap    Slew   Delay    Time   Description
-----------------------------------------------------------------------------
                          0.00    0.00   clock clk (rise edge)
                          0.00    0.00   clock network delay (propagated)
                          2.00    2.00 v input external delay
                  0.02    0.01    2.01 v A[1] (in)
     1    0.00                           A[1] (net)
                  0.02    0.00    2.01 v input2/A (sky130_fd_sc_hd__dlymetal6s2s_1)
                  0.18    0.37    2.39 v input2/X (sky130_fd_sc_hd__dlymetal6s2s_1)
     4    0.02                           net2 (net)
                  0.18    0.00    2.39 v _51_/B (sky130_fd_sc_hd__xor2_2)
                  0.20    0.38    2.77 v _51_/X (sky130_fd_sc_hd__xor2_2)
     5    0.02                           _08_ (net)
                  0.20    0.00    2.77 v _53_/A3 (sky130_fd_sc_hd__a31o_1)
                  0.11    0.52    3.29 v _53_/X (sky130_fd_sc_hd__a31o_1)
     3    0.01                           _10_ (net)
                  0.11    0.00    3.29 v _82_/A (sky130_fd_sc_hd__or2b_1)
                  0.09    0.52    3.81 v _82_/X (sky130_fd_sc_hd__or2b_1)
     1    0.00                           _36_ (net)
                  0.09    0.00    3.81 v _84_/A3 (sky130_fd_sc_hd__a31o_1)
                  0.07    0.42    4.23 v _84_/X (sky130_fd_sc_hd__a31o_1)
     1    0.00                           _38_ (net)
                  0.07    0.00    4.23 v _85_/B1_N (sky130_fd_sc_hd__o21bai_1)
                  0.11    0.34    4.57 v _85_/Y (sky130_fd_sc_hd__o21bai_1)
     1    0.00                           net14 (net)
                  0.11    0.00    4.57 v output14/A (sky130_fd_sc_hd__clkbuf_4)
                  0.14    0.36    4.94 v output14/X (sky130_fd_sc_hd__clkbuf_4)
     1    0.03                           Y[2] (net)
                  0.14    0.00    4.94 v Y[2] (out)
                                  4.94   data arrival time

                         10.00   10.00   clock clk (rise edge)
                          0.00   10.00   clock network delay (propagated)
                         -0.25    9.75   clock uncertainty
                          0.00    9.75   clock reconvergence pessimism
                         -2.00    7.75   output external delay
                                  7.75   data required time
-----------------------------------------------------------------------------
                                  7.75   data required time
                                 -4.94   data arrival time
-----------------------------------------------------------------------------
                                  2.81   slack (MET)


Startpoint: A[1] (input port clocked by clk)
Endpoint: Y[1] (output port clocked by clk)
Path Group: clk
Path Type: max
Corner: Slowest

Fanout     Cap    Slew   Delay    Time   Description
-----------------------------------------------------------------------------
                          0.00    0.00   clock clk (rise edge)
                          0.00    0.00   clock network delay (propagated)
                          2.00    2.00 v input external delay
                  0.02    0.01    2.01 v A[1] (in)
     1    0.00                           A[1] (net)
                  0.02    0.00    2.01 v input2/A (sky130_fd_sc_hd__dlymetal6s2s_1)
                  0.18    0.37    2.39 v input2/X (sky130_fd_sc_hd__dlymetal6s2s_1)
     4    0.02                           net2 (net)
                  0.18    0.00    2.39 v _51_/B (sky130_fd_sc_hd__xor2_2)
                  0.20    0.38    2.77 v _51_/X (sky130_fd_sc_hd__xor2_2)
     5    0.02                           _08_ (net)
                  0.20    0.00    2.77 v _71_/C (sky130_fd_sc_hd__and3_1)
                  0.06    0.43    3.20 v _71_/X (sky130_fd_sc_hd__and3_1)
     1    0.00                           _26_ (net)
                  0.06    0.00    3.21 v _74_/A (sky130_fd_sc_hd__or3b_1)
                  0.14    0.89    4.10 v _74_/X (sky130_fd_sc_hd__or3b_1)
     1    0.00                           _29_ (net)
                  0.14    0.00    4.10 v _79_/A (sky130_fd_sc_hd__nand2_1)
                  0.07    0.13    4.23 ^ _79_/Y (sky130_fd_sc_hd__nand2_1)
     1    0.00                           net13 (net)
                  0.07    0.00    4.23 ^ output13/A (sky130_fd_sc_hd__clkbuf_4)
                  0.18    0.34    4.57 ^ output13/X (sky130_fd_sc_hd__clkbuf_4)
     1    0.03                           Y[1] (net)
                  0.18    0.00    4.57 ^ Y[1] (out)
                                  4.57   data arrival time

                         10.00   10.00   clock clk (rise edge)
                          0.00   10.00   clock network delay (propagated)
                         -0.25    9.75   clock uncertainty
                          0.00    9.75   clock reconvergence pessimism
                         -2.00    7.75   output external delay
                                  7.75   data required time
-----------------------------------------------------------------------------
                                  7.75   data required time
                                 -4.57   data arrival time
-----------------------------------------------------------------------------
                                  3.18   slack (MET)


Startpoint: sel[1] (input port clocked by clk)
Endpoint: Y[0] (output port clocked by clk)
Path Group: clk
Path Type: max
Corner: Slowest

Fanout     Cap    Slew   Delay    Time   Description
-----------------------------------------------------------------------------
                          0.00    0.00   clock clk (rise edge)
                          0.00    0.00   clock network delay (propagated)
                          2.00    2.00 ^ input external delay
                  0.03    0.02    2.02 ^ sel[1] (in)
     1    0.00                           sel[1] (net)
                  0.03    0.00    2.02 ^ input10/A (sky130_fd_sc_hd__clkbuf_2)
                  0.21    0.29    2.31 ^ input10/X (sky130_fd_sc_hd__clkbuf_2)
     5    0.02                           net10 (net)
                  0.21    0.00    2.31 ^ _47_/A (sky130_fd_sc_hd__inv_2)
                  0.09    0.16    2.47 v _47_/Y (sky130_fd_sc_hd__inv_2)
     5    0.02                           _04_ (net)
                  0.09    0.00    2.47 v _69_/B1 (sky130_fd_sc_hd__a211o_1)
                  0.08    0.52    3.00 v _69_/X (sky130_fd_sc_hd__a211o_1)
     1    0.00                           _25_ (net)
                  0.08    0.00    3.00 v _70_/C1 (sky130_fd_sc_hd__o211a_1)
                  0.07    0.21    3.20 v _70_/X (sky130_fd_sc_hd__o211a_1)
     1    0.00                           net12 (net)
                  0.07    0.00    3.20 v output12/A (sky130_fd_sc_hd__clkbuf_4)
                  0.14    0.34    3.54 v output12/X (sky130_fd_sc_hd__clkbuf_4)
     1    0.03                           Y[0] (net)
                  0.14    0.00    3.54 v Y[0] (out)
                                  3.54   data arrival time

                         10.00   10.00   clock clk (rise edge)
                          0.00   10.00   clock network delay (propagated)
                         -0.25    9.75   clock uncertainty
                          0.00    9.75   clock reconvergence pessimism
                         -2.00    7.75   output external delay
                                  7.75   data required time
-----------------------------------------------------------------------------
                                  7.75   data required time
                                 -3.54   data arrival time
-----------------------------------------------------------------------------
                                  4.21   slack (MET)



======================= Typical Corner ===================================

Startpoint: A[1] (input port clocked by clk)
Endpoint: Y[3] (output port clocked by clk)
Path Group: clk
Path Type: max
Corner: Typical

Fanout     Cap    Slew   Delay    Time   Description
-----------------------------------------------------------------------------
                          0.00    0.00   clock clk (rise edge)
                          0.00    0.00   clock network delay (propagated)
                          2.00    2.00 ^ input external delay
                  0.02    0.01    2.01 ^ A[1] (in)
     1    0.00                           A[1] (net)
                  0.02    0.00    2.01 ^ input2/A (sky130_fd_sc_hd__dlymetal6s2s_1)
                  0.19    0.19    2.21 ^ input2/X (sky130_fd_sc_hd__dlymetal6s2s_1)
     4    0.02                           net2 (net)
                  0.19    0.00    2.21 ^ _51_/B (sky130_fd_sc_hd__xor2_2)
                  0.26    0.29    2.49 ^ _51_/X (sky130_fd_sc_hd__xor2_2)
     5    0.02                           _08_ (net)
                  0.26    0.00    2.49 ^ _53_/A3 (sky130_fd_sc_hd__a31o_1)
                  0.10    0.24    2.73 ^ _53_/X (sky130_fd_sc_hd__a31o_1)
     3    0.01                           _10_ (net)
                  0.10    0.00    2.73 ^ _55_/A2 (sky130_fd_sc_hd__a21oi_1)
                  0.09    0.12    2.85 v _55_/Y (sky130_fd_sc_hd__a21oi_1)
     3    0.01                           _12_ (net)
                  0.09    0.00    2.85 v _87_/B (sky130_fd_sc_hd__or2_1)
                  0.05    0.23    3.08 v _87_/X (sky130_fd_sc_hd__or2_1)
     1    0.00                           _40_ (net)
                  0.05    0.00    3.08 v _90_/A2 (sky130_fd_sc_hd__a32o_1)
                  0.05    0.26    3.33 v _90_/X (sky130_fd_sc_hd__a32o_1)
     1    0.00                           _43_ (net)
                  0.05    0.00    3.34 v _91_/B1 (sky130_fd_sc_hd__a31o_1)
                  0.04    0.19    3.52 v _91_/X (sky130_fd_sc_hd__a31o_1)
     1    0.00                           net15 (net)
                  0.04    0.00    3.52 v output15/A (sky130_fd_sc_hd__clkbuf_4)
                  0.08    0.19    3.71 v output15/X (sky130_fd_sc_hd__clkbuf_4)
     1    0.03                           Y[3] (net)
                  0.08    0.00    3.71 v Y[3] (out)
                                  3.71   data arrival time

                         10.00   10.00   clock clk (rise edge)
                          0.00   10.00   clock network delay (propagated)
                         -0.25    9.75   clock uncertainty
                          0.00    9.75   clock reconvergence pessimism
                         -2.00    7.75   output external delay
                                  7.75   data required time
-----------------------------------------------------------------------------
                                  7.75   data required time
                                 -3.71   data arrival time
-----------------------------------------------------------------------------
                                  4.04   slack (MET)


Startpoint: A[1] (input port clocked by clk)
Endpoint: Y[2] (output port clocked by clk)
Path Group: clk
Path Type: max
Corner: Typical

Fanout     Cap    Slew   Delay    Time   Description
-----------------------------------------------------------------------------
                          0.00    0.00   clock clk (rise edge)
                          0.00    0.00   clock network delay (propagated)
                          2.00    2.00 v input external delay
                  0.01    0.01    2.01 v A[1] (in)
     1    0.00                           A[1] (net)
                  0.01    0.00    2.01 v input2/A (sky130_fd_sc_hd__dlymetal6s2s_1)
                  0.09    0.18    2.19 v input2/X (sky130_fd_sc_hd__dlymetal6s2s_1)
     4    0.02                           net2 (net)
                  0.09    0.00    2.19 v _51_/B (sky130_fd_sc_hd__xor2_2)
                  0.11    0.20    2.39 v _51_/X (sky130_fd_sc_hd__xor2_2)
     5    0.02                           _08_ (net)
                  0.11    0.00    2.39 v _53_/A3 (sky130_fd_sc_hd__a31o_1)
                  0.06    0.28    2.67 v _53_/X (sky130_fd_sc_hd__a31o_1)
     3    0.01                           _10_ (net)
                  0.06    0.00    2.67 v _82_/A (sky130_fd_sc_hd__or2b_1)
                  0.04    0.23    2.90 v _82_/X (sky130_fd_sc_hd__or2b_1)
     1    0.00                           _36_ (net)
                  0.04    0.00    2.90 v _84_/A3 (sky130_fd_sc_hd__a31o_1)
                  0.04    0.22    3.12 v _84_/X (sky130_fd_sc_hd__a31o_1)
     1    0.00                           _38_ (net)
                  0.04    0.00    3.12 v _85_/B1_N (sky130_fd_sc_hd__o21bai_1)
                  0.05    0.16    3.28 v _85_/Y (sky130_fd_sc_hd__o21bai_1)
     1    0.00                           net14 (net)
                  0.05    0.00    3.28 v output14/A (sky130_fd_sc_hd__clkbuf_4)
                  0.08    0.20    3.48 v output14/X (sky130_fd_sc_hd__clkbuf_4)
     1    0.03                           Y[2] (net)
                  0.08    0.00    3.48 v Y[2] (out)
                                  3.48   data arrival time

                         10.00   10.00   clock clk (rise edge)
                          0.00   10.00   clock network delay (propagated)
                         -0.25    9.75   clock uncertainty
                          0.00    9.75   clock reconvergence pessimism
                         -2.00    7.75   output external delay
                                  7.75   data required time
-----------------------------------------------------------------------------
                                  7.75   data required time
                                 -3.48   data arrival time
-----------------------------------------------------------------------------
                                  4.27   slack (MET)


Startpoint: A[1] (input port clocked by clk)
Endpoint: Y[1] (output port clocked by clk)
Path Group: clk
Path Type: max
Corner: Typical

Fanout     Cap    Slew   Delay    Time   Description
-----------------------------------------------------------------------------
                          0.00    0.00   clock clk (rise edge)
                          0.00    0.00   clock network delay (propagated)
                          2.00    2.00 v input external delay
                  0.01    0.01    2.01 v A[1] (in)
     1    0.00                           A[1] (net)
                  0.01    0.00    2.01 v input2/A (sky130_fd_sc_hd__dlymetal6s2s_1)
                  0.09    0.18    2.19 v input2/X (sky130_fd_sc_hd__dlymetal6s2s_1)
     4    0.02                           net2 (net)
                  0.09    0.00    2.19 v _51_/B (sky130_fd_sc_hd__xor2_2)
                  0.11    0.20    2.39 v _51_/X (sky130_fd_sc_hd__xor2_2)
     5    0.02                           _08_ (net)
                  0.11    0.00    2.39 v _71_/C (sky130_fd_sc_hd__and3_1)
                  0.03    0.21    2.60 v _71_/X (sky130_fd_sc_hd__and3_1)
     1    0.00                           _26_ (net)
                  0.03    0.00    2.60 v _74_/A (sky130_fd_sc_hd__or3b_1)
                  0.07    0.38    2.98 v _74_/X (sky130_fd_sc_hd__or3b_1)
     1    0.00                           _29_ (net)
                  0.07    0.00    2.98 v _79_/A (sky130_fd_sc_hd__nand2_1)
                  0.04    0.07    3.05 ^ _79_/Y (sky130_fd_sc_hd__nand2_1)
     1    0.00                           net13 (net)
                  0.04    0.00    3.05 ^ output13/A (sky130_fd_sc_hd__clkbuf_4)
                  0.11    0.19    3.24 ^ output13/X (sky130_fd_sc_hd__clkbuf_4)
     1    0.03                           Y[1] (net)
                  0.11    0.00    3.24 ^ Y[1] (out)
                                  3.24   data arrival time

                         10.00   10.00   clock clk (rise edge)
                          0.00   10.00   clock network delay (propagated)
                         -0.25    9.75   clock uncertainty
                          0.00    9.75   clock reconvergence pessimism
                         -2.00    7.75   output external delay
                                  7.75   data required time
-----------------------------------------------------------------------------
                                  7.75   data required time
                                 -3.24   data arrival time
-----------------------------------------------------------------------------
                                  4.51   slack (MET)


Startpoint: sel[1] (input port clocked by clk)
Endpoint: Y[0] (output port clocked by clk)
Path Group: clk
Path Type: max
Corner: Typical

Fanout     Cap    Slew   Delay    Time   Description
-----------------------------------------------------------------------------
                          0.00    0.00   clock clk (rise edge)
                          0.00    0.00   clock network delay (propagated)
                          2.00    2.00 ^ input external delay
                  0.02    0.01    2.01 ^ sel[1] (in)
     1    0.00                           sel[1] (net)
                  0.02    0.00    2.01 ^ input10/A (sky130_fd_sc_hd__clkbuf_2)
                  0.13    0.17    2.18 ^ input10/X (sky130_fd_sc_hd__clkbuf_2)
     5    0.02                           net10 (net)
                  0.13    0.00    2.18 ^ _47_/A (sky130_fd_sc_hd__inv_2)
                  0.05    0.08    2.26 v _47_/Y (sky130_fd_sc_hd__inv_2)
     5    0.02                           _04_ (net)
                  0.05    0.00    2.26 v _69_/B1 (sky130_fd_sc_hd__a211o_1)
                  0.05    0.27    2.53 v _69_/X (sky130_fd_sc_hd__a211o_1)
     1    0.00                           _25_ (net)
                  0.05    0.00    2.53 v _70_/C1 (sky130_fd_sc_hd__o211a_1)
                  0.04    0.11    2.64 v _70_/X (sky130_fd_sc_hd__o211a_1)
     1    0.00                           net12 (net)
                  0.04    0.00    2.64 v output12/A (sky130_fd_sc_hd__clkbuf_4)
                  0.08    0.19    2.83 v output12/X (sky130_fd_sc_hd__clkbuf_4)
     1    0.03                           Y[0] (net)
                  0.08    0.00    2.83 v Y[0] (out)
                                  2.83   data arrival time

                         10.00   10.00   clock clk (rise edge)
                          0.00   10.00   clock network delay (propagated)
                         -0.25    9.75   clock uncertainty
                          0.00    9.75   clock reconvergence pessimism
                         -2.00    7.75   output external delay
                                  7.75   data required time
-----------------------------------------------------------------------------
                                  7.75   data required time
                                 -2.83   data arrival time
-----------------------------------------------------------------------------
                                  4.92   slack (MET)



max_report_end
checks_report

===========================================================================
report_checks -unconstrained
===========================================================================
======================= Fastest Corner ===================================

Startpoint: A[1] (input port clocked by clk)
Endpoint: Y[3] (output port clocked by clk)
Path Group: clk
Path Type: max
Corner: Fastest

Fanout     Cap    Slew   Delay    Time   Description
-----------------------------------------------------------------------------
                          0.00    0.00   clock clk (rise edge)
                          0.00    0.00   clock network delay (propagated)
                          2.00    2.00 ^ input external delay
                  0.02    0.01    2.01 ^ A[1] (in)
     1    0.00                           A[1] (net)
                  0.02    0.00    2.01 ^ input2/A (sky130_fd_sc_hd__dlymetal6s2s_1)
                  0.15    0.14    2.15 ^ input2/X (sky130_fd_sc_hd__dlymetal6s2s_1)
     4    0.02                           net2 (net)
                  0.15    0.00    2.15 ^ _51_/B (sky130_fd_sc_hd__xor2_2)
                  0.20    0.19    2.34 ^ _51_/X (sky130_fd_sc_hd__xor2_2)
     5    0.02                           _08_ (net)
                  0.20    0.00    2.34 ^ _53_/A3 (sky130_fd_sc_hd__a31o_1)
                  0.07    0.14    2.47 ^ _53_/X (sky130_fd_sc_hd__a31o_1)
     3    0.01                           _10_ (net)
                  0.07    0.00    2.47 ^ _55_/A2 (sky130_fd_sc_hd__a21oi_1)
                  0.06    0.07    2.55 v _55_/Y (sky130_fd_sc_hd__a21oi_1)
     3    0.01                           _12_ (net)
                  0.06    0.00    2.55 v _87_/B (sky130_fd_sc_hd__or2_1)
                  0.03    0.14    2.68 v _87_/X (sky130_fd_sc_hd__or2_1)
     1    0.00                           _40_ (net)
                  0.03    0.00    2.68 v _90_/A2 (sky130_fd_sc_hd__a32o_1)
                  0.03    0.13    2.82 v _90_/X (sky130_fd_sc_hd__a32o_1)
     1    0.00                           _43_ (net)
                  0.03    0.00    2.82 v _91_/B1 (sky130_fd_sc_hd__a31o_1)
                  0.03    0.07    2.89 v _91_/X (sky130_fd_sc_hd__a31o_1)
     1    0.00                           net15 (net)
                  0.03    0.00    2.89 v output15/A (sky130_fd_sc_hd__clkbuf_4)
                  0.06    0.13    3.01 v output15/X (sky130_fd_sc_hd__clkbuf_4)
     1    0.03                           Y[3] (net)
                  0.06    0.00    3.01 v Y[3] (out)
                                  3.01   data arrival time

                         10.00   10.00   clock clk (rise edge)
                          0.00   10.00   clock network delay (propagated)
                         -0.25    9.75   clock uncertainty
                          0.00    9.75   clock reconvergence pessimism
                         -2.00    7.75   output external delay
                                  7.75   data required time
-----------------------------------------------------------------------------
                                  7.75   data required time
                                 -3.01   data arrival time
-----------------------------------------------------------------------------
                                  4.74   slack (MET)



======================= Slowest Corner ===================================

Startpoint: A[1] (input port clocked by clk)
Endpoint: Y[3] (output port clocked by clk)
Path Group: clk
Path Type: max
Corner: Slowest

Fanout     Cap    Slew   Delay    Time   Description
-----------------------------------------------------------------------------
                          0.00    0.00   clock clk (rise edge)
                          0.00    0.00   clock network delay (propagated)
                          2.00    2.00 ^ input external delay
                  0.04    0.02    2.02 ^ A[1] (in)
     1    0.00                           A[1] (net)
                  0.04    0.00    2.02 ^ input2/A (sky130_fd_sc_hd__dlymetal6s2s_1)
                  0.29    0.32    2.34 ^ input2/X (sky130_fd_sc_hd__dlymetal6s2s_1)
     4    0.02                           net2 (net)
                  0.29    0.00    2.34 ^ _51_/B (sky130_fd_sc_hd__xor2_2)
                  0.41    0.51    2.85 ^ _51_/X (sky130_fd_sc_hd__xor2_2)
     5    0.02                           _08_ (net)
                  0.41    0.00    2.85 ^ _53_/A3 (sky130_fd_sc_hd__a31o_1)
                  0.17    0.50    3.35 ^ _53_/X (sky130_fd_sc_hd__a31o_1)
     3    0.01                           _10_ (net)
                  0.17    0.00    3.35 ^ _55_/A2 (sky130_fd_sc_hd__a21oi_1)
                  0.19    0.26    3.61 v _55_/Y (sky130_fd_sc_hd__a21oi_1)
     3    0.01                           _12_ (net)
                  0.19    0.00    3.61 v _87_/B (sky130_fd_sc_hd__or2_1)
                  0.10    0.53    4.14 v _87_/X (sky130_fd_sc_hd__or2_1)
     1    0.00                           _40_ (net)
                  0.10    0.00    4.14 v _90_/A2 (sky130_fd_sc_hd__a32o_1)
                  0.08    0.48    4.62 v _90_/X (sky130_fd_sc_hd__a32o_1)
     1    0.00                           _43_ (net)
                  0.08    0.00    4.62 v _91_/B1 (sky130_fd_sc_hd__a31o_1)
                  0.06    0.35    4.96 v _91_/X (sky130_fd_sc_hd__a31o_1)
     1    0.00                           net15 (net)
                  0.06    0.00    4.96 v output15/A (sky130_fd_sc_hd__clkbuf_4)
                  0.14    0.34    5.30 v output15/X (sky130_fd_sc_hd__clkbuf_4)
     1    0.03                           Y[3] (net)
                  0.14    0.00    5.30 v Y[3] (out)
                                  5.30   data arrival time

                         10.00   10.00   clock clk (rise edge)
                          0.00   10.00   clock network delay (propagated)
                         -0.25    9.75   clock uncertainty
                          0.00    9.75   clock reconvergence pessimism
                         -2.00    7.75   output external delay
                                  7.75   data required time
-----------------------------------------------------------------------------
                                  7.75   data required time
                                 -5.30   data arrival time
-----------------------------------------------------------------------------
                                  2.45   slack (MET)



======================= Typical Corner ===================================

Startpoint: A[1] (input port clocked by clk)
Endpoint: Y[3] (output port clocked by clk)
Path Group: clk
Path Type: max
Corner: Typical

Fanout     Cap    Slew   Delay    Time   Description
-----------------------------------------------------------------------------
                          0.00    0.00   clock clk (rise edge)
                          0.00    0.00   clock network delay (propagated)
                          2.00    2.00 ^ input external delay
                  0.02    0.01    2.01 ^ A[1] (in)
     1    0.00                           A[1] (net)
                  0.02    0.00    2.01 ^ input2/A (sky130_fd_sc_hd__dlymetal6s2s_1)
                  0.19    0.19    2.21 ^ input2/X (sky130_fd_sc_hd__dlymetal6s2s_1)
     4    0.02                           net2 (net)
                  0.19    0.00    2.21 ^ _51_/B (sky130_fd_sc_hd__xor2_2)
                  0.26    0.29    2.49 ^ _51_/X (sky130_fd_sc_hd__xor2_2)
     5    0.02                           _08_ (net)
                  0.26    0.00    2.49 ^ _53_/A3 (sky130_fd_sc_hd__a31o_1)
                  0.10    0.24    2.73 ^ _53_/X (sky130_fd_sc_hd__a31o_1)
     3    0.01                           _10_ (net)
                  0.10    0.00    2.73 ^ _55_/A2 (sky130_fd_sc_hd__a21oi_1)
                  0.09    0.12    2.85 v _55_/Y (sky130_fd_sc_hd__a21oi_1)
     3    0.01                           _12_ (net)
                  0.09    0.00    2.85 v _87_/B (sky130_fd_sc_hd__or2_1)
                  0.05    0.23    3.08 v _87_/X (sky130_fd_sc_hd__or2_1)
     1    0.00                           _40_ (net)
                  0.05    0.00    3.08 v _90_/A2 (sky130_fd_sc_hd__a32o_1)
                  0.05    0.26    3.33 v _90_/X (sky130_fd_sc_hd__a32o_1)
     1    0.00                           _43_ (net)
                  0.05    0.00    3.34 v _91_/B1 (sky130_fd_sc_hd__a31o_1)
                  0.04    0.19    3.52 v _91_/X (sky130_fd_sc_hd__a31o_1)
     1    0.00                           net15 (net)
                  0.04    0.00    3.52 v output15/A (sky130_fd_sc_hd__clkbuf_4)
                  0.08    0.19    3.71 v output15/X (sky130_fd_sc_hd__clkbuf_4)
     1    0.03                           Y[3] (net)
                  0.08    0.00    3.71 v Y[3] (out)
                                  3.71   data arrival time

                         10.00   10.00   clock clk (rise edge)
                          0.00   10.00   clock network delay (propagated)
                         -0.25    9.75   clock uncertainty
                          0.00    9.75   clock reconvergence pessimism
                         -2.00    7.75   output external delay
                                  7.75   data required time
-----------------------------------------------------------------------------
                                  7.75   data required time
                                 -3.71   data arrival time
-----------------------------------------------------------------------------
                                  4.04   slack (MET)




===========================================================================
report_checks --slack_max -0.01
============================================================================
======================= Fastest Corner ===================================

No paths found.

======================= Slowest Corner ===================================

No paths found.

======================= Typical Corner ===================================

No paths found.


===========================================================================
 report_check_types -max_slew -max_cap -max_fanout -violators
============================================================================
======================= Fastest Corner ===================================


======================= Slowest Corner ===================================


======================= Typical Corner ===================================



===========================================================================
report_parasitic_annotation -report_unannotated
============================================================================
Found 1 unannotated drivers.
 clk
Found 0 partially unannotated drivers.

===========================================================================
max slew violation count 0
max fanout violation count 0
max cap violation count 0
============================================================================

===========================================================================
check_setup -verbose -unconstrained_endpoints -multiple_clock -no_clock -no_input_delay -loops -generated_clocks
===========================================================================
Warning: There is 1 unclocked register/latch pin.
  _92_/GATE_N
Warning: There are 2 unconstrained endpoints.
  Cout
  _92_/D
checks_report_end
power_report

===========================================================================
 report_power
============================================================================
======================= Fastest Corner ===================================

Group                  Internal  Switching    Leakage      Total
                          Power      Power      Power      Power (Watts)
----------------------------------------------------------------
Sequential             9.17e-07   1.80e-07   3.22e-09   1.10e-06   3.6%
Combinational          1.20e-05   1.77e-05   5.30e-10   2.97e-05  96.4%
Macro                  0.00e+00   0.00e+00   0.00e+00   0.00e+00   0.0%
Pad                    0.00e+00   0.00e+00   0.00e+00   0.00e+00   0.0%
----------------------------------------------------------------
Total                  1.29e-05   1.79e-05   3.75e-09   3.08e-05 100.0%
                          41.9%      58.1%       0.0%

======================= Slowest Corner ===================================

Group                  Internal  Switching    Leakage      Total
                          Power      Power      Power      Power (Watts)
----------------------------------------------------------------
Sequential             6.49e-07   1.20e-07   1.28e-08   7.82e-07   3.6%
Combinational          8.97e-06   1.18e-05   2.74e-07   2.10e-05  96.4%
Macro                  0.00e+00   0.00e+00   0.00e+00   0.00e+00   0.0%
Pad                    0.00e+00   0.00e+00   0.00e+00   0.00e+00   0.0%
----------------------------------------------------------------
Total                  9.62e-06   1.19e-05   2.87e-07   2.18e-05 100.0%
                          44.1%      54.6%       1.3%

======================= Typical Corner ===================================

Group                  Internal  Switching    Leakage      Total
                          Power      Power      Power      Power (Watts)
----------------------------------------------------------------
Sequential             8.01e-07   1.52e-07   3.21e-09   9.56e-07   3.6%
Combinational          1.09e-05   1.50e-05   3.96e-10   2.59e-05  96.4%
Macro                  0.00e+00   0.00e+00   0.00e+00   0.00e+00   0.0%
Pad                    0.00e+00   0.00e+00   0.00e+00   0.00e+00   0.0%
----------------------------------------------------------------
Total                  1.17e-05   1.52e-05   3.60e-09   2.69e-05 100.0%
                          43.6%      56.3%       0.0%

power_report_end
skew_report

===========================================================================
report_clock_skew
============================================================================
Clock clk
No launch/capture paths found.

skew_report_end
summary_report

===========================================================================
report_tns
============================================================================
tns 0.00

===========================================================================
report_wns
============================================================================
wns 0.00

===========================================================================
report_worst_slack -max (Setup)
============================================================================
worst slack 2.45

===========================================================================
report_worst_slack -min (Hold)
============================================================================
worst slack 4.06
summary_report_end
[WARNING] Did not save OpenROAD database!
Writing SDF files for all corners…
Writing SDF for the Fastest corner to /openlane/designs/4bit_alu/runs/RUN_2025.08.12_07.29.39/results/routing/mca/process_corner_max/alu.Fastest.sdf…
Writing SDF for the Slowest corner to /openlane/designs/4bit_alu/runs/RUN_2025.08.12_07.29.39/results/routing/mca/process_corner_max/alu.Slowest.sdf…
Writing SDF for the Typical corner to /openlane/designs/4bit_alu/runs/RUN_2025.08.12_07.29.39/results/routing/mca/process_corner_max/alu.Typical.sdf…
Writing timing models for all corners…
Writing timing models for the Fastest corner to /openlane/designs/4bit_alu/runs/RUN_2025.08.12_07.29.39/results/routing/mca/process_corner_max/alu.Fastest.lib…
Writing timing models for the Slowest corner to /openlane/designs/4bit_alu/runs/RUN_2025.08.12_07.29.39/results/routing/mca/process_corner_max/alu.Slowest.lib…
Writing timing models for the Typical corner to /openlane/designs/4bit_alu/runs/RUN_2025.08.12_07.29.39/results/routing/mca/process_corner_max/alu.Typical.lib…
