
===========================================================================
report_checks -path_delay min (Hold)
============================================================================
======================= Typical Corner ===================================

Startpoint: A[0] (input port clocked by clk)
Endpoint: Y[0] (output port clocked by clk)
Path Group: clk
Path Type: min

Fanout     Cap    Slew   Delay    Time   Description
-----------------------------------------------------------------------------
                          0.00    0.00   clock clk (rise edge)
                          0.00    0.00   clock network delay (propagated)
                          2.00    2.00 ^ input external delay
                  0.02    0.01    2.01 ^ A[0] (in)
     1    0.00                           A[0] (net)
                  0.02    0.00    2.01 ^ input1/A (sky130_fd_sc_hd__clkbuf_2)
                  0.09    0.12    2.14 ^ input1/X (sky130_fd_sc_hd__clkbuf_2)
     7    0.02                           net1 (net)
                  0.09    0.00    2.14 ^ _70_/A2 (sky130_fd_sc_hd__o211a_1)
                  0.04    0.13    2.27 ^ _70_/X (sky130_fd_sc_hd__o211a_1)
     1    0.00                           net12 (net)
                  0.04    0.00    2.27 ^ output12/A (sky130_fd_sc_hd__clkbuf_4)
                  0.11    0.17    2.44 ^ output12/X (sky130_fd_sc_hd__clkbuf_4)
     1    0.03                           Y[0] (net)
                  0.11    0.00    2.44 ^ Y[0] (out)
                                  2.44   data arrival time

                          0.00    0.00   clock clk (rise edge)
                          0.00    0.00   clock network delay (propagated)
                          0.25    0.25   clock uncertainty
                          0.00    0.25   clock reconvergence pessimism
                         -2.00   -1.75   output external delay
                                 -1.75   data required time
-----------------------------------------------------------------------------
                                 -1.75   data required time
                                 -2.44   data arrival time
-----------------------------------------------------------------------------
                                  4.19   slack (MET)


Startpoint: sel[1] (input port clocked by clk)
Endpoint: Y[3] (output port clocked by clk)
Path Group: clk
Path Type: min

Fanout     Cap    Slew   Delay    Time   Description
-----------------------------------------------------------------------------
                          0.00    0.00   clock clk (rise edge)
                          0.00    0.00   clock network delay (propagated)
                          2.00    2.00 ^ input external delay
                  0.02    0.01    2.01 ^ sel[1] (in)
     1    0.00                           sel[1] (net)
                  0.02    0.00    2.01 ^ input10/A (sky130_fd_sc_hd__clkbuf_2)
                  0.12    0.14    2.15 ^ input10/X (sky130_fd_sc_hd__clkbuf_2)
     5    0.02                           net10 (net)
                  0.12    0.00    2.15 ^ _91_/A1 (sky130_fd_sc_hd__a31o_1)
                  0.04    0.13    2.28 ^ _91_/X (sky130_fd_sc_hd__a31o_1)
     1    0.00                           net15 (net)
                  0.04    0.00    2.28 ^ output15/A (sky130_fd_sc_hd__clkbuf_4)
                  0.11    0.17    2.46 ^ output15/X (sky130_fd_sc_hd__clkbuf_4)
     1    0.03                           Y[3] (net)
                  0.11    0.00    2.46 ^ Y[3] (out)
                                  2.46   data arrival time

                          0.00    0.00   clock clk (rise edge)
                          0.00    0.00   clock network delay (propagated)
                          0.25    0.25   clock uncertainty
                          0.00    0.25   clock reconvergence pessimism
                         -2.00   -1.75   output external delay
                                 -1.75   data required time
-----------------------------------------------------------------------------
                                 -1.75   data required time
                                 -2.46   data arrival time
-----------------------------------------------------------------------------
                                  4.21   slack (MET)


Startpoint: sel[0] (input port clocked by clk)
Endpoint: Y[2] (output port clocked by clk)
Path Group: clk
Path Type: min

Fanout     Cap    Slew   Delay    Time   Description
-----------------------------------------------------------------------------
                          0.00    0.00   clock clk (rise edge)
                          0.00    0.00   clock network delay (propagated)
                          2.00    2.00 v input external delay
                  0.02    0.01    2.01 v sel[0] (in)
     1    0.01                           sel[0] (net)
                  0.02    0.00    2.01 v input9/A (sky130_fd_sc_hd__clkbuf_2)
                  0.06    0.11    2.12 v input9/X (sky130_fd_sc_hd__clkbuf_2)
     6    0.01                           net9 (net)
                  0.06    0.00    2.12 v _48_/B (sky130_fd_sc_hd__nand2_1)
                  0.11    0.11    2.24 ^ _48_/Y (sky130_fd_sc_hd__nand2_1)
     3    0.01                           _05_ (net)
                  0.11    0.00    2.24 ^ _85_/A1 (sky130_fd_sc_hd__o21bai_1)
                  0.04    0.08    2.32 v _85_/Y (sky130_fd_sc_hd__o21bai_1)
     1    0.00                           net14 (net)
                  0.04    0.00    2.32 v output14/A (sky130_fd_sc_hd__clkbuf_4)
                  0.09    0.17    2.49 v output14/X (sky130_fd_sc_hd__clkbuf_4)
     1    0.04                           Y[2] (net)
                  0.09    0.00    2.50 v Y[2] (out)
                                  2.50   data arrival time

                          0.00    0.00   clock clk (rise edge)
                          0.00    0.00   clock network delay (propagated)
                          0.25    0.25   clock uncertainty
                          0.00    0.25   clock reconvergence pessimism
                         -2.00   -1.75   output external delay
                                 -1.75   data required time
-----------------------------------------------------------------------------
                                 -1.75   data required time
                                 -2.50   data arrival time
-----------------------------------------------------------------------------
                                  4.25   slack (MET)


Startpoint: sel[0] (input port clocked by clk)
Endpoint: Y[1] (output port clocked by clk)
Path Group: clk
Path Type: min

Fanout     Cap    Slew   Delay    Time   Description
-----------------------------------------------------------------------------
                          0.00    0.00   clock clk (rise edge)
                          0.00    0.00   clock network delay (propagated)
                          2.00    2.00 v input external delay
                  0.02    0.01    2.01 v sel[0] (in)
     1    0.01                           sel[0] (net)
                  0.02    0.00    2.01 v input9/A (sky130_fd_sc_hd__clkbuf_2)
                  0.06    0.11    2.12 v input9/X (sky130_fd_sc_hd__clkbuf_2)
     6    0.01                           net9 (net)
                  0.06    0.00    2.12 v _75_/B1 (sky130_fd_sc_hd__o21ai_1)
                  0.09    0.08    2.20 ^ _75_/Y (sky130_fd_sc_hd__o21ai_1)
     1    0.00                           _30_ (net)
                  0.09    0.00    2.20 ^ _78_/A1 (sky130_fd_sc_hd__a221o_1)
                  0.05    0.14    2.34 ^ _78_/X (sky130_fd_sc_hd__a221o_1)
     1    0.00                           _33_ (net)
                  0.05    0.00    2.34 ^ _79_/B (sky130_fd_sc_hd__nand2_1)
                  0.03    0.05    2.39 v _79_/Y (sky130_fd_sc_hd__nand2_1)
     1    0.00                           net13 (net)
                  0.03    0.00    2.39 v output13/A (sky130_fd_sc_hd__clkbuf_4)
                  0.08    0.17    2.56 v output13/X (sky130_fd_sc_hd__clkbuf_4)
     1    0.03                           Y[1] (net)
                  0.08    0.00    2.56 v Y[1] (out)
                                  2.56   data arrival time

                          0.00    0.00   clock clk (rise edge)
                          0.00    0.00   clock network delay (propagated)
                          0.25    0.25   clock uncertainty
                          0.00    0.25   clock reconvergence pessimism
                         -2.00   -1.75   output external delay
                                 -1.75   data required time
-----------------------------------------------------------------------------
                                 -1.75   data required time
                                 -2.56   data arrival time
-----------------------------------------------------------------------------
                                  4.31   slack (MET)



