OpenROAD 41a51eaf4ca2171c92ff38afb91eb37bbd3f36da 
This program is licensed under the BSD-3 license. See the LICENSE file for details.
Components of this program may be licensed under more restrictive licenses which must be honored.
[INFO]: Reading ODB at '/openlane/designs/4bit_alu/runs/RUN_2025.08.12_07.29.39/tmp/routing/19-global.odb'…
define_corners Typical
read_liberty -corner Typical /home/chittesh/.ciel/sky130A/libs.ref/sky130_fd_sc_hd/lib/sky130_fd_sc_hd__tt_025C_1v80.lib
Using 1e-12 for capacitance...
Using 1e+03 for resistance...
Using 1e-09 for time...
Using 1e+00 for voltage...
Using 1e-03 for current...
Using 1e-09 for power...
Using 1e-06 for distance...
Reading design constraints file at '/openlane/designs/4bit_alu/runs/RUN_2025.08.12_07.29.39/tmp/17-alu.sdc'…
min_report

===========================================================================
report_checks -path_delay min (Hold)
============================================================================
======================= Typical Corner ===================================

Startpoint: sel[1] (input port clocked by clk)
Endpoint: Y[3] (output port clocked by clk)
Path Group: clk
Path Type: min

Fanout     Cap    Slew   Delay    Time   Description
-----------------------------------------------------------------------------
                          0.00    0.00   clock clk (rise edge)
                          0.00    0.00   clock network delay (propagated)
                          2.00    2.00 ^ input external delay
                  0.02    0.01    2.01 ^ sel[1] (in)
     1    0.00                           sel[1] (net)
                  0.02    0.00    2.01 ^ input10/A (sky130_fd_sc_hd__clkbuf_2)
                  0.09    0.12    2.13 ^ input10/X (sky130_fd_sc_hd__clkbuf_2)
     5    0.01                           net10 (net)
                  0.09    0.00    2.13 ^ _91_/A1 (sky130_fd_sc_hd__a31o_1)
                  0.04    0.12    2.25 ^ _91_/X (sky130_fd_sc_hd__a31o_1)
     1    0.00                           net15 (net)
                  0.04    0.00    2.25 ^ output15/A (sky130_fd_sc_hd__clkbuf_4)
                  0.11    0.17    2.42 ^ output15/X (sky130_fd_sc_hd__clkbuf_4)
     1    0.03                           Y[3] (net)
                  0.11    0.00    2.42 ^ Y[3] (out)
                                  2.42   data arrival time

                          0.00    0.00   clock clk (rise edge)
                          0.00    0.00   clock network delay (propagated)
                          0.25    0.25   clock uncertainty
                          0.00    0.25   clock reconvergence pessimism
                         -2.00   -1.75   output external delay
                                 -1.75   data required time
-----------------------------------------------------------------------------
                                 -1.75   data required time
                                 -2.42   data arrival time
-----------------------------------------------------------------------------
                                  4.17   slack (MET)


Startpoint: A[0] (input port clocked by clk)
Endpoint: Y[0] (output port clocked by clk)
Path Group: clk
Path Type: min

Fanout     Cap    Slew   Delay    Time   Description
-----------------------------------------------------------------------------
                          0.00    0.00   clock clk (rise edge)
                          0.00    0.00   clock network delay (propagated)
                          2.00    2.00 ^ input external delay
                  0.02    0.01    2.01 ^ A[0] (in)
     1    0.00                           A[0] (net)
                  0.02    0.00    2.01 ^ input1/A (sky130_fd_sc_hd__clkbuf_2)
                  0.09    0.12    2.13 ^ input1/X (sky130_fd_sc_hd__clkbuf_2)
     7    0.02                           net1 (net)
                  0.09    0.00    2.13 ^ _70_/A2 (sky130_fd_sc_hd__o211a_1)
                  0.04    0.13    2.26 ^ _70_/X (sky130_fd_sc_hd__o211a_1)
     1    0.00                           net12 (net)
                  0.04    0.00    2.26 ^ output12/A (sky130_fd_sc_hd__clkbuf_4)
                  0.11    0.17    2.43 ^ output12/X (sky130_fd_sc_hd__clkbuf_4)
     1    0.03                           Y[0] (net)
                  0.11    0.00    2.43 ^ Y[0] (out)
                                  2.43   data arrival time

                          0.00    0.00   clock clk (rise edge)
                          0.00    0.00   clock network delay (propagated)
                          0.25    0.25   clock uncertainty
                          0.00    0.25   clock reconvergence pessimism
                         -2.00   -1.75   output external delay
                                 -1.75   data required time
-----------------------------------------------------------------------------
                                 -1.75   data required time
                                 -2.43   data arrival time
-----------------------------------------------------------------------------
                                  4.18   slack (MET)


Startpoint: sel[0] (input port clocked by clk)
Endpoint: Y[2] (output port clocked by clk)
Path Group: clk
Path Type: min

Fanout     Cap    Slew   Delay    Time   Description
-----------------------------------------------------------------------------
                          0.00    0.00   clock clk (rise edge)
                          0.00    0.00   clock network delay (propagated)
                          2.00    2.00 v input external delay
                  0.01    0.00    2.00 v sel[0] (in)
     1    0.00                           sel[0] (net)
                  0.01    0.00    2.00 v input9/A (sky130_fd_sc_hd__clkbuf_2)
                  0.06    0.11    2.11 v input9/X (sky130_fd_sc_hd__clkbuf_2)
     6    0.01                           net9 (net)
                  0.06    0.00    2.11 v _48_/B (sky130_fd_sc_hd__nand2_1)
                  0.08    0.09    2.20 ^ _48_/Y (sky130_fd_sc_hd__nand2_1)
     3    0.01                           _05_ (net)
                  0.08    0.00    2.20 ^ _85_/A1 (sky130_fd_sc_hd__o21bai_1)
                  0.03    0.07    2.27 v _85_/Y (sky130_fd_sc_hd__o21bai_1)
     1    0.00                           net14 (net)
                  0.03    0.00    2.27 v output14/A (sky130_fd_sc_hd__clkbuf_4)
                  0.08    0.17    2.43 v output14/X (sky130_fd_sc_hd__clkbuf_4)
     1    0.03                           Y[2] (net)
                  0.08    0.00    2.43 v Y[2] (out)
                                  2.43   data arrival time

                          0.00    0.00   clock clk (rise edge)
                          0.00    0.00   clock network delay (propagated)
                          0.25    0.25   clock uncertainty
                          0.00    0.25   clock reconvergence pessimism
                         -2.00   -1.75   output external delay
                                 -1.75   data required time
-----------------------------------------------------------------------------
                                 -1.75   data required time
                                 -2.43   data arrival time
-----------------------------------------------------------------------------
                                  4.18   slack (MET)


Startpoint: sel[0] (input port clocked by clk)
Endpoint: Y[1] (output port clocked by clk)
Path Group: clk
Path Type: min

Fanout     Cap    Slew   Delay    Time   Description
-----------------------------------------------------------------------------
                          0.00    0.00   clock clk (rise edge)
                          0.00    0.00   clock network delay (propagated)
                          2.00    2.00 v input external delay
                  0.01    0.00    2.00 v sel[0] (in)
     1    0.00                           sel[0] (net)
                  0.01    0.00    2.00 v input9/A (sky130_fd_sc_hd__clkbuf_2)
                  0.06    0.11    2.11 v input9/X (sky130_fd_sc_hd__clkbuf_2)
     6    0.01                           net9 (net)
                  0.06    0.00    2.11 v _75_/B1 (sky130_fd_sc_hd__o21ai_1)
                  0.07    0.07    2.18 ^ _75_/Y (sky130_fd_sc_hd__o21ai_1)
     1    0.00                           _30_ (net)
                  0.07    0.00    2.18 ^ _78_/A1 (sky130_fd_sc_hd__a221o_1)
                  0.04    0.13    2.31 ^ _78_/X (sky130_fd_sc_hd__a221o_1)
     1    0.00                           _33_ (net)
                  0.04    0.00    2.31 ^ _79_/B (sky130_fd_sc_hd__nand2_1)
                  0.03    0.04    2.35 v _79_/Y (sky130_fd_sc_hd__nand2_1)
     1    0.00                           net13 (net)
                  0.03    0.00    2.35 v output13/A (sky130_fd_sc_hd__clkbuf_4)
                  0.08    0.16    2.51 v output13/X (sky130_fd_sc_hd__clkbuf_4)
     1    0.03                           Y[1] (net)
                  0.08    0.00    2.51 v Y[1] (out)
                                  2.51   data arrival time

                          0.00    0.00   clock clk (rise edge)
                          0.00    0.00   clock network delay (propagated)
                          0.25    0.25   clock uncertainty
                          0.00    0.25   clock reconvergence pessimism
                         -2.00   -1.75   output external delay
                                 -1.75   data required time
-----------------------------------------------------------------------------
                                 -1.75   data required time
                                 -2.51   data arrival time
-----------------------------------------------------------------------------
                                  4.26   slack (MET)



min_report_end
max_report

===========================================================================
report_checks -path_delay max (Setup)
============================================================================
======================= Typical Corner ===================================

Startpoint: A[1] (input port clocked by clk)
Endpoint: Y[3] (output port clocked by clk)
Path Group: clk
Path Type: max

Fanout     Cap    Slew   Delay    Time   Description
-----------------------------------------------------------------------------
                          0.00    0.00   clock clk (rise edge)
                          0.00    0.00   clock network delay (propagated)
                          2.00    2.00 ^ input external delay
                  0.02    0.01    2.01 ^ A[1] (in)
     1    0.00                           A[1] (net)
                  0.02    0.00    2.01 ^ input2/A (sky130_fd_sc_hd__dlymetal6s2s_1)
                  0.17    0.17    2.17 ^ input2/X (sky130_fd_sc_hd__dlymetal6s2s_1)
     4    0.01                           net2 (net)
                  0.17    0.00    2.17 ^ _51_/B (sky130_fd_sc_hd__xor2_2)
                  0.21    0.24    2.41 ^ _51_/X (sky130_fd_sc_hd__xor2_2)
     5    0.01                           _08_ (net)
                  0.21    0.00    2.41 ^ _53_/A3 (sky130_fd_sc_hd__a31o_1)
                  0.08    0.21    2.62 ^ _53_/X (sky130_fd_sc_hd__a31o_1)
     3    0.01                           _10_ (net)
                  0.08    0.00    2.62 ^ _55_/A2 (sky130_fd_sc_hd__a21oi_1)
                  0.07    0.09    2.71 v _55_/Y (sky130_fd_sc_hd__a21oi_1)
     3    0.01                           _12_ (net)
                  0.07    0.00    2.71 v _87_/B (sky130_fd_sc_hd__or2_1)
                  0.05    0.21    2.92 v _87_/X (sky130_fd_sc_hd__or2_1)
     1    0.00                           _40_ (net)
                  0.05    0.00    2.92 v _90_/A2 (sky130_fd_sc_hd__a32o_1)
                  0.04    0.25    3.17 v _90_/X (sky130_fd_sc_hd__a32o_1)
     1    0.00                           _43_ (net)
                  0.04    0.00    3.17 v _91_/B1 (sky130_fd_sc_hd__a31o_1)
                  0.03    0.18    3.35 v _91_/X (sky130_fd_sc_hd__a31o_1)
     1    0.00                           net15 (net)
                  0.03    0.00    3.35 v output15/A (sky130_fd_sc_hd__clkbuf_4)
                  0.08    0.19    3.53 v output15/X (sky130_fd_sc_hd__clkbuf_4)
     1    0.03                           Y[3] (net)
                  0.08    0.00    3.53 v Y[3] (out)
                                  3.53   data arrival time

                         10.00   10.00   clock clk (rise edge)
                          0.00   10.00   clock network delay (propagated)
                         -0.25    9.75   clock uncertainty
                          0.00    9.75   clock reconvergence pessimism
                         -2.00    7.75   output external delay
                                  7.75   data required time
-----------------------------------------------------------------------------
                                  7.75   data required time
                                 -3.53   data arrival time
-----------------------------------------------------------------------------
                                  4.22   slack (MET)


Startpoint: A[1] (input port clocked by clk)
Endpoint: Y[2] (output port clocked by clk)
Path Group: clk
Path Type: max

Fanout     Cap    Slew   Delay    Time   Description
-----------------------------------------------------------------------------
                          0.00    0.00   clock clk (rise edge)
                          0.00    0.00   clock network delay (propagated)
                          2.00    2.00 v input external delay
                  0.01    0.00    2.00 v A[1] (in)
     1    0.00                           A[1] (net)
                  0.01    0.00    2.00 v input2/A (sky130_fd_sc_hd__dlymetal6s2s_1)
                  0.08    0.17    2.17 v input2/X (sky130_fd_sc_hd__dlymetal6s2s_1)
     4    0.01                           net2 (net)
                  0.08    0.00    2.17 v _51_/B (sky130_fd_sc_hd__xor2_2)
                  0.09    0.18    2.35 v _51_/X (sky130_fd_sc_hd__xor2_2)
     5    0.01                           _08_ (net)
                  0.09    0.00    2.35 v _53_/A3 (sky130_fd_sc_hd__a31o_1)
                  0.05    0.26    2.61 v _53_/X (sky130_fd_sc_hd__a31o_1)
     3    0.01                           _10_ (net)
                  0.05    0.00    2.61 v _82_/A (sky130_fd_sc_hd__or2b_1)
                  0.04    0.22    2.84 v _82_/X (sky130_fd_sc_hd__or2b_1)
     1    0.00                           _36_ (net)
                  0.04    0.00    2.84 v _84_/A3 (sky130_fd_sc_hd__a31o_1)
                  0.03    0.21    3.05 v _84_/X (sky130_fd_sc_hd__a31o_1)
     1    0.00                           _38_ (net)
                  0.03    0.00    3.05 v _85_/B1_N (sky130_fd_sc_hd__o21bai_1)
                  0.04    0.14    3.19 v _85_/Y (sky130_fd_sc_hd__o21bai_1)
     1    0.00                           net14 (net)
                  0.04    0.00    3.19 v output14/A (sky130_fd_sc_hd__clkbuf_4)
                  0.08    0.19    3.38 v output14/X (sky130_fd_sc_hd__clkbuf_4)
     1    0.03                           Y[2] (net)
                  0.08    0.00    3.38 v Y[2] (out)
                                  3.38   data arrival time

                         10.00   10.00   clock clk (rise edge)
                          0.00   10.00   clock network delay (propagated)
                         -0.25    9.75   clock uncertainty
                          0.00    9.75   clock reconvergence pessimism
                         -2.00    7.75   output external delay
                                  7.75   data required time
-----------------------------------------------------------------------------
                                  7.75   data required time
                                 -3.38   data arrival time
-----------------------------------------------------------------------------
                                  4.37   slack (MET)


Startpoint: A[1] (input port clocked by clk)
Endpoint: Y[1] (output port clocked by clk)
Path Group: clk
Path Type: max

Fanout     Cap    Slew   Delay    Time   Description
-----------------------------------------------------------------------------
                          0.00    0.00   clock clk (rise edge)
                          0.00    0.00   clock network delay (propagated)
                          2.00    2.00 v input external delay
                  0.01    0.00    2.00 v A[1] (in)
     1    0.00                           A[1] (net)
                  0.01    0.00    2.00 v input2/A (sky130_fd_sc_hd__dlymetal6s2s_1)
                  0.08    0.17    2.17 v input2/X (sky130_fd_sc_hd__dlymetal6s2s_1)
     4    0.01                           net2 (net)
                  0.08    0.00    2.17 v _51_/B (sky130_fd_sc_hd__xor2_2)
                  0.09    0.18    2.35 v _51_/X (sky130_fd_sc_hd__xor2_2)
     5    0.01                           _08_ (net)
                  0.09    0.00    2.35 v _71_/C (sky130_fd_sc_hd__and3_1)
                  0.03    0.19    2.55 v _71_/X (sky130_fd_sc_hd__and3_1)
     1    0.00                           _26_ (net)
                  0.03    0.00    2.55 v _74_/A (sky130_fd_sc_hd__or3b_1)
                  0.06    0.37    2.92 v _74_/X (sky130_fd_sc_hd__or3b_1)
     1    0.00                           _29_ (net)
                  0.06    0.00    2.92 v _79_/A (sky130_fd_sc_hd__nand2_1)
                  0.04    0.06    2.98 ^ _79_/Y (sky130_fd_sc_hd__nand2_1)
     1    0.00                           net13 (net)
                  0.04    0.00    2.98 ^ output13/A (sky130_fd_sc_hd__clkbuf_4)
                  0.11    0.19    3.17 ^ output13/X (sky130_fd_sc_hd__clkbuf_4)
     1    0.03                           Y[1] (net)
                  0.11    0.00    3.17 ^ Y[1] (out)
                                  3.17   data arrival time

                         10.00   10.00   clock clk (rise edge)
                          0.00   10.00   clock network delay (propagated)
                         -0.25    9.75   clock uncertainty
                          0.00    9.75   clock reconvergence pessimism
                         -2.00    7.75   output external delay
                                  7.75   data required time
-----------------------------------------------------------------------------
                                  7.75   data required time
                                 -3.17   data arrival time
-----------------------------------------------------------------------------
                                  4.58   slack (MET)


Startpoint: sel[1] (input port clocked by clk)
Endpoint: Y[0] (output port clocked by clk)
Path Group: clk
Path Type: max

Fanout     Cap    Slew   Delay    Time   Description
-----------------------------------------------------------------------------
                          0.00    0.00   clock clk (rise edge)
                          0.00    0.00   clock network delay (propagated)
                          2.00    2.00 ^ input external delay
                  0.02    0.01    2.01 ^ sel[1] (in)
     1    0.00                           sel[1] (net)
                  0.02    0.00    2.01 ^ input10/A (sky130_fd_sc_hd__clkbuf_2)
                  0.09    0.13    2.14 ^ input10/X (sky130_fd_sc_hd__clkbuf_2)
     5    0.01                           net10 (net)
                  0.09    0.00    2.14 ^ _47_/A (sky130_fd_sc_hd__inv_2)
                  0.04    0.06    2.20 v _47_/Y (sky130_fd_sc_hd__inv_2)
     5    0.01                           _04_ (net)
                  0.04    0.00    2.20 v _69_/B1 (sky130_fd_sc_hd__a211o_1)
                  0.05    0.27    2.46 v _69_/X (sky130_fd_sc_hd__a211o_1)
     1    0.00                           _25_ (net)
                  0.05    0.00    2.46 v _70_/C1 (sky130_fd_sc_hd__o211a_1)
                  0.04    0.10    2.57 v _70_/X (sky130_fd_sc_hd__o211a_1)
     1    0.00                           net12 (net)
                  0.04    0.00    2.57 v output12/A (sky130_fd_sc_hd__clkbuf_4)
                  0.08    0.19    2.75 v output12/X (sky130_fd_sc_hd__clkbuf_4)
     1    0.03                           Y[0] (net)
                  0.08    0.00    2.75 v Y[0] (out)
                                  2.75   data arrival time

                         10.00   10.00   clock clk (rise edge)
                          0.00   10.00   clock network delay (propagated)
                         -0.25    9.75   clock uncertainty
                          0.00    9.75   clock reconvergence pessimism
                         -2.00    7.75   output external delay
                                  7.75   data required time
-----------------------------------------------------------------------------
                                  7.75   data required time
                                 -2.75   data arrival time
-----------------------------------------------------------------------------
                                  5.00   slack (MET)



max_report_end
checks_report

===========================================================================
report_checks -unconstrained
===========================================================================
======================= Typical Corner ===================================

Startpoint: A[1] (input port clocked by clk)
Endpoint: Y[3] (output port clocked by clk)
Path Group: clk
Path Type: max

Fanout     Cap    Slew   Delay    Time   Description
-----------------------------------------------------------------------------
                          0.00    0.00   clock clk (rise edge)
                          0.00    0.00   clock network delay (propagated)
                          2.00    2.00 ^ input external delay
                  0.02    0.01    2.01 ^ A[1] (in)
     1    0.00                           A[1] (net)
                  0.02    0.00    2.01 ^ input2/A (sky130_fd_sc_hd__dlymetal6s2s_1)
                  0.17    0.17    2.17 ^ input2/X (sky130_fd_sc_hd__dlymetal6s2s_1)
     4    0.01                           net2 (net)
                  0.17    0.00    2.17 ^ _51_/B (sky130_fd_sc_hd__xor2_2)
                  0.21    0.24    2.41 ^ _51_/X (sky130_fd_sc_hd__xor2_2)
     5    0.01                           _08_ (net)
                  0.21    0.00    2.41 ^ _53_/A3 (sky130_fd_sc_hd__a31o_1)
                  0.08    0.21    2.62 ^ _53_/X (sky130_fd_sc_hd__a31o_1)
     3    0.01                           _10_ (net)
                  0.08    0.00    2.62 ^ _55_/A2 (sky130_fd_sc_hd__a21oi_1)
                  0.07    0.09    2.71 v _55_/Y (sky130_fd_sc_hd__a21oi_1)
     3    0.01                           _12_ (net)
                  0.07    0.00    2.71 v _87_/B (sky130_fd_sc_hd__or2_1)
                  0.05    0.21    2.92 v _87_/X (sky130_fd_sc_hd__or2_1)
     1    0.00                           _40_ (net)
                  0.05    0.00    2.92 v _90_/A2 (sky130_fd_sc_hd__a32o_1)
                  0.04    0.25    3.17 v _90_/X (sky130_fd_sc_hd__a32o_1)
     1    0.00                           _43_ (net)
                  0.04    0.00    3.17 v _91_/B1 (sky130_fd_sc_hd__a31o_1)
                  0.03    0.18    3.35 v _91_/X (sky130_fd_sc_hd__a31o_1)
     1    0.00                           net15 (net)
                  0.03    0.00    3.35 v output15/A (sky130_fd_sc_hd__clkbuf_4)
                  0.08    0.19    3.53 v output15/X (sky130_fd_sc_hd__clkbuf_4)
     1    0.03                           Y[3] (net)
                  0.08    0.00    3.53 v Y[3] (out)
                                  3.53   data arrival time

                         10.00   10.00   clock clk (rise edge)
                          0.00   10.00   clock network delay (propagated)
                         -0.25    9.75   clock uncertainty
                          0.00    9.75   clock reconvergence pessimism
                         -2.00    7.75   output external delay
                                  7.75   data required time
-----------------------------------------------------------------------------
                                  7.75   data required time
                                 -3.53   data arrival time
-----------------------------------------------------------------------------
                                  4.22   slack (MET)




===========================================================================
report_checks --slack_max -0.01
============================================================================
======================= Typical Corner ===================================

No paths found.


===========================================================================
 report_check_types -max_slew -max_cap -max_fanout -violators
============================================================================
======================= Typical Corner ===================================



===========================================================================
report_parasitic_annotation -report_unannotated
============================================================================
Found 75 unannotated drivers.
 A[0]
 A[1]
 A[2]
 A[3]
 B[0]
 B[1]
 B[2]
 B[3]
 clk
 sel[0]
 sel[1]
 _44_/X
 _45_/X
 _46_/X
 _47_/Y
 _48_/Y
 _49_/Y
 _50_/X
 _51_/X
 _52_/X
 _53_/X
 _54_/X
 _55_/Y
 _56_/Y
 _57_/Y
 _58_/Y
 _59_/Y
 _60_/X
 _61_/X
 _62_/Y
 _63_/X
 _64_/X
 _65_/Y
 _66_/X
 _67_/X
 _68_/Y
 _69_/X
 _70_/X
 _71_/X
 _72_/Y
 _73_/Y
 _74_/X
 _75_/Y
 _76_/Y
 _77_/Y
 _78_/X
 _79_/Y
 _80_/Y
 _81_/Y
 _82_/X
 _83_/X
 _84_/X
 _85_/Y
 _86_/X
 _87_/X
 _88_/Y
 _89_/X
 _90_/X
 _91_/X
 _92_/Q
 input1/X
 input10/X
 input2/X
 input3/X
 input4/X
 input5/X
 input6/X
 input7/X
 input8/X
 input9/X
 output11/X
 output12/X
 output13/X
 output14/X
 output15/X
Found 0 partially unannotated drivers.

===========================================================================
max slew violation count 0
max fanout violation count 0
max cap violation count 0
============================================================================

===========================================================================
check_setup -verbose -unconstrained_endpoints -multiple_clock -no_clock -no_input_delay -loops -generated_clocks
===========================================================================
Warning: There is 1 unclocked register/latch pin.
  _92_/GATE_N
Warning: There are 2 unconstrained endpoints.
  Cout
  _92_/D
checks_report_end
power_report

===========================================================================
 report_power
============================================================================
======================= Typical Corner ===================================

Group                  Internal  Switching    Leakage      Total
                          Power      Power      Power      Power (Watts)
----------------------------------------------------------------
Sequential             7.95e-07   9.63e-08   8.12e-12   8.91e-07   3.8%
Combinational          1.09e-05   1.17e-05   2.88e-10   2.26e-05  96.2%
Macro                  0.00e+00   0.00e+00   0.00e+00   0.00e+00   0.0%
Pad                    0.00e+00   0.00e+00   0.00e+00   0.00e+00   0.0%
----------------------------------------------------------------
Total                  1.17e-05   1.18e-05   2.96e-10   2.35e-05 100.0%
                          49.7%      50.3%       0.0%

power_report_end
skew_report

===========================================================================
report_clock_skew
============================================================================
Clock clk
No launch/capture paths found.

skew_report_end
summary_report

===========================================================================
report_tns
============================================================================
tns 0.00

===========================================================================
report_wns
============================================================================
wns 0.00

===========================================================================
report_worst_slack -max (Setup)
============================================================================
worst slack 4.22

===========================================================================
report_worst_slack -min (Hold)
============================================================================
worst slack 4.17
summary_report_end
area_report

===========================================================================
report_design_area
============================================================================
Design area 439 u^2 33% utilization.
area_report_end
[WARNING] Did not save OpenROAD database!
