
===========================================================================
report_checks -path_delay min (Hold)
============================================================================
======================= Typical Corner ===================================

Startpoint: sel[1] (input port clocked by clk)
Endpoint: Y[3] (output port clocked by clk)
Path Group: clk
Path Type: min

Fanout     Cap    Slew   Delay    Time   Description
-----------------------------------------------------------------------------
                          0.00    0.00   clock clk (rise edge)
                          0.00    0.00   clock network delay (propagated)
                          2.00    2.00 ^ input external delay
                  0.02    0.01    2.01 ^ sel[1] (in)
     1    0.00                           sel[1] (net)
                  0.02    0.00    2.01 ^ input10/A (sky130_fd_sc_hd__clkbuf_2)
                  0.09    0.12    2.13 ^ input10/X (sky130_fd_sc_hd__clkbuf_2)
     5    0.01                           net10 (net)
                  0.09    0.00    2.13 ^ _91_/A1 (sky130_fd_sc_hd__a31o_1)
                  0.04    0.12    2.25 ^ _91_/X (sky130_fd_sc_hd__a31o_1)
     1    0.00                           net15 (net)
                  0.04    0.00    2.25 ^ output15/A (sky130_fd_sc_hd__clkbuf_4)
                  0.11    0.17    2.42 ^ output15/X (sky130_fd_sc_hd__clkbuf_4)
     1    0.03                           Y[3] (net)
                  0.11    0.00    2.42 ^ Y[3] (out)
                                  2.42   data arrival time

                          0.00    0.00   clock clk (rise edge)
                          0.00    0.00   clock network delay (propagated)
                          0.25    0.25   clock uncertainty
                          0.00    0.25   clock reconvergence pessimism
                         -2.00   -1.75   output external delay
                                 -1.75   data required time
-----------------------------------------------------------------------------
                                 -1.75   data required time
                                 -2.42   data arrival time
-----------------------------------------------------------------------------
                                  4.17   slack (MET)


Startpoint: A[0] (input port clocked by clk)
Endpoint: Y[0] (output port clocked by clk)
Path Group: clk
Path Type: min

Fanout     Cap    Slew   Delay    Time   Description
-----------------------------------------------------------------------------
                          0.00    0.00   clock clk (rise edge)
                          0.00    0.00   clock network delay (propagated)
                          2.00    2.00 ^ input external delay
                  0.02    0.01    2.01 ^ A[0] (in)
     1    0.00                           A[0] (net)
                  0.02    0.00    2.01 ^ input1/A (sky130_fd_sc_hd__clkbuf_2)
                  0.09    0.12    2.13 ^ input1/X (sky130_fd_sc_hd__clkbuf_2)
     7    0.02                           net1 (net)
                  0.09    0.00    2.13 ^ _70_/A2 (sky130_fd_sc_hd__o211a_1)
                  0.04    0.13    2.26 ^ _70_/X (sky130_fd_sc_hd__o211a_1)
     1    0.00                           net12 (net)
                  0.04    0.00    2.26 ^ output12/A (sky130_fd_sc_hd__clkbuf_4)
                  0.11    0.17    2.43 ^ output12/X (sky130_fd_sc_hd__clkbuf_4)
     1    0.03                           Y[0] (net)
                  0.11    0.00    2.43 ^ Y[0] (out)
                                  2.43   data arrival time

                          0.00    0.00   clock clk (rise edge)
                          0.00    0.00   clock network delay (propagated)
                          0.25    0.25   clock uncertainty
                          0.00    0.25   clock reconvergence pessimism
                         -2.00   -1.75   output external delay
                                 -1.75   data required time
-----------------------------------------------------------------------------
                                 -1.75   data required time
                                 -2.43   data arrival time
-----------------------------------------------------------------------------
                                  4.18   slack (MET)


Startpoint: sel[0] (input port clocked by clk)
Endpoint: Y[2] (output port clocked by clk)
Path Group: clk
Path Type: min

Fanout     Cap    Slew   Delay    Time   Description
-----------------------------------------------------------------------------
                          0.00    0.00   clock clk (rise edge)
                          0.00    0.00   clock network delay (propagated)
                          2.00    2.00 v input external delay
                  0.01    0.00    2.00 v sel[0] (in)
     1    0.00                           sel[0] (net)
                  0.01    0.00    2.00 v input9/A (sky130_fd_sc_hd__clkbuf_2)
                  0.06    0.11    2.11 v input9/X (sky130_fd_sc_hd__clkbuf_2)
     6    0.01                           net9 (net)
                  0.06    0.00    2.11 v _48_/B (sky130_fd_sc_hd__nand2_1)
                  0.08    0.09    2.20 ^ _48_/Y (sky130_fd_sc_hd__nand2_1)
     3    0.01                           _05_ (net)
                  0.08    0.00    2.20 ^ _85_/A1 (sky130_fd_sc_hd__o21bai_1)
                  0.03    0.07    2.27 v _85_/Y (sky130_fd_sc_hd__o21bai_1)
     1    0.00                           net14 (net)
                  0.03    0.00    2.27 v output14/A (sky130_fd_sc_hd__clkbuf_4)
                  0.08    0.17    2.43 v output14/X (sky130_fd_sc_hd__clkbuf_4)
     1    0.03                           Y[2] (net)
                  0.08    0.00    2.43 v Y[2] (out)
                                  2.43   data arrival time

                          0.00    0.00   clock clk (rise edge)
                          0.00    0.00   clock network delay (propagated)
                          0.25    0.25   clock uncertainty
                          0.00    0.25   clock reconvergence pessimism
                         -2.00   -1.75   output external delay
                                 -1.75   data required time
-----------------------------------------------------------------------------
                                 -1.75   data required time
                                 -2.43   data arrival time
-----------------------------------------------------------------------------
                                  4.18   slack (MET)


Startpoint: sel[0] (input port clocked by clk)
Endpoint: Y[1] (output port clocked by clk)
Path Group: clk
Path Type: min

Fanout     Cap    Slew   Delay    Time   Description
-----------------------------------------------------------------------------
                          0.00    0.00   clock clk (rise edge)
                          0.00    0.00   clock network delay (propagated)
                          2.00    2.00 v input external delay
                  0.01    0.00    2.00 v sel[0] (in)
     1    0.00                           sel[0] (net)
                  0.01    0.00    2.00 v input9/A (sky130_fd_sc_hd__clkbuf_2)
                  0.06    0.11    2.11 v input9/X (sky130_fd_sc_hd__clkbuf_2)
     6    0.01                           net9 (net)
                  0.06    0.00    2.11 v _75_/B1 (sky130_fd_sc_hd__o21ai_1)
                  0.07    0.07    2.18 ^ _75_/Y (sky130_fd_sc_hd__o21ai_1)
     1    0.00                           _30_ (net)
                  0.07    0.00    2.18 ^ _78_/A1 (sky130_fd_sc_hd__a221o_1)
                  0.04    0.13    2.31 ^ _78_/X (sky130_fd_sc_hd__a221o_1)
     1    0.00                           _33_ (net)
                  0.04    0.00    2.31 ^ _79_/B (sky130_fd_sc_hd__nand2_1)
                  0.03    0.04    2.35 v _79_/Y (sky130_fd_sc_hd__nand2_1)
     1    0.00                           net13 (net)
                  0.03    0.00    2.35 v output13/A (sky130_fd_sc_hd__clkbuf_4)
                  0.08    0.16    2.51 v output13/X (sky130_fd_sc_hd__clkbuf_4)
     1    0.03                           Y[1] (net)
                  0.08    0.00    2.51 v Y[1] (out)
                                  2.51   data arrival time

                          0.00    0.00   clock clk (rise edge)
                          0.00    0.00   clock network delay (propagated)
                          0.25    0.25   clock uncertainty
                          0.00    0.25   clock reconvergence pessimism
                         -2.00   -1.75   output external delay
                                 -1.75   data required time
-----------------------------------------------------------------------------
                                 -1.75   data required time
                                 -2.51   data arrival time
-----------------------------------------------------------------------------
                                  4.26   slack (MET)



