Reading /openlane/designs/4bit_alu/runs/RUN_2025.08.12_07.29.39/results/signoff/alu.gds ..
Reading /openlane/designs/4bit_alu/runs/RUN_2025.08.12_07.29.39/results/signoff/alu.klayout.gds ..
--- Running XOR for layer 122/16 ---
"input" in: xor.drc:94
    Polygons (raw): 188 (flat)  35 (hierarchical)
    Elapsed: 0.000s  Memory: 356.00M
"input" in: xor.drc:94
    Polygons (raw): 188 (flat)  35 (hierarchical)
    Elapsed: 0.000s  Memory: 356.00M
"^" in: xor.drc:94
    Polygons (raw): 0 (flat)  0 (hierarchical)
    Elapsed: 0.000s  Memory: 356.00M
XOR differences: 0
"output" in: xor.drc:69
    Polygons (raw): 0 (flat)  0 (hierarchical)
    Elapsed: 0.000s  Memory: 356.00M
--- Running XOR for layer 235/4 ---
"input" in: xor.drc:94
    Polygons (raw): 1 (flat)  1 (hierarchical)
    Elapsed: 0.000s  Memory: 356.00M
"input" in: xor.drc:94
    Polygons (raw): 1 (flat)  1 (hierarchical)
    Elapsed: 0.000s  Memory: 356.00M
"^" in: xor.drc:94
    Polygons (raw): 0 (flat)  0 (hierarchical)
    Elapsed: 0.000s  Memory: 356.00M
XOR differences: 0
"output" in: xor.drc:69
    Polygons (raw): 0 (flat)  0 (hierarchical)
    Elapsed: 0.000s  Memory: 356.00M
--- Running XOR for layer 236/0 ---
"input" in: xor.drc:94
    Polygons (raw): 157 (flat)  32 (hierarchical)
    Elapsed: 0.000s  Memory: 356.00M
"input" in: xor.drc:94
    Polygons (raw): 157 (flat)  32 (hierarchical)
    Elapsed: 0.000s  Memory: 356.00M
"^" in: xor.drc:94
    Polygons (raw): 0 (flat)  0 (hierarchical)
    Elapsed: 0.000s  Memory: 356.00M
XOR differences: 0
"output" in: xor.drc:69
    Polygons (raw): 0 (flat)  0 (hierarchical)
    Elapsed: 0.000s  Memory: 356.00M
--- Running XOR for layer 64/16 ---
"input" in: xor.drc:94
    Polygons (raw): 188 (flat)  35 (hierarchical)
    Elapsed: 0.000s  Memory: 356.00M
"input" in: xor.drc:94
    Polygons (raw): 188 (flat)  35 (hierarchical)
    Elapsed: 0.000s  Memory: 356.00M
"^" in: xor.drc:94
    Polygons (raw): 0 (flat)  0 (hierarchical)
    Elapsed: 0.010s  Memory: 356.00M
XOR differences: 0
"output" in: xor.drc:69
    Polygons (raw): 0 (flat)  0 (hierarchical)
    Elapsed: 0.000s  Memory: 356.00M
--- Running XOR for layer 64/20 ---
"input" in: xor.drc:94
    Polygons (raw): 202 (flat)  35 (hierarchical)
    Elapsed: 0.000s  Memory: 356.00M
"input" in: xor.drc:94
    Polygons (raw): 202 (flat)  35 (hierarchical)
    Elapsed: 0.000s  Memory: 356.00M
"^" in: xor.drc:94
    Polygons (raw): 0 (flat)  0 (hierarchical)
    Elapsed: 0.000s  Memory: 356.00M
XOR differences: 0
"output" in: xor.drc:69
    Polygons (raw): 0 (flat)  0 (hierarchical)
    Elapsed: 0.000s  Memory: 356.00M
--- Running XOR for layer 64/5 ---
"input" in: xor.drc:94
    Polygons (raw): 0 (flat)  0 (hierarchical)
    Elapsed: 0.000s  Memory: 356.00M
"input" in: xor.drc:94
    Polygons (raw): 0 (flat)  0 (hierarchical)
    Elapsed: 0.000s  Memory: 356.00M
"^" in: xor.drc:94
    Polygons (raw): 0 (flat)  0 (hierarchical)
    Elapsed: 0.000s  Memory: 356.00M
XOR differences: 0
"output" in: xor.drc:69
    Polygons (raw): 0 (flat)  0 (hierarchical)
    Elapsed: 0.000s  Memory: 356.00M
--- Running XOR for layer 64/59 ---
"input" in: xor.drc:94
    Polygons (raw): 0 (flat)  0 (hierarchical)
    Elapsed: 0.000s  Memory: 356.00M
"input" in: xor.drc:94
    Polygons (raw): 0 (flat)  0 (hierarchical)
    Elapsed: 0.000s  Memory: 356.00M
"^" in: xor.drc:94
    Polygons (raw): 0 (flat)  0 (hierarchical)
    Elapsed: 0.000s  Memory: 356.00M
XOR differences: 0
"output" in: xor.drc:69
    Polygons (raw): 0 (flat)  0 (hierarchical)
    Elapsed: 0.000s  Memory: 356.00M
--- Running XOR for layer 65/20 ---
"input" in: xor.drc:94
    Polygons (raw): 349 (flat)  92 (hierarchical)
    Elapsed: 0.000s  Memory: 356.00M
"input" in: xor.drc:94
    Polygons (raw): 349 (flat)  92 (hierarchical)
    Elapsed: 0.000s  Memory: 356.00M
"^" in: xor.drc:94
    Polygons (raw): 0 (flat)  0 (hierarchical)
    Elapsed: 0.010s  Memory: 356.00M
XOR differences: 0
"output" in: xor.drc:69
    Polygons (raw): 0 (flat)  0 (hierarchical)
    Elapsed: 0.000s  Memory: 356.00M
--- Running XOR for layer 65/44 ---
"input" in: xor.drc:94
    Polygons (raw): 30 (flat)  2 (hierarchical)
    Elapsed: 0.000s  Memory: 356.00M
"input" in: xor.drc:94
    Polygons (raw): 30 (flat)  2 (hierarchical)
    Elapsed: 0.000s  Memory: 356.00M
"^" in: xor.drc:94
    Polygons (raw): 0 (flat)  0 (hierarchical)
    Elapsed: 0.000s  Memory: 356.00M
XOR differences: 0
"output" in: xor.drc:69
    Polygons (raw): 0 (flat)  0 (hierarchical)
    Elapsed: 0.000s  Memory: 356.00M
--- Running XOR for layer 66/20 ---
"input" in: xor.drc:94
    Polygons (raw): 415 (flat)  133 (hierarchical)
    Elapsed: 0.000s  Memory: 356.00M
"input" in: xor.drc:94
    Polygons (raw): 415 (flat)  133 (hierarchical)
    Elapsed: 0.000s  Memory: 356.00M
"^" in: xor.drc:94
    Polygons (raw): 0 (flat)  0 (hierarchical)
    Elapsed: 0.000s  Memory: 357.00M
XOR differences: 0
"output" in: xor.drc:69
    Polygons (raw): 0 (flat)  0 (hierarchical)
    Elapsed: 0.000s  Memory: 357.00M
--- Running XOR for layer 66/44 ---
"input" in: xor.drc:94
    Polygons (raw): 1926 (flat)  580 (hierarchical)
    Elapsed: 0.000s  Memory: 357.00M
"input" in: xor.drc:94
    Polygons (raw): 1926 (flat)  580 (hierarchical)
    Elapsed: 0.000s  Memory: 357.00M
"^" in: xor.drc:94
    Polygons (raw): 0 (flat)  0 (hierarchical)
    Elapsed: 0.010s  Memory: 357.00M
XOR differences: 0
"output" in: xor.drc:69
    Polygons (raw): 0 (flat)  0 (hierarchical)
    Elapsed: 0.000s  Memory: 357.00M
--- Running XOR for layer 67/16 ---
"input" in: xor.drc:94
    Polygons (raw): 416 (flat)  185 (hierarchical)
    Elapsed: 0.000s  Memory: 357.00M
"input" in: xor.drc:94
    Polygons (raw): 416 (flat)  185 (hierarchical)
    Elapsed: 0.000s  Memory: 357.00M
"^" in: xor.drc:94
    Polygons (raw): 0 (flat)  0 (hierarchical)
    Elapsed: 0.000s  Memory: 357.00M
XOR differences: 0
"output" in: xor.drc:69
    Polygons (raw): 0 (flat)  0 (hierarchical)
    Elapsed: 0.000s  Memory: 357.00M
--- Running XOR for layer 67/20 ---
"input" in: xor.drc:94
    Polygons (raw): 1080 (flat)  444 (hierarchical)
    Elapsed: 0.000s  Memory: 357.00M
"input" in: xor.drc:94
    Polygons (raw): 1080 (flat)  239 (hierarchical)
    Elapsed: 0.000s  Memory: 357.00M
"^" in: xor.drc:94
    Polygons (raw): 0 (flat)  0 (hierarchical)
    Elapsed: 0.010s  Memory: 357.00M
XOR differences: 0
"output" in: xor.drc:69
    Polygons (raw): 0 (flat)  0 (hierarchical)
    Elapsed: 0.000s  Memory: 357.00M
--- Running XOR for layer 67/44 ---
"input" in: xor.drc:94
    Polygons (raw): 2320 (flat)  614 (hierarchical)
    Elapsed: 0.000s  Memory: 357.00M
"input" in: xor.drc:94
    Polygons (raw): 2320 (flat)  409 (hierarchical)
    Elapsed: 0.000s  Memory: 357.00M
"^" in: xor.drc:94
    Polygons (raw): 0 (flat)  0 (hierarchical)
    Elapsed: 0.000s  Memory: 357.00M
XOR differences: 0
"output" in: xor.drc:69
    Polygons (raw): 0 (flat)  0 (hierarchical)
    Elapsed: 0.000s  Memory: 357.00M
--- Running XOR for layer 67/5 ---
"input" in: xor.drc:94
    Polygons (raw): 0 (flat)  0 (hierarchical)
    Elapsed: 0.000s  Memory: 357.00M
"input" in: xor.drc:94
    Polygons (raw): 0 (flat)  0 (hierarchical)
    Elapsed: 0.000s  Memory: 357.00M
"^" in: xor.drc:94
    Polygons (raw): 0 (flat)  0 (hierarchical)
    Elapsed: 0.010s  Memory: 357.00M
XOR differences: 0
"output" in: xor.drc:69
    Polygons (raw): 0 (flat)  0 (hierarchical)
    Elapsed: 0.000s  Memory: 357.00M
--- Running XOR for layer 68/16 ---
"input" in: xor.drc:94
    Polygons (raw): 414 (flat)  72 (hierarchical)
    Elapsed: 0.000s  Memory: 357.00M
"input" in: xor.drc:94
    Polygons (raw): 414 (flat)  72 (hierarchical)
    Elapsed: 0.000s  Memory: 357.00M
"^" in: xor.drc:94
    Polygons (raw): 0 (flat)  0 (hierarchical)
    Elapsed: 0.000s  Memory: 357.00M
XOR differences: 0
"output" in: xor.drc:69
    Polygons (raw): 0 (flat)  0 (hierarchical)
    Elapsed: 0.000s  Memory: 357.00M
--- Running XOR for layer 68/20 ---
"input" in: xor.drc:94
    Polygons (raw): 1230 (flat)  896 (hierarchical)
    Elapsed: 0.000s  Memory: 357.00M
"input" in: xor.drc:94
    Polygons (raw): 1138 (flat)  357 (hierarchical)
    Elapsed: 0.000s  Memory: 357.00M
"^" in: xor.drc:94
    Polygons (raw): 0 (flat)  0 (hierarchical)
    Elapsed: 0.010s  Memory: 358.00M
XOR differences: 0
"output" in: xor.drc:69
    Polygons (raw): 0 (flat)  0 (hierarchical)
    Elapsed: 0.000s  Memory: 358.00M
--- Running XOR for layer 68/44 ---
"input" in: xor.drc:94
    Polygons (raw): 468 (flat)  468 (hierarchical)
    Elapsed: 0.000s  Memory: 358.00M
"input" in: xor.drc:94
    Polygons (raw): 468 (flat)  6 (hierarchical)
    Elapsed: 0.000s  Memory: 358.00M
"^" in: xor.drc:94
    Polygons (raw): 0 (flat)  0 (hierarchical)
    Elapsed: 0.000s  Memory: 358.00M
XOR differences: 0
"output" in: xor.drc:69
    Polygons (raw): 0 (flat)  0 (hierarchical)
    Elapsed: 0.000s  Memory: 358.00M
--- Running XOR for layer 68/5 ---
"input" in: xor.drc:94
    Polygons (raw): 0 (flat)  0 (hierarchical)
    Elapsed: 0.000s  Memory: 358.00M
"input" in: xor.drc:94
    Polygons (raw): 0 (flat)  0 (hierarchical)
    Elapsed: 0.000s  Memory: 358.00M
"^" in: xor.drc:94
    Polygons (raw): 0 (flat)  0 (hierarchical)
    Elapsed: 0.000s  Memory: 358.00M
XOR differences: 0
"output" in: xor.drc:69
    Polygons (raw): 0 (flat)  0 (hierarchical)
    Elapsed: 0.000s  Memory: 358.00M
--- Running XOR for layer 69/16 ---
"input" in: xor.drc:94
    Polygons (raw): 8 (flat)  8 (hierarchical)
    Elapsed: 0.000s  Memory: 358.00M
"input" in: xor.drc:94
    Polygons (raw): 8 (flat)  8 (hierarchical)
    Elapsed: 0.000s  Memory: 358.00M
"^" in: xor.drc:94
    Polygons (raw): 0 (flat)  0 (hierarchical)
    Elapsed: 0.000s  Memory: 358.00M
XOR differences: 0
"output" in: xor.drc:69
    Polygons (raw): 0 (flat)  0 (hierarchical)
    Elapsed: 0.000s  Memory: 358.00M
--- Running XOR for layer 69/20 ---
"input" in: xor.drc:94
    Polygons (raw): 412 (flat)  412 (hierarchical)
    Elapsed: 0.000s  Memory: 358.00M
"input" in: xor.drc:94
    Polygons (raw): 522 (flat)  215 (hierarchical)
    Elapsed: 0.000s  Memory: 358.00M
"^" in: xor.drc:94
    Polygons (raw): 0 (flat)  0 (hierarchical)
    Elapsed: 0.010s  Memory: 358.00M
XOR differences: 0
"output" in: xor.drc:69
    Polygons (raw): 0 (flat)  0 (hierarchical)
    Elapsed: 0.000s  Memory: 358.00M
--- Running XOR for layer 69/44 ---
"input" in: xor.drc:94
    Polygons (raw): 235 (flat)  235 (hierarchical)
    Elapsed: 0.000s  Memory: 358.00M
"input" in: xor.drc:94
    Polygons (raw): 235 (flat)  5 (hierarchical)
    Elapsed: 0.000s  Memory: 358.00M
"^" in: xor.drc:94
    Polygons (raw): 0 (flat)  0 (hierarchical)
    Elapsed: 0.000s  Memory: 358.00M
XOR differences: 0
"output" in: xor.drc:69
    Polygons (raw): 0 (flat)  0 (hierarchical)
    Elapsed: 0.000s  Memory: 358.00M
--- Running XOR for layer 69/5 ---
"input" in: xor.drc:94
    Polygons (raw): 0 (flat)  0 (hierarchical)
    Elapsed: 0.000s  Memory: 358.00M
"input" in: xor.drc:94
    Polygons (raw): 0 (flat)  0 (hierarchical)
    Elapsed: 0.000s  Memory: 358.00M
"^" in: xor.drc:94
    Polygons (raw): 0 (flat)  0 (hierarchical)
    Elapsed: 0.000s  Memory: 358.00M
XOR differences: 0
"output" in: xor.drc:69
    Polygons (raw): 0 (flat)  0 (hierarchical)
    Elapsed: 0.000s  Memory: 358.00M
--- Running XOR for layer 70/16 ---
"input" in: xor.drc:94
    Polygons (raw): 8 (flat)  8 (hierarchical)
    Elapsed: 0.000s  Memory: 358.00M
"input" in: xor.drc:94
    Polygons (raw): 8 (flat)  8 (hierarchical)
    Elapsed: 0.000s  Memory: 358.00M
"^" in: xor.drc:94
    Polygons (raw): 0 (flat)  0 (hierarchical)
    Elapsed: 0.010s  Memory: 358.00M
XOR differences: 0
"output" in: xor.drc:69
    Polygons (raw): 0 (flat)  0 (hierarchical)
    Elapsed: 0.000s  Memory: 358.00M
--- Running XOR for layer 70/20 ---
"input" in: xor.drc:94
    Polygons (raw): 104 (flat)  104 (hierarchical)
    Elapsed: 0.000s  Memory: 358.00M
"input" in: xor.drc:94
    Polygons (raw): 198 (flat)  78 (hierarchical)
    Elapsed: 0.000s  Memory: 358.00M
"^" in: xor.drc:94
    Polygons (raw): 0 (flat)  0 (hierarchical)
    Elapsed: 0.000s  Memory: 358.00M
XOR differences: 0
"output" in: xor.drc:69
    Polygons (raw): 0 (flat)  0 (hierarchical)
    Elapsed: 0.000s  Memory: 358.00M
--- Running XOR for layer 70/44 ---
"input" in: xor.drc:94
    Polygons (raw): 224 (flat)  224 (hierarchical)
    Elapsed: 0.000s  Memory: 358.00M
"input" in: xor.drc:94
    Polygons (raw): 224 (flat)  4 (hierarchical)
    Elapsed: 0.000s  Memory: 358.00M
"^" in: xor.drc:94
    Polygons (raw): 0 (flat)  0 (hierarchical)
    Elapsed: 0.000s  Memory: 358.00M
XOR differences: 0
"output" in: xor.drc:69
    Polygons (raw): 0 (flat)  0 (hierarchical)
    Elapsed: 0.000s  Memory: 358.00M
--- Running XOR for layer 70/5 ---
"input" in: xor.drc:94
    Polygons (raw): 0 (flat)  0 (hierarchical)
    Elapsed: 0.000s  Memory: 358.00M
"input" in: xor.drc:94
    Polygons (raw): 0 (flat)  0 (hierarchical)
    Elapsed: 0.000s  Memory: 358.00M
"^" in: xor.drc:94
    Polygons (raw): 0 (flat)  0 (hierarchical)
    Elapsed: 0.000s  Memory: 358.00M
XOR differences: 0
"output" in: xor.drc:69
    Polygons (raw): 0 (flat)  0 (hierarchical)
    Elapsed: 0.000s  Memory: 358.00M
--- Running XOR for layer 71/16 ---
"input" in: xor.drc:94
    Polygons (raw): 8 (flat)  8 (hierarchical)
    Elapsed: 0.000s  Memory: 358.00M
"input" in: xor.drc:94
    Polygons (raw): 8 (flat)  8 (hierarchical)
    Elapsed: 0.000s  Memory: 358.00M
"^" in: xor.drc:94
    Polygons (raw): 0 (flat)  0 (hierarchical)
    Elapsed: 0.000s  Memory: 358.00M
XOR differences: 0
"output" in: xor.drc:69
    Polygons (raw): 0 (flat)  0 (hierarchical)
    Elapsed: 0.000s  Memory: 358.00M
--- Running XOR for layer 71/20 ---
"input" in: xor.drc:94
    Polygons (raw): 8 (flat)  8 (hierarchical)
    Elapsed: 0.000s  Memory: 358.00M
"input" in: xor.drc:94
    Polygons (raw): 104 (flat)  18 (hierarchical)
    Elapsed: 0.000s  Memory: 358.00M
"^" in: xor.drc:94
    Polygons (raw): 0 (flat)  0 (hierarchical)
    Elapsed: 0.000s  Memory: 358.00M
XOR differences: 0
"output" in: xor.drc:69
    Polygons (raw): 0 (flat)  0 (hierarchical)
    Elapsed: 0.000s  Memory: 358.00M
--- Running XOR for layer 71/44 ---
"input" in: xor.drc:94
    Polygons (raw): 32 (flat)  32 (hierarchical)
    Elapsed: 0.000s  Memory: 358.00M
"input" in: xor.drc:94
    Polygons (raw): 32 (flat)  1 (hierarchical)
    Elapsed: 0.000s  Memory: 358.00M
"^" in: xor.drc:94
    Polygons (raw): 0 (flat)  0 (hierarchical)
    Elapsed: 0.000s  Memory: 358.00M
XOR differences: 0
"output" in: xor.drc:69
    Polygons (raw): 0 (flat)  0 (hierarchical)
    Elapsed: 0.000s  Memory: 358.00M
--- Running XOR for layer 71/5 ---
"input" in: xor.drc:94
    Polygons (raw): 0 (flat)  0 (hierarchical)
    Elapsed: 0.000s  Memory: 358.00M
"input" in: xor.drc:94
    Polygons (raw): 0 (flat)  0 (hierarchical)
    Elapsed: 0.000s  Memory: 358.00M
"^" in: xor.drc:94
    Polygons (raw): 0 (flat)  0 (hierarchical)
    Elapsed: 0.000s  Memory: 358.00M
XOR differences: 0
"output" in: xor.drc:69
    Polygons (raw): 0 (flat)  0 (hierarchical)
    Elapsed: 0.000s  Memory: 358.00M
--- Running XOR for layer 72/16 ---
"input" in: xor.drc:94
    Polygons (raw): 8 (flat)  8 (hierarchical)
    Elapsed: 0.000s  Memory: 358.00M
"input" in: xor.drc:94
    Polygons (raw): 8 (flat)  8 (hierarchical)
    Elapsed: 0.000s  Memory: 358.00M
"^" in: xor.drc:94
    Polygons (raw): 0 (flat)  0 (hierarchical)
    Elapsed: 0.000s  Memory: 358.00M
XOR differences: 0
"output" in: xor.drc:69
    Polygons (raw): 0 (flat)  0 (hierarchical)
    Elapsed: 0.000s  Memory: 358.00M
--- Running XOR for layer 72/20 ---
"input" in: xor.drc:94
    Polygons (raw): 8 (flat)  8 (hierarchical)
    Elapsed: 0.000s  Memory: 358.00M
"input" in: xor.drc:94
    Polygons (raw): 48 (flat)  17 (hierarchical)
    Elapsed: 0.000s  Memory: 358.00M
"^" in: xor.drc:94
    Polygons (raw): 0 (flat)  0 (hierarchical)
    Elapsed: 0.000s  Memory: 358.00M
XOR differences: 0
"output" in: xor.drc:69
    Polygons (raw): 0 (flat)  0 (hierarchical)
    Elapsed: 0.000s  Memory: 358.00M
--- Running XOR for layer 72/5 ---
"input" in: xor.drc:94
    Polygons (raw): 0 (flat)  0 (hierarchical)
    Elapsed: 0.000s  Memory: 358.00M
"input" in: xor.drc:94
    Polygons (raw): 0 (flat)  0 (hierarchical)
    Elapsed: 0.000s  Memory: 358.00M
"^" in: xor.drc:94
    Polygons (raw): 0 (flat)  0 (hierarchical)
    Elapsed: 0.000s  Memory: 358.00M
XOR differences: 0
"output" in: xor.drc:69
    Polygons (raw): 0 (flat)  0 (hierarchical)
    Elapsed: 0.000s  Memory: 358.00M
--- Running XOR for layer 78/44 ---
"input" in: xor.drc:94
    Polygons (raw): 212 (flat)  37 (hierarchical)
    Elapsed: 0.000s  Memory: 358.00M
"input" in: xor.drc:94
    Polygons (raw): 212 (flat)  37 (hierarchical)
    Elapsed: 0.000s  Memory: 358.00M
"^" in: xor.drc:94
    Polygons (raw): 0 (flat)  0 (hierarchical)
    Elapsed: 0.000s  Memory: 358.00M
XOR differences: 0
"output" in: xor.drc:69
    Polygons (raw): 0 (flat)  0 (hierarchical)
    Elapsed: 0.000s  Memory: 358.00M
--- Running XOR for layer 81/4 ---
"input" in: xor.drc:94
    Polygons (raw): 202 (flat)  35 (hierarchical)
    Elapsed: 0.000s  Memory: 358.00M
"input" in: xor.drc:94
    Polygons (raw): 202 (flat)  35 (hierarchical)
    Elapsed: 0.000s  Memory: 358.00M
"^" in: xor.drc:94
    Polygons (raw): 0 (flat)  0 (hierarchical)
    Elapsed: 0.010s  Memory: 358.00M
XOR differences: 0
"output" in: xor.drc:69
    Polygons (raw): 0 (flat)  0 (hierarchical)
    Elapsed: 0.000s  Memory: 358.00M
--- Running XOR for layer 83/44 ---
"input" in: xor.drc:94
    Polygons (raw): 0 (flat)  0 (hierarchical)
    Elapsed: 0.000s  Memory: 358.00M
"input" in: xor.drc:94
    Polygons (raw): 0 (flat)  0 (hierarchical)
    Elapsed: 0.000s  Memory: 358.00M
"^" in: xor.drc:94
    Polygons (raw): 0 (flat)  0 (hierarchical)
    Elapsed: 0.000s  Memory: 358.00M
XOR differences: 0
"output" in: xor.drc:69
    Polygons (raw): 0 (flat)  0 (hierarchical)
    Elapsed: 0.000s  Memory: 358.00M
--- Running XOR for layer 93/44 ---
"input" in: xor.drc:94
    Polygons (raw): 217 (flat)  36 (hierarchical)
    Elapsed: 0.000s  Memory: 358.00M
"input" in: xor.drc:94
    Polygons (raw): 217 (flat)  36 (hierarchical)
    Elapsed: 0.000s  Memory: 358.00M
"^" in: xor.drc:94
    Polygons (raw): 0 (flat)  0 (hierarchical)
    Elapsed: 0.000s  Memory: 358.00M
XOR differences: 0
"output" in: xor.drc:69
    Polygons (raw): 0 (flat)  0 (hierarchical)
    Elapsed: 0.000s  Memory: 358.00M
--- Running XOR for layer 94/20 ---
"input" in: xor.drc:94
    Polygons (raw): 217 (flat)  36 (hierarchical)
    Elapsed: 0.000s  Memory: 358.00M
"input" in: xor.drc:94
    Polygons (raw): 217 (flat)  36 (hierarchical)
    Elapsed: 0.000s  Memory: 358.00M
"^" in: xor.drc:94
    Polygons (raw): 0 (flat)  0 (hierarchical)
    Elapsed: 0.000s  Memory: 358.00M
XOR differences: 0
"output" in: xor.drc:69
    Polygons (raw): 0 (flat)  0 (hierarchical)
    Elapsed: 0.000s  Memory: 358.00M
--- Running XOR for layer 95/20 ---
"input" in: xor.drc:94
    Polygons (raw): 164 (flat)  37 (hierarchical)
    Elapsed: 0.000s  Memory: 358.00M
"input" in: xor.drc:94
    Polygons (raw): 164 (flat)  37 (hierarchical)
    Elapsed: 0.000s  Memory: 358.00M
"^" in: xor.drc:94
    Polygons (raw): 0 (flat)  0 (hierarchical)
    Elapsed: 0.000s  Memory: 358.00M
XOR differences: 0
"output" in: xor.drc:69
    Polygons (raw): 0 (flat)  0 (hierarchical)
    Elapsed: 0.000s  Memory: 358.00M
---
Total XOR differences: 0
Writing report database: /openlane/designs/4bit_alu/runs/RUN_2025.08.12_07.29.39/reports/signoff/35-xor.xml ..
Total elapsed: 0.130s  Memory: 358.00M
