
===========================================================================
report_checks -path_delay max (Setup)
============================================================================
======================= Typical Corner ===================================

Startpoint: A[1] (input port clocked by clk)
Endpoint: Y[3] (output port clocked by clk)
Path Group: clk
Path Type: max

Fanout     Cap    Slew   Delay    Time   Description
-----------------------------------------------------------------------------
                  0.15    0.00    0.00   clock clk (rise edge)
                          0.00    0.00   clock network delay (ideal)
                          2.00    2.00 ^ input external delay
                  0.02    0.01    2.01 ^ A[1] (in)
     1    0.00                           A[1] (net)
                  0.02    0.00    2.01 ^ input2/A (sky130_fd_sc_hd__dlymetal6s2s_1)
                  0.17    0.18    2.19 ^ input2/X (sky130_fd_sc_hd__dlymetal6s2s_1)
     4    0.02                           net2 (net)
                  0.17    0.00    2.19 ^ _51_/B (sky130_fd_sc_hd__xor2_2)
                  0.23    0.26    2.45 ^ _51_/X (sky130_fd_sc_hd__xor2_2)
     5    0.02                           _08_ (net)
                  0.23    0.00    2.45 ^ _53_/A3 (sky130_fd_sc_hd__a31o_1)
                  0.09    0.22    2.67 ^ _53_/X (sky130_fd_sc_hd__a31o_1)
     3    0.01                           _10_ (net)
                  0.09    0.00    2.67 ^ _55_/A2 (sky130_fd_sc_hd__a21oi_1)
                  0.07    0.10    2.77 v _55_/Y (sky130_fd_sc_hd__a21oi_1)
     3    0.01                           _12_ (net)
                  0.07    0.00    2.77 v _87_/B (sky130_fd_sc_hd__or2_1)
                  0.05    0.22    2.99 v _87_/X (sky130_fd_sc_hd__or2_1)
     1    0.00                           _40_ (net)
                  0.05    0.00    2.99 v _90_/A2 (sky130_fd_sc_hd__a32o_1)
                  0.04    0.25    3.24 v _90_/X (sky130_fd_sc_hd__a32o_1)
     1    0.00                           _43_ (net)
                  0.04    0.00    3.24 v _91_/B1 (sky130_fd_sc_hd__a31o_1)
                  0.03    0.18    3.42 v _91_/X (sky130_fd_sc_hd__a31o_1)
     1    0.00                           net15 (net)
                  0.03    0.00    3.42 v output15/A (sky130_fd_sc_hd__buf_2)
                  0.09    0.18    3.61 v output15/X (sky130_fd_sc_hd__buf_2)
     1    0.03                           Y[3] (net)
                  0.09    0.00    3.61 v Y[3] (out)
                                  3.61   data arrival time

                  0.15   10.00   10.00   clock clk (rise edge)
                          0.00   10.00   clock network delay (ideal)
                         -0.25    9.75   clock uncertainty
                          0.00    9.75   clock reconvergence pessimism
                         -2.00    7.75   output external delay
                                  7.75   data required time
-----------------------------------------------------------------------------
                                  7.75   data required time
                                 -3.61   data arrival time
-----------------------------------------------------------------------------
                                  4.14   slack (MET)


Startpoint: A[1] (input port clocked by clk)
Endpoint: Y[2] (output port clocked by clk)
Path Group: clk
Path Type: max

Fanout     Cap    Slew   Delay    Time   Description
-----------------------------------------------------------------------------
                  0.15    0.00    0.00   clock clk (rise edge)
                          0.00    0.00   clock network delay (ideal)
                          2.00    2.00 v input external delay
                  0.01    0.00    2.00 v A[1] (in)
     1    0.00                           A[1] (net)
                  0.01    0.00    2.00 v input2/A (sky130_fd_sc_hd__dlymetal6s2s_1)
                  0.09    0.17    2.18 v input2/X (sky130_fd_sc_hd__dlymetal6s2s_1)
     4    0.01                           net2 (net)
                  0.09    0.00    2.18 v _51_/B (sky130_fd_sc_hd__xor2_2)
                  0.09    0.19    2.37 v _51_/X (sky130_fd_sc_hd__xor2_2)
     5    0.01                           _08_ (net)
                  0.09    0.00    2.37 v _53_/A3 (sky130_fd_sc_hd__a31o_1)
                  0.06    0.27    2.64 v _53_/X (sky130_fd_sc_hd__a31o_1)
     3    0.01                           _10_ (net)
                  0.06    0.00    2.64 v _82_/A (sky130_fd_sc_hd__or2b_1)
                  0.04    0.23    2.87 v _82_/X (sky130_fd_sc_hd__or2b_1)
     1    0.00                           _36_ (net)
                  0.04    0.00    2.87 v _84_/A3 (sky130_fd_sc_hd__a31o_1)
                  0.03    0.22    3.08 v _84_/X (sky130_fd_sc_hd__a31o_1)
     1    0.00                           _38_ (net)
                  0.03    0.00    3.08 v _85_/B1_N (sky130_fd_sc_hd__o21bai_1)
                  0.05    0.15    3.23 v _85_/Y (sky130_fd_sc_hd__o21bai_1)
     1    0.00                           net14 (net)
                  0.05    0.00    3.23 v output14/A (sky130_fd_sc_hd__clkbuf_4)
                  0.08    0.19    3.43 v output14/X (sky130_fd_sc_hd__clkbuf_4)
     1    0.03                           Y[2] (net)
                  0.08    0.00    3.43 v Y[2] (out)
                                  3.43   data arrival time

                  0.15   10.00   10.00   clock clk (rise edge)
                          0.00   10.00   clock network delay (ideal)
                         -0.25    9.75   clock uncertainty
                          0.00    9.75   clock reconvergence pessimism
                         -2.00    7.75   output external delay
                                  7.75   data required time
-----------------------------------------------------------------------------
                                  7.75   data required time
                                 -3.43   data arrival time
-----------------------------------------------------------------------------
                                  4.32   slack (MET)


Startpoint: A[1] (input port clocked by clk)
Endpoint: Y[1] (output port clocked by clk)
Path Group: clk
Path Type: max

Fanout     Cap    Slew   Delay    Time   Description
-----------------------------------------------------------------------------
                  0.15    0.00    0.00   clock clk (rise edge)
                          0.00    0.00   clock network delay (ideal)
                          2.00    2.00 v input external delay
                  0.01    0.00    2.00 v A[1] (in)
     1    0.00                           A[1] (net)
                  0.01    0.00    2.00 v input2/A (sky130_fd_sc_hd__dlymetal6s2s_1)
                  0.09    0.17    2.18 v input2/X (sky130_fd_sc_hd__dlymetal6s2s_1)
     4    0.01                           net2 (net)
                  0.09    0.00    2.18 v _51_/B (sky130_fd_sc_hd__xor2_2)
                  0.09    0.19    2.37 v _51_/X (sky130_fd_sc_hd__xor2_2)
     5    0.01                           _08_ (net)
                  0.09    0.00    2.37 v _71_/C (sky130_fd_sc_hd__and3_1)
                  0.03    0.20    2.57 v _71_/X (sky130_fd_sc_hd__and3_1)
     1    0.00                           _26_ (net)
                  0.03    0.00    2.57 v _74_/A (sky130_fd_sc_hd__or3b_1)
                  0.07    0.38    2.95 v _74_/X (sky130_fd_sc_hd__or3b_1)
     1    0.00                           _29_ (net)
                  0.07    0.00    2.95 v _79_/A (sky130_fd_sc_hd__nand2_1)
                  0.04    0.06    3.01 ^ _79_/Y (sky130_fd_sc_hd__nand2_1)
     1    0.00                           net13 (net)
                  0.04    0.00    3.01 ^ output13/A (sky130_fd_sc_hd__buf_2)
                  0.17    0.20    3.21 ^ output13/X (sky130_fd_sc_hd__buf_2)
     1    0.03                           Y[1] (net)
                  0.17    0.00    3.22 ^ Y[1] (out)
                                  3.22   data arrival time

                  0.15   10.00   10.00   clock clk (rise edge)
                          0.00   10.00   clock network delay (ideal)
                         -0.25    9.75   clock uncertainty
                          0.00    9.75   clock reconvergence pessimism
                         -2.00    7.75   output external delay
                                  7.75   data required time
-----------------------------------------------------------------------------
                                  7.75   data required time
                                 -3.22   data arrival time
-----------------------------------------------------------------------------
                                  4.53   slack (MET)


Startpoint: sel[1] (input port clocked by clk)
Endpoint: Y[0] (output port clocked by clk)
Path Group: clk
Path Type: max

Fanout     Cap    Slew   Delay    Time   Description
-----------------------------------------------------------------------------
                  0.15    0.00    0.00   clock clk (rise edge)
                          0.00    0.00   clock network delay (ideal)
                          2.00    2.00 ^ input external delay
                  0.02    0.01    2.01 ^ sel[1] (in)
     1    0.00                           sel[1] (net)
                  0.02    0.00    2.01 ^ input10/A (sky130_fd_sc_hd__clkbuf_2)
                  0.11    0.15    2.16 ^ input10/X (sky130_fd_sc_hd__clkbuf_2)
     5    0.02                           net10 (net)
                  0.11    0.00    2.16 ^ _47_/A (sky130_fd_sc_hd__inv_2)
                  0.04    0.07    2.23 v _47_/Y (sky130_fd_sc_hd__inv_2)
     5    0.01                           _04_ (net)
                  0.04    0.00    2.23 v _69_/B1 (sky130_fd_sc_hd__a211o_1)
                  0.05    0.27    2.49 v _69_/X (sky130_fd_sc_hd__a211o_1)
     1    0.00                           _25_ (net)
                  0.05    0.00    2.49 v _70_/C1 (sky130_fd_sc_hd__o211a_1)
                  0.04    0.10    2.60 v _70_/X (sky130_fd_sc_hd__o211a_1)
     1    0.00                           net12 (net)
                  0.04    0.00    2.60 v output12/A (sky130_fd_sc_hd__buf_2)
                  0.09    0.18    2.78 v output12/X (sky130_fd_sc_hd__buf_2)
     1    0.03                           Y[0] (net)
                  0.09    0.00    2.78 v Y[0] (out)
                                  2.78   data arrival time

                  0.15   10.00   10.00   clock clk (rise edge)
                          0.00   10.00   clock network delay (ideal)
                         -0.25    9.75   clock uncertainty
                          0.00    9.75   clock reconvergence pessimism
                         -2.00    7.75   output external delay
                                  7.75   data required time
-----------------------------------------------------------------------------
                                  7.75   data required time
                                 -2.78   data arrival time
-----------------------------------------------------------------------------
                                  4.97   slack (MET)



