OpenROAD 41a51eaf4ca2171c92ff38afb91eb37bbd3f36da 
This program is licensed under the BSD-3 license. See the LICENSE file for details.
Components of this program may be licensed under more restrictive licenses which must be honored.
[INFO]: Reading ODB at '/openlane/designs/4bit_alu/runs/RUN_2025.08.12_07.29.39/results/floorplan/alu.odb'…
define_corners Typical
read_liberty -corner Typical /home/chittesh/.ciel/sky130A/libs.ref/sky130_fd_sc_hd/lib/sky130_fd_sc_hd__tt_025C_1v80.lib
Using 1e-12 for capacitance...
Using 1e+03 for resistance...
Using 1e-09 for time...
Using 1e+00 for voltage...
Using 1e-03 for current...
Using 1e-09 for power...
Using 1e-06 for distance...
Reading design constraints file at '/openlane/designs/4bit_alu/runs/RUN_2025.08.12_07.29.39/tmp/floorplan/3-initial_fp.sdc'…
[INFO]: Setting RC values...
[INFO]: Setting signal min routing layer to: met1 and clock min routing layer to met3. 
[INFO]: Setting signal max routing layer to: met5 and clock max routing layer to met5. 
[INFO GPL-0002] DBU: 1000
[INFO GPL-0003] SiteSize: 460 2720
[INFO GPL-0004] CoreAreaLxLy: 5520 10880
[INFO GPL-0005] CoreAreaUxUy: 42780 46240
[INFO GPL-0006] NumInstances: 90
[INFO GPL-0007] NumPlaceInstances: 49
[INFO GPL-0008] NumFixedInstances: 41
[INFO GPL-0009] NumDummyInstances: 0
[INFO GPL-0010] NumNets: 60
[INFO GPL-0011] NumPins: 193
[INFO GPL-0012] DieAreaLxLy: 0 0
[INFO GPL-0013] DieAreaUxUy: 48475 59195
[INFO GPL-0014] CoreAreaLxLy: 5520 10880
[INFO GPL-0015] CoreAreaUxUy: 42780 46240
[INFO GPL-0016] CoreArea: 1317513600
[INFO GPL-0017] NonPlaceInstsArea: 116361600
[INFO GPL-0018] PlaceInstsArea: 420403200
[INFO GPL-0019] Util(%): 35.00
[INFO GPL-0020] StdInstsArea: 420403200
[INFO GPL-0021] MacroInstsArea: 0
[InitialPlace]  Iter: 1 CG residual: 0.00000006 HPWL: 1146270
[InitialPlace]  Iter: 2 CG residual: 0.00000009 HPWL: 988977
[InitialPlace]  Iter: 3 CG residual: 0.00000012 HPWL: 984879
[InitialPlace]  Iter: 4 CG residual: 0.00000011 HPWL: 986844
[InitialPlace]  Iter: 5 CG residual: 0.00000010 HPWL: 986073
[INFO GPL-0031] FillerInit: NumGCells: 49
[INFO GPL-0032] FillerInit: NumGNets: 60
[INFO GPL-0033] FillerInit: NumGPins: 193
[INFO GPL-0023] TargetDensity: 0.35
[INFO GPL-0024] AveragePlaceInstArea: 8579657
[INFO GPL-0025] IdealBinArea: 24513306
[INFO GPL-0026] IdealBinCnt: 53
[INFO GPL-0027] TotalBinArea: 1317513600
[INFO GPL-0028] BinCnt: 4 4
[INFO GPL-0029] BinSize: 9315 8840
[INFO GPL-0030] NumBins: 16
[NesterovSolve] Iter: 1 overflow: 0.63589 HPWL: 722985
[INFO GPL-0100] worst slack 4.42e-09
[INFO GPL-0103] Weighted 1 nets.
[INFO GPL-0100] worst slack 4.42e-09
[INFO GPL-0103] Weighted 4 nets.
[NesterovSolve] Snapshot saved at iter = 2
[INFO GPL-0100] worst slack 4.41e-09
[INFO GPL-0103] Weighted 5 nets.
[NesterovSolve] Iter: 10 overflow: 0.412755 HPWL: 798319
[NesterovSolve] Iter: 20 overflow: 0.438468 HPWL: 796013
[NesterovSolve] Iter: 30 overflow: 0.434267 HPWL: 794817
[NesterovSolve] Iter: 40 overflow: 0.433771 HPWL: 794794
[NesterovSolve] Iter: 50 overflow: 0.434253 HPWL: 795317
[NesterovSolve] Iter: 60 overflow: 0.434571 HPWL: 795042
[NesterovSolve] Iter: 70 overflow: 0.433756 HPWL: 795107
[NesterovSolve] Iter: 80 overflow: 0.433956 HPWL: 795232
[NesterovSolve] Iter: 90 overflow: 0.433663 HPWL: 795196
[NesterovSolve] Iter: 100 overflow: 0.432999 HPWL: 795324
[NesterovSolve] Iter: 110 overflow: 0.432279 HPWL: 795462
[NesterovSolve] Iter: 120 overflow: 0.430979 HPWL: 795687
[NesterovSolve] Iter: 130 overflow: 0.428839 HPWL: 796014
[NesterovSolve] Iter: 140 overflow: 0.425626 HPWL: 796582
[NesterovSolve] Iter: 150 overflow: 0.420838 HPWL: 797425
[NesterovSolve] Iter: 160 overflow: 0.413637 HPWL: 798873
[NesterovSolve] Iter: 170 overflow: 0.403404 HPWL: 801008
[NesterovSolve] Iter: 180 overflow: 0.389329 HPWL: 803836
[NesterovSolve] Iter: 190 overflow: 0.371007 HPWL: 807398
[NesterovSolve] Iter: 200 overflow: 0.34799 HPWL: 812264
[NesterovSolve] Iter: 210 overflow: 0.326625 HPWL: 817688
[NesterovSolve] Iter: 220 overflow: 0.303899 HPWL: 824532
[INFO GPL-0100] worst slack 4.4e-09
[INFO GPL-0103] Weighted 3 nets.
[NesterovSolve] Iter: 230 overflow: 0.279858 HPWL: 832289
[NesterovSolve] Iter: 240 overflow: 0.263555 HPWL: 829223
[NesterovSolve] Iter: 250 overflow: 0.230818 HPWL: 832387
[INFO GPL-0100] worst slack 4.4e-09
[INFO GPL-0103] Weighted 4 nets.
[NesterovSolve] Iter: 260 overflow: 0.19442 HPWL: 842581
[INFO GPL-0075] Routability numCall: 1 inflationIterCnt: 1 bloatIterCnt: 0
[INFO GPL-0036] TileLxLy: 0 0
[INFO GPL-0037] TileSize: 6900 6900
[INFO GPL-0038] TileCnt: 7 8
[INFO GPL-0039] numRoutingLayers: 6
[INFO GPL-0040] NumTiles: 56
[INFO GPL-0063] TotalRouteOverflowH2: 0.0
[INFO GPL-0064] TotalRouteOverflowV2: 0.0
[INFO GPL-0065] OverflowTileCnt2: 0
[INFO GPL-0066] 0.5%RC: 1.0
[INFO GPL-0067] 1.0%RC: 1.0
[INFO GPL-0068] 2.0%RC: 0.875
[INFO GPL-0069] 5.0%RC: 0.7699999928474426
[INFO GPL-0070] 0.5rcK: 1.0
[INFO GPL-0071] 1.0rcK: 1.0
[INFO GPL-0072] 2.0rcK: 0.0
[INFO GPL-0073] 5.0rcK: 0.0
[INFO GPL-0074] FinalRC: 1.0
[NesterovSolve] Iter: 270 overflow: 0.158877 HPWL: 849571
[INFO GPL-0100] worst slack 4.39e-09
[INFO GPL-0103] Weighted 3 nets.
[NesterovSolve] Iter: 280 overflow: 0.1488 HPWL: 846596
[NesterovSolve] Iter: 290 overflow: 0.117483 HPWL: 860541
[NesterovSolve] Finished with Overflow: 0.098739
Setting global connections for newly added cells…
Writing OpenROAD database to '/openlane/designs/4bit_alu/runs/RUN_2025.08.12_07.29.39/tmp/placement/7-global.odb'…
Writing netlist to '/openlane/designs/4bit_alu/runs/RUN_2025.08.12_07.29.39/tmp/placement/7-global.nl.v'…
Writing powered netlist to '/openlane/designs/4bit_alu/runs/RUN_2025.08.12_07.29.39/tmp/placement/7-global.pnl.v'…
Writing layout to '/openlane/designs/4bit_alu/runs/RUN_2025.08.12_07.29.39/tmp/placement/7-global.def'…
