OpenROAD 41a51eaf4ca2171c92ff38afb91eb37bbd3f36da 
This program is licensed under the BSD-3 license. See the LICENSE file for details.
Components of this program may be licensed under more restrictive licenses which must be honored.
[INFO]: Reading ODB at '/openlane/designs/4bit_alu/runs/RUN_2025.08.12_07.29.39/tmp/placement/7-global.odb'…
define_corners Typical
read_liberty -corner Typical /home/chittesh/.ciel/sky130A/libs.ref/sky130_fd_sc_hd/lib/sky130_fd_sc_hd__tt_025C_1v80.lib
Using 1e-12 for capacitance...
Using 1e+03 for resistance...
Using 1e-09 for time...
Using 1e+00 for voltage...
Using 1e-03 for current...
Using 1e-09 for power...
Using 1e-06 for distance...
Reading design constraints file at '/openlane/designs/4bit_alu/runs/RUN_2025.08.12_07.29.39/tmp/floorplan/3-initial_fp.sdc'…
[INFO]: Setting RC values...
min_report

===========================================================================
report_checks -path_delay min (Hold)
============================================================================
======================= Typical Corner ===================================

Startpoint: sel[1] (input port clocked by clk)
Endpoint: Y[3] (output port clocked by clk)
Path Group: clk
Path Type: min

Fanout     Cap    Slew   Delay    Time   Description
-----------------------------------------------------------------------------
                  0.15    0.00    0.00   clock clk (rise edge)
                          0.00    0.00   clock network delay (ideal)
                          2.00    2.00 v input external delay
                  0.05    0.03    2.03 v sel[1] (in)
     5    0.02                           sel[1] (net)
                  0.05    0.00    2.03 v _91_/A1 (sky130_fd_sc_hd__a31o_2)
                  0.10    0.26    2.29 v _91_/X (sky130_fd_sc_hd__a31o_2)
     1    0.03                           Y[3] (net)
                  0.10    0.00    2.29 v Y[3] (out)
                                  2.29   data arrival time

                  0.15    0.00    0.00   clock clk (rise edge)
                          0.00    0.00   clock network delay (ideal)
                          0.25    0.25   clock uncertainty
                          0.00    0.25   clock reconvergence pessimism
                         -2.00   -1.75   output external delay
                                 -1.75   data required time
-----------------------------------------------------------------------------
                                 -1.75   data required time
                                 -2.29   data arrival time
-----------------------------------------------------------------------------
                                  4.04   slack (MET)


Startpoint: sel[0] (input port clocked by clk)
Endpoint: Y[2] (output port clocked by clk)
Path Group: clk
Path Type: min

Fanout     Cap    Slew   Delay    Time   Description
-----------------------------------------------------------------------------
                  0.15    0.00    0.00   clock clk (rise edge)
                          0.00    0.00   clock network delay (ideal)
                          2.00    2.00 v input external delay
                  0.06    0.04    2.04 v sel[0] (in)
     6    0.03                           sel[0] (net)
                  0.06    0.00    2.04 v _48_/B (sky130_fd_sc_hd__nand2_2)
                  0.08    0.10    2.14 ^ _48_/Y (sky130_fd_sc_hd__nand2_2)
     3    0.01                           _05_ (net)
                  0.08    0.00    2.14 ^ _85_/A1 (sky130_fd_sc_hd__o21bai_2)
                  0.15    0.16    2.30 v _85_/Y (sky130_fd_sc_hd__o21bai_2)
     1    0.04                           Y[2] (net)
                  0.15    0.00    2.30 v Y[2] (out)
                                  2.30   data arrival time

                  0.15    0.00    0.00   clock clk (rise edge)
                          0.00    0.00   clock network delay (ideal)
                          0.25    0.25   clock uncertainty
                          0.00    0.25   clock reconvergence pessimism
                         -2.00   -1.75   output external delay
                                 -1.75   data required time
-----------------------------------------------------------------------------
                                 -1.75   data required time
                                 -2.30   data arrival time
-----------------------------------------------------------------------------
                                  4.05   slack (MET)


Startpoint: B[0] (input port clocked by clk)
Endpoint: Y[0] (output port clocked by clk)
Path Group: clk
Path Type: min

Fanout     Cap    Slew   Delay    Time   Description
-----------------------------------------------------------------------------
                  0.15    0.00    0.00   clock clk (rise edge)
                          0.00    0.00   clock network delay (ideal)
                          2.00    2.00 ^ input external delay
                  0.11    0.07    2.07 ^ B[0] (in)
     7    0.02                           B[0] (net)
                  0.11    0.00    2.07 ^ _68_/B (sky130_fd_sc_hd__nand3_2)
                  0.04    0.07    2.14 v _68_/Y (sky130_fd_sc_hd__nand3_2)
     1    0.00                           _24_ (net)
                  0.04    0.00    2.14 v _70_/B1 (sky130_fd_sc_hd__o211a_2)
                  0.09    0.19    2.34 v _70_/X (sky130_fd_sc_hd__o211a_2)
     1    0.03                           Y[0] (net)
                  0.09    0.00    2.34 v Y[0] (out)
                                  2.34   data arrival time

                  0.15    0.00    0.00   clock clk (rise edge)
                          0.00    0.00   clock network delay (ideal)
                          0.25    0.25   clock uncertainty
                          0.00    0.25   clock reconvergence pessimism
                         -2.00   -1.75   output external delay
                                 -1.75   data required time
-----------------------------------------------------------------------------
                                 -1.75   data required time
                                 -2.34   data arrival time
-----------------------------------------------------------------------------
                                  4.09   slack (MET)


Startpoint: sel[0] (input port clocked by clk)
Endpoint: Y[1] (output port clocked by clk)
Path Group: clk
Path Type: min

Fanout     Cap    Slew   Delay    Time   Description
-----------------------------------------------------------------------------
                  0.15    0.00    0.00   clock clk (rise edge)
                          0.00    0.00   clock network delay (ideal)
                          2.00    2.00 v input external delay
                  0.06    0.04    2.04 v sel[0] (in)
     6    0.03                           sel[0] (net)
                  0.06    0.00    2.04 v _75_/B1 (sky130_fd_sc_hd__o21ai_2)
                  0.04    0.05    2.09 ^ _75_/Y (sky130_fd_sc_hd__o21ai_2)
     1    0.00                           _30_ (net)
                  0.04    0.00    2.09 ^ _78_/A1 (sky130_fd_sc_hd__a221o_2)
                  0.04    0.13    2.22 ^ _78_/X (sky130_fd_sc_hd__a221o_2)
     1    0.01                           _33_ (net)
                  0.04    0.00    2.22 ^ _79_/B (sky130_fd_sc_hd__nand2_2)
                  0.14    0.12    2.35 v _79_/Y (sky130_fd_sc_hd__nand2_2)
     1    0.03                           Y[1] (net)
                  0.14    0.00    2.35 v Y[1] (out)
                                  2.35   data arrival time

                  0.15    0.00    0.00   clock clk (rise edge)
                          0.00    0.00   clock network delay (ideal)
                          0.25    0.25   clock uncertainty
                          0.00    0.25   clock reconvergence pessimism
                         -2.00   -1.75   output external delay
                                 -1.75   data required time
-----------------------------------------------------------------------------
                                 -1.75   data required time
                                 -2.35   data arrival time
-----------------------------------------------------------------------------
                                  4.10   slack (MET)



min_report_end
max_report

===========================================================================
report_checks -path_delay max (Setup)
============================================================================
======================= Typical Corner ===================================

Startpoint: B[1] (input port clocked by clk)
Endpoint: Y[3] (output port clocked by clk)
Path Group: clk
Path Type: max

Fanout     Cap    Slew   Delay    Time   Description
-----------------------------------------------------------------------------
                  0.15    0.00    0.00   clock clk (rise edge)
                          0.00    0.00   clock network delay (ideal)
                          2.00    2.00 ^ input external delay
                  0.10    0.07    2.07 ^ B[1] (in)
     4    0.02                           B[1] (net)
                  0.10    0.00    2.07 ^ _51_/A (sky130_fd_sc_hd__xor2_2)
                  0.32    0.31    2.39 ^ _51_/X (sky130_fd_sc_hd__xor2_2)
     5    0.02                           _08_ (net)
                  0.32    0.00    2.39 ^ _53_/A3 (sky130_fd_sc_hd__a31o_2)
                  0.09    0.26    2.65 ^ _53_/X (sky130_fd_sc_hd__a31o_2)
     3    0.01                           _10_ (net)
                  0.09    0.00    2.65 ^ _55_/A2 (sky130_fd_sc_hd__a21oi_2)
                  0.06    0.09    2.73 v _55_/Y (sky130_fd_sc_hd__a21oi_2)
     3    0.01                           _12_ (net)
                  0.06    0.00    2.73 v _87_/B (sky130_fd_sc_hd__or2_2)
                  0.05    0.28    3.01 v _87_/X (sky130_fd_sc_hd__or2_2)
     1    0.00                           _40_ (net)
                  0.05    0.00    3.01 v _90_/A2 (sky130_fd_sc_hd__a32o_2)
                  0.04    0.27    3.28 v _90_/X (sky130_fd_sc_hd__a32o_2)
     1    0.00                           _43_ (net)
                  0.04    0.00    3.28 v _91_/B1 (sky130_fd_sc_hd__a31o_2)
                  0.11    0.31    3.59 v _91_/X (sky130_fd_sc_hd__a31o_2)
     1    0.03                           Y[3] (net)
                  0.11    0.00    3.59 v Y[3] (out)
                                  3.59   data arrival time

                  0.15   10.00   10.00   clock clk (rise edge)
                          0.00   10.00   clock network delay (ideal)
                         -0.25    9.75   clock uncertainty
                          0.00    9.75   clock reconvergence pessimism
                         -2.00    7.75   output external delay
                                  7.75   data required time
-----------------------------------------------------------------------------
                                  7.75   data required time
                                 -3.59   data arrival time
-----------------------------------------------------------------------------
                                  4.16   slack (MET)


Startpoint: B[1] (input port clocked by clk)
Endpoint: Y[2] (output port clocked by clk)
Path Group: clk
Path Type: max

Fanout     Cap    Slew   Delay    Time   Description
-----------------------------------------------------------------------------
                  0.15    0.00    0.00   clock clk (rise edge)
                          0.00    0.00   clock network delay (ideal)
                          2.00    2.00 v input external delay
                  0.05    0.03    2.03 v B[1] (in)
     4    0.02                           B[1] (net)
                  0.05    0.00    2.03 v _51_/A (sky130_fd_sc_hd__xor2_2)
                  0.11    0.22    2.26 v _51_/X (sky130_fd_sc_hd__xor2_2)
     5    0.02                           _08_ (net)
                  0.11    0.00    2.26 v _53_/A3 (sky130_fd_sc_hd__a31o_2)
                  0.06    0.31    2.57 v _53_/X (sky130_fd_sc_hd__a31o_2)
     3    0.01                           _10_ (net)
                  0.06    0.00    2.57 v _82_/A (sky130_fd_sc_hd__or2b_2)
                  0.05    0.30    2.87 v _82_/X (sky130_fd_sc_hd__or2b_2)
     1    0.00                           _36_ (net)
                  0.05    0.00    2.87 v _84_/A3 (sky130_fd_sc_hd__a31o_2)
                  0.03    0.24    3.11 v _84_/X (sky130_fd_sc_hd__a31o_2)
     1    0.00                           _38_ (net)
                  0.03    0.00    3.11 v _85_/B1_N (sky130_fd_sc_hd__o21bai_2)
                  0.17    0.29    3.41 v _85_/Y (sky130_fd_sc_hd__o21bai_2)
     1    0.04                           Y[2] (net)
                  0.17    0.00    3.41 v Y[2] (out)
                                  3.41   data arrival time

                  0.15   10.00   10.00   clock clk (rise edge)
                          0.00   10.00   clock network delay (ideal)
                         -0.25    9.75   clock uncertainty
                          0.00    9.75   clock reconvergence pessimism
                         -2.00    7.75   output external delay
                                  7.75   data required time
-----------------------------------------------------------------------------
                                  7.75   data required time
                                 -3.41   data arrival time
-----------------------------------------------------------------------------
                                  4.34   slack (MET)


Startpoint: B[1] (input port clocked by clk)
Endpoint: Y[1] (output port clocked by clk)
Path Group: clk
Path Type: max

Fanout     Cap    Slew   Delay    Time   Description
-----------------------------------------------------------------------------
                  0.15    0.00    0.00   clock clk (rise edge)
                          0.00    0.00   clock network delay (ideal)
                          2.00    2.00 v input external delay
                  0.05    0.03    2.03 v B[1] (in)
     4    0.02                           B[1] (net)
                  0.05    0.00    2.03 v _51_/A (sky130_fd_sc_hd__xor2_2)
                  0.11    0.22    2.26 v _51_/X (sky130_fd_sc_hd__xor2_2)
     5    0.02                           _08_ (net)
                  0.11    0.00    2.26 v _71_/C (sky130_fd_sc_hd__and3_2)
                  0.03    0.24    2.49 v _71_/X (sky130_fd_sc_hd__and3_2)
     1    0.00                           _26_ (net)
                  0.03    0.00    2.49 v _74_/A (sky130_fd_sc_hd__or3b_2)
                  0.08    0.49    2.98 v _74_/X (sky130_fd_sc_hd__or3b_2)
     1    0.00                           _29_ (net)
                  0.08    0.00    2.98 v _79_/A (sky130_fd_sc_hd__nand2_2)
                  0.19    0.18    3.17 ^ _79_/Y (sky130_fd_sc_hd__nand2_2)
     1    0.03                           Y[1] (net)
                  0.19    0.00    3.17 ^ Y[1] (out)
                                  3.17   data arrival time

                  0.15   10.00   10.00   clock clk (rise edge)
                          0.00   10.00   clock network delay (ideal)
                         -0.25    9.75   clock uncertainty
                          0.00    9.75   clock reconvergence pessimism
                         -2.00    7.75   output external delay
                                  7.75   data required time
-----------------------------------------------------------------------------
                                  7.75   data required time
                                 -3.17   data arrival time
-----------------------------------------------------------------------------
                                  4.58   slack (MET)


Startpoint: sel[1] (input port clocked by clk)
Endpoint: Y[0] (output port clocked by clk)
Path Group: clk
Path Type: max

Fanout     Cap    Slew   Delay    Time   Description
-----------------------------------------------------------------------------
                  0.15    0.00    0.00   clock clk (rise edge)
                          0.00    0.00   clock network delay (ideal)
                          2.00    2.00 ^ input external delay
                  0.10    0.07    2.07 ^ sel[1] (in)
     5    0.02                           sel[1] (net)
                  0.10    0.00    2.07 ^ _47_/A (sky130_fd_sc_hd__inv_2)
                  0.05    0.08    2.15 v _47_/Y (sky130_fd_sc_hd__inv_2)
     5    0.02                           _04_ (net)
                  0.05    0.00    2.15 v _69_/B1 (sky130_fd_sc_hd__a211o_2)
                  0.05    0.31    2.46 v _69_/X (sky130_fd_sc_hd__a211o_2)
     1    0.00                           _25_ (net)
                  0.05    0.00    2.46 v _70_/C1 (sky130_fd_sc_hd__o211a_2)
                  0.11    0.19    2.65 v _70_/X (sky130_fd_sc_hd__o211a_2)
     1    0.03                           Y[0] (net)
                  0.11    0.00    2.65 v Y[0] (out)
                                  2.65   data arrival time

                  0.15   10.00   10.00   clock clk (rise edge)
                          0.00   10.00   clock network delay (ideal)
                         -0.25    9.75   clock uncertainty
                          0.00    9.75   clock reconvergence pessimism
                         -2.00    7.75   output external delay
                                  7.75   data required time
-----------------------------------------------------------------------------
                                  7.75   data required time
                                 -2.65   data arrival time
-----------------------------------------------------------------------------
                                  5.10   slack (MET)



max_report_end
checks_report

===========================================================================
report_checks -unconstrained
===========================================================================
======================= Typical Corner ===================================

Startpoint: B[1] (input port clocked by clk)
Endpoint: Y[3] (output port clocked by clk)
Path Group: clk
Path Type: max

Fanout     Cap    Slew   Delay    Time   Description
-----------------------------------------------------------------------------
                  0.15    0.00    0.00   clock clk (rise edge)
                          0.00    0.00   clock network delay (ideal)
                          2.00    2.00 ^ input external delay
                  0.10    0.07    2.07 ^ B[1] (in)
     4    0.02                           B[1] (net)
                  0.10    0.00    2.07 ^ _51_/A (sky130_fd_sc_hd__xor2_2)
                  0.32    0.31    2.39 ^ _51_/X (sky130_fd_sc_hd__xor2_2)
     5    0.02                           _08_ (net)
                  0.32    0.00    2.39 ^ _53_/A3 (sky130_fd_sc_hd__a31o_2)
                  0.09    0.26    2.65 ^ _53_/X (sky130_fd_sc_hd__a31o_2)
     3    0.01                           _10_ (net)
                  0.09    0.00    2.65 ^ _55_/A2 (sky130_fd_sc_hd__a21oi_2)
                  0.06    0.09    2.73 v _55_/Y (sky130_fd_sc_hd__a21oi_2)
     3    0.01                           _12_ (net)
                  0.06    0.00    2.73 v _87_/B (sky130_fd_sc_hd__or2_2)
                  0.05    0.28    3.01 v _87_/X (sky130_fd_sc_hd__or2_2)
     1    0.00                           _40_ (net)
                  0.05    0.00    3.01 v _90_/A2 (sky130_fd_sc_hd__a32o_2)
                  0.04    0.27    3.28 v _90_/X (sky130_fd_sc_hd__a32o_2)
     1    0.00                           _43_ (net)
                  0.04    0.00    3.28 v _91_/B1 (sky130_fd_sc_hd__a31o_2)
                  0.11    0.31    3.59 v _91_/X (sky130_fd_sc_hd__a31o_2)
     1    0.03                           Y[3] (net)
                  0.11    0.00    3.59 v Y[3] (out)
                                  3.59   data arrival time

                  0.15   10.00   10.00   clock clk (rise edge)
                          0.00   10.00   clock network delay (ideal)
                         -0.25    9.75   clock uncertainty
                          0.00    9.75   clock reconvergence pessimism
                         -2.00    7.75   output external delay
                                  7.75   data required time
-----------------------------------------------------------------------------
                                  7.75   data required time
                                 -3.59   data arrival time
-----------------------------------------------------------------------------
                                  4.16   slack (MET)




===========================================================================
report_checks --slack_max -0.01
============================================================================
======================= Typical Corner ===================================

No paths found.


===========================================================================
 report_check_types -max_slew -max_cap -max_fanout -violators
============================================================================
======================= Typical Corner ===================================



===========================================================================
report_parasitic_annotation -report_unannotated
============================================================================
Found 60 unannotated drivers.
 A[0]
 A[1]
 A[2]
 A[3]
 B[0]
 B[1]
 B[2]
 B[3]
 clk
 sel[0]
 sel[1]
 _44_/X
 _45_/X
 _46_/X
 _47_/Y
 _48_/Y
 _49_/Y
 _50_/X
 _51_/X
 _52_/X
 _53_/X
 _54_/X
 _55_/Y
 _56_/Y
 _57_/Y
 _58_/Y
 _59_/Y
 _60_/X
 _61_/X
 _62_/Y
 _63_/X
 _64_/X
 _65_/Y
 _66_/X
 _67_/X
 _68_/Y
 _69_/X
 _70_/X
 _71_/X
 _72_/Y
 _73_/Y
 _74_/X
 _75_/Y
 _76_/Y
 _77_/Y
 _78_/X
 _79_/Y
 _80_/Y
 _81_/Y
 _82_/X
 _83_/X
 _84_/X
 _85_/Y
 _86_/X
 _87_/X
 _88_/Y
 _89_/X
 _90_/X
 _91_/X
 _92_/Q
Found 0 partially unannotated drivers.

===========================================================================
max slew violation count 0
max fanout violation count 0
max cap violation count 0
============================================================================

===========================================================================
check_setup -verbose -unconstrained_endpoints -multiple_clock -no_clock -no_input_delay -loops -generated_clocks
===========================================================================
Warning: There is 1 unclocked register/latch pin.
  _92_/GATE_N
Warning: There are 2 unconstrained endpoints.
  Cout
  _92_/D
checks_report_end
power_report

===========================================================================
 report_power
============================================================================
======================= Typical Corner ===================================

Group                  Internal  Switching    Leakage      Total
                          Power      Power      Power      Power (Watts)
----------------------------------------------------------------
Sequential             8.09e-07   1.51e-06   8.12e-12   2.32e-06   9.2%
Combinational          1.09e-05   1.21e-05   2.43e-10   2.30e-05  90.8%
Macro                  0.00e+00   0.00e+00   0.00e+00   0.00e+00   0.0%
Pad                    0.00e+00   0.00e+00   0.00e+00   0.00e+00   0.0%
----------------------------------------------------------------
Total                  1.17e-05   1.36e-05   2.52e-10   2.53e-05 100.0%
                          46.2%      53.8%       0.0%

power_report_end
skew_report

===========================================================================
report_clock_skew
============================================================================
Clock clk
No launch/capture paths found.

skew_report_end
summary_report

===========================================================================
report_tns
============================================================================
tns 0.00

===========================================================================
report_wns
============================================================================
wns 0.00

===========================================================================
report_worst_slack -max (Setup)
============================================================================
worst slack 4.16

===========================================================================
report_worst_slack -min (Hold)
============================================================================
worst slack 4.04
summary_report_end
area_report

===========================================================================
report_design_area
============================================================================
Design area 439 u^2 33% utilization.
area_report_end
[WARNING] Did not save OpenROAD database!
Writing SDF to '/openlane/designs/4bit_alu/runs/RUN_2025.08.12_07.29.39/results/signoff/alu.sdf'…
