
===========================================================================
report_checks -path_delay min (Hold)
============================================================================
======================= Typical Corner ===================================

Startpoint: sel[1] (input port clocked by clk)
Endpoint: Y[3] (output port clocked by clk)
Path Group: clk
Path Type: min

Fanout     Cap    Slew   Delay    Time   Description
-----------------------------------------------------------------------------
                  0.15    0.00    0.00   clock clk (rise edge)
                          0.00    0.00   clock network delay (ideal)
                          2.00    2.00 v input external delay
                  0.05    0.03    2.03 v sel[1] (in)
     5    0.02                           sel[1] (net)
                  0.05    0.00    2.03 v _91_/A1 (sky130_fd_sc_hd__a31o_2)
                  0.10    0.26    2.29 v _91_/X (sky130_fd_sc_hd__a31o_2)
     1    0.03                           Y[3] (net)
                  0.10    0.00    2.29 v Y[3] (out)
                                  2.29   data arrival time

                  0.15    0.00    0.00   clock clk (rise edge)
                          0.00    0.00   clock network delay (ideal)
                          0.25    0.25   clock uncertainty
                          0.00    0.25   clock reconvergence pessimism
                         -2.00   -1.75   output external delay
                                 -1.75   data required time
-----------------------------------------------------------------------------
                                 -1.75   data required time
                                 -2.29   data arrival time
-----------------------------------------------------------------------------
                                  4.04   slack (MET)


Startpoint: sel[0] (input port clocked by clk)
Endpoint: Y[2] (output port clocked by clk)
Path Group: clk
Path Type: min

Fanout     Cap    Slew   Delay    Time   Description
-----------------------------------------------------------------------------
                  0.15    0.00    0.00   clock clk (rise edge)
                          0.00    0.00   clock network delay (ideal)
                          2.00    2.00 v input external delay
                  0.06    0.04    2.04 v sel[0] (in)
     6    0.03                           sel[0] (net)
                  0.06    0.00    2.04 v _48_/B (sky130_fd_sc_hd__nand2_2)
                  0.08    0.10    2.14 ^ _48_/Y (sky130_fd_sc_hd__nand2_2)
     3    0.01                           _05_ (net)
                  0.08    0.00    2.14 ^ _85_/A1 (sky130_fd_sc_hd__o21bai_2)
                  0.15    0.16    2.30 v _85_/Y (sky130_fd_sc_hd__o21bai_2)
     1    0.04                           Y[2] (net)
                  0.15    0.00    2.30 v Y[2] (out)
                                  2.30   data arrival time

                  0.15    0.00    0.00   clock clk (rise edge)
                          0.00    0.00   clock network delay (ideal)
                          0.25    0.25   clock uncertainty
                          0.00    0.25   clock reconvergence pessimism
                         -2.00   -1.75   output external delay
                                 -1.75   data required time
-----------------------------------------------------------------------------
                                 -1.75   data required time
                                 -2.30   data arrival time
-----------------------------------------------------------------------------
                                  4.05   slack (MET)


Startpoint: B[0] (input port clocked by clk)
Endpoint: Y[0] (output port clocked by clk)
Path Group: clk
Path Type: min

Fanout     Cap    Slew   Delay    Time   Description
-----------------------------------------------------------------------------
                  0.15    0.00    0.00   clock clk (rise edge)
                          0.00    0.00   clock network delay (ideal)
                          2.00    2.00 ^ input external delay
                  0.11    0.07    2.07 ^ B[0] (in)
     7    0.02                           B[0] (net)
                  0.11    0.00    2.07 ^ _68_/B (sky130_fd_sc_hd__nand3_2)
                  0.04    0.07    2.14 v _68_/Y (sky130_fd_sc_hd__nand3_2)
     1    0.00                           _24_ (net)
                  0.04    0.00    2.14 v _70_/B1 (sky130_fd_sc_hd__o211a_2)
                  0.09    0.19    2.34 v _70_/X (sky130_fd_sc_hd__o211a_2)
     1    0.03                           Y[0] (net)
                  0.09    0.00    2.34 v Y[0] (out)
                                  2.34   data arrival time

                  0.15    0.00    0.00   clock clk (rise edge)
                          0.00    0.00   clock network delay (ideal)
                          0.25    0.25   clock uncertainty
                          0.00    0.25   clock reconvergence pessimism
                         -2.00   -1.75   output external delay
                                 -1.75   data required time
-----------------------------------------------------------------------------
                                 -1.75   data required time
                                 -2.34   data arrival time
-----------------------------------------------------------------------------
                                  4.09   slack (MET)


Startpoint: sel[0] (input port clocked by clk)
Endpoint: Y[1] (output port clocked by clk)
Path Group: clk
Path Type: min

Fanout     Cap    Slew   Delay    Time   Description
-----------------------------------------------------------------------------
                  0.15    0.00    0.00   clock clk (rise edge)
                          0.00    0.00   clock network delay (ideal)
                          2.00    2.00 v input external delay
                  0.06    0.04    2.04 v sel[0] (in)
     6    0.03                           sel[0] (net)
                  0.06    0.00    2.04 v _75_/B1 (sky130_fd_sc_hd__o21ai_2)
                  0.04    0.05    2.09 ^ _75_/Y (sky130_fd_sc_hd__o21ai_2)
     1    0.00                           _30_ (net)
                  0.04    0.00    2.09 ^ _78_/A1 (sky130_fd_sc_hd__a221o_2)
                  0.04    0.13    2.22 ^ _78_/X (sky130_fd_sc_hd__a221o_2)
     1    0.01                           _33_ (net)
                  0.04    0.00    2.22 ^ _79_/B (sky130_fd_sc_hd__nand2_2)
                  0.14    0.12    2.35 v _79_/Y (sky130_fd_sc_hd__nand2_2)
     1    0.03                           Y[1] (net)
                  0.14    0.00    2.35 v Y[1] (out)
                                  2.35   data arrival time

                  0.15    0.00    0.00   clock clk (rise edge)
                          0.00    0.00   clock network delay (ideal)
                          0.25    0.25   clock uncertainty
                          0.00    0.25   clock reconvergence pessimism
                         -2.00   -1.75   output external delay
                                 -1.75   data required time
-----------------------------------------------------------------------------
                                 -1.75   data required time
                                 -2.35   data arrival time
-----------------------------------------------------------------------------
                                  4.10   slack (MET)



