
61. Printing statistics.

=== alu ===

   Number of wires:                 50
   Number of wire bits:             60
   Number of public wires:           6
   Number of public wire bits:      16
   Number of memories:               0
   Number of memory bits:            0
   Number of processes:              0
   Number of cells:                 49
     sky130_fd_sc_hd__a211o_2        1
     sky130_fd_sc_hd__a21o_2         2
     sky130_fd_sc_hd__a21oi_2        3
     sky130_fd_sc_hd__a221o_2        1
     sky130_fd_sc_hd__a31o_2         3
     sky130_fd_sc_hd__a32o_2         2
     sky130_fd_sc_hd__and2_2         2
     sky130_fd_sc_hd__and2b_2        2
     sky130_fd_sc_hd__and3_2         1
     sky130_fd_sc_hd__buf_1          2
     sky130_fd_sc_hd__dlxtn_1        1
     sky130_fd_sc_hd__inv_2          1
     sky130_fd_sc_hd__nand2_2        8
     sky130_fd_sc_hd__nand3_2        2
     sky130_fd_sc_hd__nor2_2         2
     sky130_fd_sc_hd__o211a_2        2
     sky130_fd_sc_hd__o21ai_2        2
     sky130_fd_sc_hd__o21bai_2       1
     sky130_fd_sc_hd__or2_2          4
     sky130_fd_sc_hd__or2b_2         3
     sky130_fd_sc_hd__or3b_2         1
     sky130_fd_sc_hd__xnor2_2        2
     sky130_fd_sc_hd__xor2_2         1

   Chip area for module '\alu': 420.403200

