OpenSTA 2.4.0 41a51eaf4c Copyright (c) 2021, Parallax Software, Inc.
License GPLv3: GNU GPL version 3 <http://gnu.org/licenses/gpl.html>

This is free software, and you are free to change and redistribute it
under certain conditions; type `show_copying' for details. 
This program comes with ABSOLUTELY NO WARRANTY; for details type `show_warranty'.
define_corners Typical
read_liberty -corner Typical /home/chittesh/.ciel/sky130A/libs.ref/sky130_fd_sc_hd/lib/sky130_fd_sc_hd__tt_025C_1v80.lib
Using 1e-12 for capacitance...
Using 1e+03 for resistance...
Using 1e-09 for time...
Using 1e+00 for voltage...
Using 1e-03 for current...
Using 1e-09 for power...
Using 1e-06 for distance...
Reading netlist '/openlane/designs/4bit_alu/runs/RUN_2025.08.12_07.29.39/results/synthesis/alu.v'…
Reading design constraints file at '/openlane/scripts/base.sdc'…
[INFO]: Setting output delay to: 2.0
[INFO]: Setting input delay to: 2.0
[INFO]: Setting load to: 0.033442
[INFO]: Setting clock uncertainty to: 0.25
[INFO]: Setting clock transition to: 0.15
[INFO]: Setting timing derate to: 5.0 %
min_report

===========================================================================
report_checks -path_delay min (Hold)
============================================================================
======================= Typical Corner ===================================

Startpoint: sel[0] (input port clocked by clk)
Endpoint: Y[2] (output port clocked by clk)
Path Group: clk
Path Type: min

Fanout     Cap    Slew   Delay    Time   Description
-----------------------------------------------------------------------------
                  0.15    0.00    0.00   clock clk (rise edge)
                          0.00    0.00   clock network delay (ideal)
                          2.00    2.00 v input external delay
                  0.04    0.03    2.03 v sel[0] (in)
     6    0.02                           sel[0] (net)
                  0.04    0.00    2.03 v _48_/B (sky130_fd_sc_hd__nand2_2)
                  0.07    0.08    2.11 ^ _48_/Y (sky130_fd_sc_hd__nand2_2)
     3    0.01                           _05_ (net)
                  0.07    0.00    2.11 ^ _85_/A1 (sky130_fd_sc_hd__o21bai_2)
                  0.14    0.15    2.27 v _85_/Y (sky130_fd_sc_hd__o21bai_2)
     1    0.03                           Y[2] (net)
                  0.14    0.00    2.27 v Y[2] (out)
                                  2.27   data arrival time

                  0.15    0.00    0.00   clock clk (rise edge)
                          0.00    0.00   clock network delay (ideal)
                          0.25    0.25   clock uncertainty
                          0.00    0.25   clock reconvergence pessimism
                         -2.00   -1.75   output external delay
                                 -1.75   data required time
-----------------------------------------------------------------------------
                                 -1.75   data required time
                                 -2.27   data arrival time
-----------------------------------------------------------------------------
                                  4.02   slack (MET)


Startpoint: sel[1] (input port clocked by clk)
Endpoint: Y[3] (output port clocked by clk)
Path Group: clk
Path Type: min

Fanout     Cap    Slew   Delay    Time   Description
-----------------------------------------------------------------------------
                  0.15    0.00    0.00   clock clk (rise edge)
                          0.00    0.00   clock network delay (ideal)
                          2.00    2.00 v input external delay
                  0.04    0.02    2.02 v sel[1] (in)
     5    0.02                           sel[1] (net)
                  0.04    0.00    2.02 v _91_/A1 (sky130_fd_sc_hd__a31o_2)
                  0.10    0.26    2.28 v _91_/X (sky130_fd_sc_hd__a31o_2)
     1    0.03                           Y[3] (net)
                  0.10    0.00    2.28 v Y[3] (out)
                                  2.28   data arrival time

                  0.15    0.00    0.00   clock clk (rise edge)
                          0.00    0.00   clock network delay (ideal)
                          0.25    0.25   clock uncertainty
                          0.00    0.25   clock reconvergence pessimism
                         -2.00   -1.75   output external delay
                                 -1.75   data required time
-----------------------------------------------------------------------------
                                 -1.75   data required time
                                 -2.28   data arrival time
-----------------------------------------------------------------------------
                                  4.03   slack (MET)


Startpoint: B[0] (input port clocked by clk)
Endpoint: Y[0] (output port clocked by clk)
Path Group: clk
Path Type: min

Fanout     Cap    Slew   Delay    Time   Description
-----------------------------------------------------------------------------
                  0.15    0.00    0.00   clock clk (rise edge)
                          0.00    0.00   clock network delay (ideal)
                          2.00    2.00 ^ input external delay
                  0.10    0.06    2.06 ^ B[0] (in)
     7    0.02                           B[0] (net)
                  0.10    0.00    2.06 ^ _68_/B (sky130_fd_sc_hd__nand3_2)
                  0.04    0.07    2.13 v _68_/Y (sky130_fd_sc_hd__nand3_2)
     1    0.00                           _24_ (net)
                  0.04    0.00    2.13 v _70_/B1 (sky130_fd_sc_hd__o211a_2)
                  0.09    0.19    2.32 v _70_/X (sky130_fd_sc_hd__o211a_2)
     1    0.03                           Y[0] (net)
                  0.09    0.00    2.32 v Y[0] (out)
                                  2.32   data arrival time

                  0.15    0.00    0.00   clock clk (rise edge)
                          0.00    0.00   clock network delay (ideal)
                          0.25    0.25   clock uncertainty
                          0.00    0.25   clock reconvergence pessimism
                         -2.00   -1.75   output external delay
                                 -1.75   data required time
-----------------------------------------------------------------------------
                                 -1.75   data required time
                                 -2.32   data arrival time
-----------------------------------------------------------------------------
                                  4.07   slack (MET)


Startpoint: sel[0] (input port clocked by clk)
Endpoint: Y[1] (output port clocked by clk)
Path Group: clk
Path Type: min

Fanout     Cap    Slew   Delay    Time   Description
-----------------------------------------------------------------------------
                  0.15    0.00    0.00   clock clk (rise edge)
                          0.00    0.00   clock network delay (ideal)
                          2.00    2.00 v input external delay
                  0.04    0.03    2.03 v sel[0] (in)
     6    0.02                           sel[0] (net)
                  0.04    0.00    2.03 v _75_/B1 (sky130_fd_sc_hd__o21ai_2)
                  0.04    0.04    2.07 ^ _75_/Y (sky130_fd_sc_hd__o21ai_2)
     1    0.00                           _30_ (net)
                  0.04    0.00    2.07 ^ _78_/A1 (sky130_fd_sc_hd__a221o_2)
                  0.04    0.13    2.20 ^ _78_/X (sky130_fd_sc_hd__a221o_2)
     1    0.00                           _33_ (net)
                  0.04    0.00    2.20 ^ _79_/B (sky130_fd_sc_hd__nand2_2)
                  0.14    0.12    2.33 v _79_/Y (sky130_fd_sc_hd__nand2_2)
     1    0.03                           Y[1] (net)
                  0.14    0.00    2.33 v Y[1] (out)
                                  2.33   data arrival time

                  0.15    0.00    0.00   clock clk (rise edge)
                          0.00    0.00   clock network delay (ideal)
                          0.25    0.25   clock uncertainty
                          0.00    0.25   clock reconvergence pessimism
                         -2.00   -1.75   output external delay
                                 -1.75   data required time
-----------------------------------------------------------------------------
                                 -1.75   data required time
                                 -2.33   data arrival time
-----------------------------------------------------------------------------
                                  4.08   slack (MET)



min_report_end
max_report

===========================================================================
report_checks -path_delay max (Setup)
============================================================================
======================= Typical Corner ===================================

Startpoint: A[1] (input port clocked by clk)
Endpoint: Y[3] (output port clocked by clk)
Path Group: clk
Path Type: max

Fanout     Cap    Slew   Delay    Time   Description
-----------------------------------------------------------------------------
                  0.15    0.00    0.00   clock clk (rise edge)
                          0.00    0.00   clock network delay (ideal)
                          2.00    2.00 ^ input external delay
                  0.08    0.06    2.06 ^ A[1] (in)
     4    0.02                           A[1] (net)
                  0.08    0.00    2.06 ^ _51_/B (sky130_fd_sc_hd__xor2_2)
                  0.31    0.30    2.36 ^ _51_/X (sky130_fd_sc_hd__xor2_2)
     5    0.02                           _08_ (net)
                  0.31    0.00    2.36 ^ _53_/A3 (sky130_fd_sc_hd__a31o_2)
                  0.09    0.25    2.61 ^ _53_/X (sky130_fd_sc_hd__a31o_2)
     3    0.01                           _10_ (net)
                  0.09    0.00    2.61 ^ _55_/A2 (sky130_fd_sc_hd__a21oi_2)
                  0.06    0.08    2.69 v _55_/Y (sky130_fd_sc_hd__a21oi_2)
     3    0.01                           _12_ (net)
                  0.06    0.00    2.69 v _87_/B (sky130_fd_sc_hd__or2_2)
                  0.05    0.28    2.97 v _87_/X (sky130_fd_sc_hd__or2_2)
     1    0.00                           _40_ (net)
                  0.05    0.00    2.97 v _90_/A2 (sky130_fd_sc_hd__a32o_2)
                  0.04    0.27    3.24 v _90_/X (sky130_fd_sc_hd__a32o_2)
     1    0.00                           _43_ (net)
                  0.04    0.00    3.24 v _91_/B1 (sky130_fd_sc_hd__a31o_2)
                  0.11    0.30    3.54 v _91_/X (sky130_fd_sc_hd__a31o_2)
     1    0.03                           Y[3] (net)
                  0.11    0.00    3.54 v Y[3] (out)
                                  3.54   data arrival time

                  0.15   10.00   10.00   clock clk (rise edge)
                          0.00   10.00   clock network delay (ideal)
                         -0.25    9.75   clock uncertainty
                          0.00    9.75   clock reconvergence pessimism
                         -2.00    7.75   output external delay
                                  7.75   data required time
-----------------------------------------------------------------------------
                                  7.75   data required time
                                 -3.54   data arrival time
-----------------------------------------------------------------------------
                                  4.21   slack (MET)


Startpoint: B[1] (input port clocked by clk)
Endpoint: Y[2] (output port clocked by clk)
Path Group: clk
Path Type: max

Fanout     Cap    Slew   Delay    Time   Description
-----------------------------------------------------------------------------
                  0.15    0.00    0.00   clock clk (rise edge)
                          0.00    0.00   clock network delay (ideal)
                          2.00    2.00 v input external delay
                  0.04    0.03    2.03 v B[1] (in)
     4    0.02                           B[1] (net)
                  0.04    0.00    2.03 v _51_/A (sky130_fd_sc_hd__xor2_2)
                  0.11    0.22    2.24 v _51_/X (sky130_fd_sc_hd__xor2_2)
     5    0.02                           _08_ (net)
                  0.11    0.00    2.24 v _53_/A3 (sky130_fd_sc_hd__a31o_2)
                  0.06    0.31    2.55 v _53_/X (sky130_fd_sc_hd__a31o_2)
     3    0.01                           _10_ (net)
                  0.06    0.00    2.55 v _82_/A (sky130_fd_sc_hd__or2b_2)
                  0.05    0.30    2.85 v _82_/X (sky130_fd_sc_hd__or2b_2)
     1    0.00                           _36_ (net)
                  0.05    0.00    2.85 v _84_/A3 (sky130_fd_sc_hd__a31o_2)
                  0.03    0.24    3.09 v _84_/X (sky130_fd_sc_hd__a31o_2)
     1    0.00                           _38_ (net)
                  0.03    0.00    3.09 v _85_/B1_N (sky130_fd_sc_hd__o21bai_2)
                  0.16    0.29    3.37 v _85_/Y (sky130_fd_sc_hd__o21bai_2)
     1    0.03                           Y[2] (net)
                  0.16    0.00    3.37 v Y[2] (out)
                                  3.37   data arrival time

                  0.15   10.00   10.00   clock clk (rise edge)
                          0.00   10.00   clock network delay (ideal)
                         -0.25    9.75   clock uncertainty
                          0.00    9.75   clock reconvergence pessimism
                         -2.00    7.75   output external delay
                                  7.75   data required time
-----------------------------------------------------------------------------
                                  7.75   data required time
                                 -3.37   data arrival time
-----------------------------------------------------------------------------
                                  4.38   slack (MET)


Startpoint: B[1] (input port clocked by clk)
Endpoint: Y[1] (output port clocked by clk)
Path Group: clk
Path Type: max

Fanout     Cap    Slew   Delay    Time   Description
-----------------------------------------------------------------------------
                  0.15    0.00    0.00   clock clk (rise edge)
                          0.00    0.00   clock network delay (ideal)
                          2.00    2.00 v input external delay
                  0.04    0.03    2.03 v B[1] (in)
     4    0.02                           B[1] (net)
                  0.04    0.00    2.03 v _51_/A (sky130_fd_sc_hd__xor2_2)
                  0.11    0.22    2.24 v _51_/X (sky130_fd_sc_hd__xor2_2)
     5    0.02                           _08_ (net)
                  0.11    0.00    2.24 v _71_/C (sky130_fd_sc_hd__and3_2)
                  0.03    0.23    2.48 v _71_/X (sky130_fd_sc_hd__and3_2)
     1    0.00                           _26_ (net)
                  0.03    0.00    2.48 v _74_/A (sky130_fd_sc_hd__or3b_2)
                  0.08    0.49    2.96 v _74_/X (sky130_fd_sc_hd__or3b_2)
     1    0.00                           _29_ (net)
                  0.08    0.00    2.96 v _79_/A (sky130_fd_sc_hd__nand2_2)
                  0.19    0.18    3.15 ^ _79_/Y (sky130_fd_sc_hd__nand2_2)
     1    0.03                           Y[1] (net)
                  0.19    0.00    3.15 ^ Y[1] (out)
                                  3.15   data arrival time

                  0.15   10.00   10.00   clock clk (rise edge)
                          0.00   10.00   clock network delay (ideal)
                         -0.25    9.75   clock uncertainty
                          0.00    9.75   clock reconvergence pessimism
                         -2.00    7.75   output external delay
                                  7.75   data required time
-----------------------------------------------------------------------------
                                  7.75   data required time
                                 -3.15   data arrival time
-----------------------------------------------------------------------------
                                  4.60   slack (MET)


Startpoint: sel[1] (input port clocked by clk)
Endpoint: Y[0] (output port clocked by clk)
Path Group: clk
Path Type: max

Fanout     Cap    Slew   Delay    Time   Description
-----------------------------------------------------------------------------
                  0.15    0.00    0.00   clock clk (rise edge)
                          0.00    0.00   clock network delay (ideal)
                          2.00    2.00 ^ input external delay
                  0.08    0.06    2.06 ^ sel[1] (in)
     5    0.02                           sel[1] (net)
                  0.08    0.00    2.06 ^ _47_/A (sky130_fd_sc_hd__inv_2)
                  0.05    0.07    2.12 v _47_/Y (sky130_fd_sc_hd__inv_2)
     5    0.02                           _04_ (net)
                  0.05    0.00    2.12 v _69_/B1 (sky130_fd_sc_hd__a211o_2)
                  0.05    0.31    2.43 v _69_/X (sky130_fd_sc_hd__a211o_2)
     1    0.00                           _25_ (net)
                  0.05    0.00    2.43 v _70_/C1 (sky130_fd_sc_hd__o211a_2)
                  0.11    0.19    2.63 v _70_/X (sky130_fd_sc_hd__o211a_2)
     1    0.03                           Y[0] (net)
                  0.11    0.00    2.63 v Y[0] (out)
                                  2.63   data arrival time

                  0.15   10.00   10.00   clock clk (rise edge)
                          0.00   10.00   clock network delay (ideal)
                         -0.25    9.75   clock uncertainty
                          0.00    9.75   clock reconvergence pessimism
                         -2.00    7.75   output external delay
                                  7.75   data required time
-----------------------------------------------------------------------------
                                  7.75   data required time
                                 -2.63   data arrival time
-----------------------------------------------------------------------------
                                  5.12   slack (MET)



max_report_end
checks_report

===========================================================================
report_checks -unconstrained
===========================================================================
======================= Typical Corner ===================================

Startpoint: A[1] (input port clocked by clk)
Endpoint: Y[3] (output port clocked by clk)
Path Group: clk
Path Type: max

Fanout     Cap    Slew   Delay    Time   Description
-----------------------------------------------------------------------------
                  0.15    0.00    0.00   clock clk (rise edge)
                          0.00    0.00   clock network delay (ideal)
                          2.00    2.00 ^ input external delay
                  0.08    0.06    2.06 ^ A[1] (in)
     4    0.02                           A[1] (net)
                  0.08    0.00    2.06 ^ _51_/B (sky130_fd_sc_hd__xor2_2)
                  0.31    0.30    2.36 ^ _51_/X (sky130_fd_sc_hd__xor2_2)
     5    0.02                           _08_ (net)
                  0.31    0.00    2.36 ^ _53_/A3 (sky130_fd_sc_hd__a31o_2)
                  0.09    0.25    2.61 ^ _53_/X (sky130_fd_sc_hd__a31o_2)
     3    0.01                           _10_ (net)
                  0.09    0.00    2.61 ^ _55_/A2 (sky130_fd_sc_hd__a21oi_2)
                  0.06    0.08    2.69 v _55_/Y (sky130_fd_sc_hd__a21oi_2)
     3    0.01                           _12_ (net)
                  0.06    0.00    2.69 v _87_/B (sky130_fd_sc_hd__or2_2)
                  0.05    0.28    2.97 v _87_/X (sky130_fd_sc_hd__or2_2)
     1    0.00                           _40_ (net)
                  0.05    0.00    2.97 v _90_/A2 (sky130_fd_sc_hd__a32o_2)
                  0.04    0.27    3.24 v _90_/X (sky130_fd_sc_hd__a32o_2)
     1    0.00                           _43_ (net)
                  0.04    0.00    3.24 v _91_/B1 (sky130_fd_sc_hd__a31o_2)
                  0.11    0.30    3.54 v _91_/X (sky130_fd_sc_hd__a31o_2)
     1    0.03                           Y[3] (net)
                  0.11    0.00    3.54 v Y[3] (out)
                                  3.54   data arrival time

                  0.15   10.00   10.00   clock clk (rise edge)
                          0.00   10.00   clock network delay (ideal)
                         -0.25    9.75   clock uncertainty
                          0.00    9.75   clock reconvergence pessimism
                         -2.00    7.75   output external delay
                                  7.75   data required time
-----------------------------------------------------------------------------
                                  7.75   data required time
                                 -3.54   data arrival time
-----------------------------------------------------------------------------
                                  4.21   slack (MET)




===========================================================================
report_checks --slack_max -0.01
============================================================================
======================= Typical Corner ===================================

No paths found.


===========================================================================
 report_check_types -max_slew -max_cap -max_fanout -violators
============================================================================
======================= Typical Corner ===================================



===========================================================================
report_parasitic_annotation -report_unannotated
============================================================================
Found 60 unannotated drivers.
 A[0]
 A[1]
 A[2]
 A[3]
 B[0]
 B[1]
 B[2]
 B[3]
 clk
 sel[0]
 sel[1]
 _44_/X
 _45_/X
 _46_/X
 _47_/Y
 _48_/Y
 _49_/Y
 _50_/X
 _51_/X
 _52_/X
 _53_/X
 _54_/X
 _55_/Y
 _56_/Y
 _57_/Y
 _58_/Y
 _59_/Y
 _60_/X
 _61_/X
 _62_/Y
 _63_/X
 _64_/X
 _65_/Y
 _66_/X
 _67_/X
 _68_/Y
 _69_/X
 _70_/X
 _71_/X
 _72_/Y
 _73_/Y
 _74_/X
 _75_/Y
 _76_/Y
 _77_/Y
 _78_/X
 _79_/Y
 _80_/Y
 _81_/Y
 _82_/X
 _83_/X
 _84_/X
 _85_/Y
 _86_/X
 _87_/X
 _88_/Y
 _89_/X
 _90_/X
 _91_/X
 _92_/Q
Found 0 partially unannotated drivers.

===========================================================================
max slew violation count 0
max fanout violation count 0
max cap violation count 0
============================================================================

===========================================================================
check_setup -verbose -unconstrained_endpoints -multiple_clock -no_clock -no_input_delay -loops -generated_clocks
===========================================================================
Warning: There is 1 unclocked register/latch pin.
  _92_/GATE_N
Warning: There are 2 unconstrained endpoints.
  Cout
  _92_/D
checks_report_end
power_report

===========================================================================
 report_power
============================================================================
======================= Typical Corner ===================================

Group                  Internal  Switching    Leakage      Total
                          Power      Power      Power      Power (Watts)
----------------------------------------------------------------
Sequential             8.11e-07   1.44e-06   8.12e-12   2.26e-06   9.3%
Combinational          1.09e-05   1.12e-05   1.59e-10   2.21e-05  90.7%
Macro                  0.00e+00   0.00e+00   0.00e+00   0.00e+00   0.0%
Pad                    0.00e+00   0.00e+00   0.00e+00   0.00e+00   0.0%
----------------------------------------------------------------
Total                  1.17e-05   1.26e-05   1.67e-10   2.43e-05 100.0%
                          48.0%      52.0%       0.0%

power_report_end
skew_report

===========================================================================
report_clock_skew
============================================================================
Clock clk
No launch/capture paths found.

skew_report_end
summary_report

===========================================================================
report_tns
============================================================================
tns 0.00

===========================================================================
report_wns
============================================================================
wns 0.00

===========================================================================
report_worst_slack -max (Setup)
============================================================================
worst slack 4.21

===========================================================================
report_worst_slack -min (Hold)
============================================================================
worst slack 4.02
summary_report_end
[WARNING] Did not save OpenROAD database!
Writing SDF to '/openlane/designs/4bit_alu/runs/RUN_2025.08.12_07.29.39/results/synthesis/alu.sdf'…
