
===========================================================================
report_checks -path_delay max (Setup)
============================================================================
======================= Typical Corner ===================================

Startpoint: A[1] (input port clocked by clk)
Endpoint: Y[3] (output port clocked by clk)
Path Group: clk
Path Type: max

Fanout     Cap    Slew   Delay    Time   Description
-----------------------------------------------------------------------------
                  0.15    0.00    0.00   clock clk (rise edge)
                          0.00    0.00   clock network delay (ideal)
                          2.00    2.00 ^ input external delay
                  0.08    0.06    2.06 ^ A[1] (in)
     4    0.02                           A[1] (net)
                  0.08    0.00    2.06 ^ _51_/B (sky130_fd_sc_hd__xor2_2)
                  0.31    0.30    2.36 ^ _51_/X (sky130_fd_sc_hd__xor2_2)
     5    0.02                           _08_ (net)
                  0.31    0.00    2.36 ^ _53_/A3 (sky130_fd_sc_hd__a31o_2)
                  0.09    0.25    2.61 ^ _53_/X (sky130_fd_sc_hd__a31o_2)
     3    0.01                           _10_ (net)
                  0.09    0.00    2.61 ^ _55_/A2 (sky130_fd_sc_hd__a21oi_2)
                  0.06    0.08    2.69 v _55_/Y (sky130_fd_sc_hd__a21oi_2)
     3    0.01                           _12_ (net)
                  0.06    0.00    2.69 v _87_/B (sky130_fd_sc_hd__or2_2)
                  0.05    0.28    2.97 v _87_/X (sky130_fd_sc_hd__or2_2)
     1    0.00                           _40_ (net)
                  0.05    0.00    2.97 v _90_/A2 (sky130_fd_sc_hd__a32o_2)
                  0.04    0.27    3.24 v _90_/X (sky130_fd_sc_hd__a32o_2)
     1    0.00                           _43_ (net)
                  0.04    0.00    3.24 v _91_/B1 (sky130_fd_sc_hd__a31o_2)
                  0.11    0.30    3.54 v _91_/X (sky130_fd_sc_hd__a31o_2)
     1    0.03                           Y[3] (net)
                  0.11    0.00    3.54 v Y[3] (out)
                                  3.54   data arrival time

                  0.15   10.00   10.00   clock clk (rise edge)
                          0.00   10.00   clock network delay (ideal)
                         -0.25    9.75   clock uncertainty
                          0.00    9.75   clock reconvergence pessimism
                         -2.00    7.75   output external delay
                                  7.75   data required time
-----------------------------------------------------------------------------
                                  7.75   data required time
                                 -3.54   data arrival time
-----------------------------------------------------------------------------
                                  4.21   slack (MET)


Startpoint: B[1] (input port clocked by clk)
Endpoint: Y[2] (output port clocked by clk)
Path Group: clk
Path Type: max

Fanout     Cap    Slew   Delay    Time   Description
-----------------------------------------------------------------------------
                  0.15    0.00    0.00   clock clk (rise edge)
                          0.00    0.00   clock network delay (ideal)
                          2.00    2.00 v input external delay
                  0.04    0.03    2.03 v B[1] (in)
     4    0.02                           B[1] (net)
                  0.04    0.00    2.03 v _51_/A (sky130_fd_sc_hd__xor2_2)
                  0.11    0.22    2.24 v _51_/X (sky130_fd_sc_hd__xor2_2)
     5    0.02                           _08_ (net)
                  0.11    0.00    2.24 v _53_/A3 (sky130_fd_sc_hd__a31o_2)
                  0.06    0.31    2.55 v _53_/X (sky130_fd_sc_hd__a31o_2)
     3    0.01                           _10_ (net)
                  0.06    0.00    2.55 v _82_/A (sky130_fd_sc_hd__or2b_2)
                  0.05    0.30    2.85 v _82_/X (sky130_fd_sc_hd__or2b_2)
     1    0.00                           _36_ (net)
                  0.05    0.00    2.85 v _84_/A3 (sky130_fd_sc_hd__a31o_2)
                  0.03    0.24    3.09 v _84_/X (sky130_fd_sc_hd__a31o_2)
     1    0.00                           _38_ (net)
                  0.03    0.00    3.09 v _85_/B1_N (sky130_fd_sc_hd__o21bai_2)
                  0.16    0.29    3.37 v _85_/Y (sky130_fd_sc_hd__o21bai_2)
     1    0.03                           Y[2] (net)
                  0.16    0.00    3.37 v Y[2] (out)
                                  3.37   data arrival time

                  0.15   10.00   10.00   clock clk (rise edge)
                          0.00   10.00   clock network delay (ideal)
                         -0.25    9.75   clock uncertainty
                          0.00    9.75   clock reconvergence pessimism
                         -2.00    7.75   output external delay
                                  7.75   data required time
-----------------------------------------------------------------------------
                                  7.75   data required time
                                 -3.37   data arrival time
-----------------------------------------------------------------------------
                                  4.38   slack (MET)


Startpoint: B[1] (input port clocked by clk)
Endpoint: Y[1] (output port clocked by clk)
Path Group: clk
Path Type: max

Fanout     Cap    Slew   Delay    Time   Description
-----------------------------------------------------------------------------
                  0.15    0.00    0.00   clock clk (rise edge)
                          0.00    0.00   clock network delay (ideal)
                          2.00    2.00 v input external delay
                  0.04    0.03    2.03 v B[1] (in)
     4    0.02                           B[1] (net)
                  0.04    0.00    2.03 v _51_/A (sky130_fd_sc_hd__xor2_2)
                  0.11    0.22    2.24 v _51_/X (sky130_fd_sc_hd__xor2_2)
     5    0.02                           _08_ (net)
                  0.11    0.00    2.24 v _71_/C (sky130_fd_sc_hd__and3_2)
                  0.03    0.23    2.48 v _71_/X (sky130_fd_sc_hd__and3_2)
     1    0.00                           _26_ (net)
                  0.03    0.00    2.48 v _74_/A (sky130_fd_sc_hd__or3b_2)
                  0.08    0.49    2.96 v _74_/X (sky130_fd_sc_hd__or3b_2)
     1    0.00                           _29_ (net)
                  0.08    0.00    2.96 v _79_/A (sky130_fd_sc_hd__nand2_2)
                  0.19    0.18    3.15 ^ _79_/Y (sky130_fd_sc_hd__nand2_2)
     1    0.03                           Y[1] (net)
                  0.19    0.00    3.15 ^ Y[1] (out)
                                  3.15   data arrival time

                  0.15   10.00   10.00   clock clk (rise edge)
                          0.00   10.00   clock network delay (ideal)
                         -0.25    9.75   clock uncertainty
                          0.00    9.75   clock reconvergence pessimism
                         -2.00    7.75   output external delay
                                  7.75   data required time
-----------------------------------------------------------------------------
                                  7.75   data required time
                                 -3.15   data arrival time
-----------------------------------------------------------------------------
                                  4.60   slack (MET)


Startpoint: sel[1] (input port clocked by clk)
Endpoint: Y[0] (output port clocked by clk)
Path Group: clk
Path Type: max

Fanout     Cap    Slew   Delay    Time   Description
-----------------------------------------------------------------------------
                  0.15    0.00    0.00   clock clk (rise edge)
                          0.00    0.00   clock network delay (ideal)
                          2.00    2.00 ^ input external delay
                  0.08    0.06    2.06 ^ sel[1] (in)
     5    0.02                           sel[1] (net)
                  0.08    0.00    2.06 ^ _47_/A (sky130_fd_sc_hd__inv_2)
                  0.05    0.07    2.12 v _47_/Y (sky130_fd_sc_hd__inv_2)
     5    0.02                           _04_ (net)
                  0.05    0.00    2.12 v _69_/B1 (sky130_fd_sc_hd__a211o_2)
                  0.05    0.31    2.43 v _69_/X (sky130_fd_sc_hd__a211o_2)
     1    0.00                           _25_ (net)
                  0.05    0.00    2.43 v _70_/C1 (sky130_fd_sc_hd__o211a_2)
                  0.11    0.19    2.63 v _70_/X (sky130_fd_sc_hd__o211a_2)
     1    0.03                           Y[0] (net)
                  0.11    0.00    2.63 v Y[0] (out)
                                  2.63   data arrival time

                  0.15   10.00   10.00   clock clk (rise edge)
                          0.00   10.00   clock network delay (ideal)
                         -0.25    9.75   clock uncertainty
                          0.00    9.75   clock reconvergence pessimism
                         -2.00    7.75   output external delay
                                  7.75   data required time
-----------------------------------------------------------------------------
                                  7.75   data required time
                                 -2.63   data arrival time
-----------------------------------------------------------------------------
                                  5.12   slack (MET)



